<?xml version="1.0" encoding="UTF-8"?>
<coverage generated="1530766996917" clover="3.2.0">
  <project timestamp="1530766996918" name="All files">
    <metrics statements="865" coveredstatements="111" conditionals="275" coveredconditionals="46" methods="185" coveredmethods="44" elements="1325" coveredelements="201" complexity="0" loc="865" ncloc="865" packages="9" files="54" classes="54">
      <package name="components">
        <metrics statements="316" coveredstatements="0" conditionals="108" coveredconditionals="0" methods="62" coveredmethods="0"/>
        <file name="Button.js" path="/Users/uigirl/ReactProjects/gitty-probot-test/src/components/Button.js">
          <metrics statements="29" coveredstatements="0" conditionals="37" coveredconditionals="0" methods="17" coveredmethods="0"/>
          <line num="1" count="0" type="stmt"/>
          <line num="2" count="0" type="stmt"/>
          <line num="3" count="0" type="stmt"/>
          <line num="4" count="0" type="stmt"/>
          <line num="6" count="0" type="stmt"/>
          <line num="12" count="0" type="stmt"/>
          <line num="29" count="0" type="cond" truecount="0" falsecount="2"/>
          <line num="30" count="0" type="cond" truecount="0" falsecount="2"/>
          <line num="45" count="0" type="cond" truecount="0" falsecount="2"/>
          <line num="46" count="0" type="cond" truecount="0" falsecount="2"/>
          <line num="48" count="0" type="cond" truecount="0" falsecount="2"/>
          <line num="49" count="0" type="cond" truecount="0" falsecount="2"/>
          <line num="50" count="0" type="cond" truecount="0" falsecount="2"/>
          <line num="54" count="0" type="cond" truecount="0" falsecount="2"/>
          <line num="61" count="0" type="cond" truecount="0" falsecount="2"/>
          <line num="68" count="0" type="cond" truecount="0" falsecount="3"/>
          <line num="79" count="0" type="cond" truecount="0" falsecount="2"/>
          <line num="86" count="0" type="cond" truecount="0" falsecount="3"/>
          <line num="97" count="0" type="cond" truecount="0" falsecount="2"/>
          <line num="104" count="0" type="cond" truecount="0" falsecount="3"/>
          <line num="111" count="0" type="cond" truecount="0" falsecount="2"/>
          <line num="121" count="0" type="cond" truecount="0" falsecount="2"/>
          <line num="132" count="0" type="stmt"/>
          <line num="134" count="0" type="stmt"/>
          <line num="135" count="0" type="cond" truecount="0" falsecount="2"/>
          <line num="136" count="0" type="stmt"/>
          <line num="142" count="0" type="stmt"/>
          <line num="149" count="0" type="stmt"/>
          <line num="154" count="0" type="stmt"/>
        </file>
        <file name="CTA.js" path="/Users/uigirl/ReactProjects/gitty-probot-test/src/components/CTA.js">
          <metrics statements="12" coveredstatements="0" conditionals="0" coveredconditionals="0" methods="1" coveredmethods="0"/>
          <line num="1" count="0" type="stmt"/>
          <line num="2" count="0" type="stmt"/>
          <line num="3" count="0" type="stmt"/>
          <line num="5" count="0" type="stmt"/>
          <line num="7" count="0" type="stmt"/>
          <line num="20" count="0" type="stmt"/>
          <line num="22" count="0" type="stmt"/>
          <line num="48" count="0" type="stmt"/>
          <line num="53" count="0" type="stmt"/>
          <line num="54" count="0" type="stmt"/>
          <line num="64" count="0" type="stmt"/>
          <line num="69" count="0" type="stmt"/>
        </file>
        <file name="Content.js" path="/Users/uigirl/ReactProjects/gitty-probot-test/src/components/Content.js">
          <metrics statements="7" coveredstatements="0" conditionals="0" coveredconditionals="0" methods="2" coveredmethods="0"/>
          <line num="1" count="0" type="stmt"/>
          <line num="2" count="0" type="stmt"/>
          <line num="4" count="0" type="stmt"/>
          <line num="8" count="0" type="stmt"/>
          <line num="12" count="0" type="stmt"/>
          <line num="17" count="0" type="stmt"/>
          <line num="21" count="0" type="stmt"/>
        </file>
        <file name="FAQ.js" path="/Users/uigirl/ReactProjects/gitty-probot-test/src/components/FAQ.js">
          <metrics statements="10" coveredstatements="0" conditionals="0" coveredconditionals="0" methods="1" coveredmethods="0"/>
          <line num="1" count="0" type="stmt"/>
          <line num="3" count="0" type="stmt"/>
          <line num="5" count="0" type="stmt"/>
          <line num="6" count="0" type="stmt"/>
          <line num="7" count="0" type="stmt"/>
          <line num="8" count="0" type="stmt"/>
          <line num="10" count="0" type="stmt"/>
          <line num="17" count="0" type="stmt"/>
          <line num="21" count="0" type="stmt"/>
          <line num="27" count="0" type="stmt"/>
        </file>
        <file name="Features.js" path="/Users/uigirl/ReactProjects/gitty-probot-test/src/components/Features.js">
          <metrics statements="5" coveredstatements="0" conditionals="0" coveredconditionals="0" methods="2" coveredmethods="0"/>
          <line num="1" count="0" type="stmt"/>
          <line num="2" count="0" type="stmt"/>
          <line num="4" count="0" type="stmt"/>
          <line num="6" count="0" type="stmt"/>
          <line num="19" count="0" type="stmt"/>
        </file>
        <file name="Footer.js" path="/Users/uigirl/ReactProjects/gitty-probot-test/src/components/Footer.js">
          <metrics statements="10" coveredstatements="0" conditionals="0" coveredconditionals="0" methods="1" coveredmethods="0"/>
          <line num="1" count="0" type="stmt"/>
          <line num="3" count="0" type="stmt"/>
          <line num="5" count="0" type="stmt"/>
          <line num="6" count="0" type="stmt"/>
          <line num="7" count="0" type="stmt"/>
          <line num="8" count="0" type="stmt"/>
          <line num="10" count="0" type="stmt"/>
          <line num="17" count="0" type="stmt"/>
          <line num="21" count="0" type="stmt"/>
          <line num="27" count="0" type="stmt"/>
        </file>
        <file name="Header.js" path="/Users/uigirl/ReactProjects/gitty-probot-test/src/components/Header.js">
          <metrics statements="33" coveredstatements="0" conditionals="6" coveredconditionals="0" methods="5" coveredmethods="0"/>
          <line num="1" count="0" type="stmt"/>
          <line num="2" count="0" type="stmt"/>
          <line num="4" count="0" type="stmt"/>
          <line num="5" count="0" type="stmt"/>
          <line num="7" count="0" type="stmt"/>
          <line num="9" count="0" type="stmt"/>
          <line num="10" count="0" type="stmt"/>
          <line num="11" count="0" type="stmt"/>
          <line num="12" count="0" type="stmt"/>
          <line num="13" count="0" type="stmt"/>
          <line num="15" count="0" type="stmt"/>
          <line num="21" count="0" type="stmt"/>
          <line num="28" count="0" type="cond" truecount="0" falsecount="2"/>
          <line num="35" count="0" type="cond" truecount="0" falsecount="2"/>
          <line num="43" count="0" type="stmt"/>
          <line num="49" count="0" type="cond" truecount="0" falsecount="2"/>
          <line num="60" count="0" type="stmt"/>
          <line num="67" count="0" type="stmt"/>
          <line num="75" count="0" type="stmt"/>
          <line num="79" count="0" type="stmt"/>
          <line num="89" count="0" type="stmt"/>
          <line num="95" count="0" type="stmt"/>
          <line num="97" count="0" type="stmt"/>
          <line num="104" count="0" type="stmt"/>
          <line num="109" count="0" type="stmt"/>
          <line num="114" count="0" type="stmt"/>
          <line num="126" count="0" type="stmt"/>
          <line num="127" count="0" type="stmt"/>
          <line num="137" count="0" type="stmt"/>
          <line num="138" count="0" type="stmt"/>
          <line num="139" count="0" type="stmt"/>
          <line num="219" count="0" type="stmt"/>
          <line num="227" count="0" type="stmt"/>
        </file>
        <file name="Hero.js" path="/Users/uigirl/ReactProjects/gitty-probot-test/src/components/Hero.js">
          <metrics statements="8" coveredstatements="0" conditionals="0" coveredconditionals="0" methods="1" coveredmethods="0"/>
          <line num="1" count="0" type="stmt"/>
          <line num="2" count="0" type="stmt"/>
          <line num="3" count="0" type="stmt"/>
          <line num="4" count="0" type="stmt"/>
          <line num="6" count="0" type="stmt"/>
          <line num="12" count="0" type="stmt"/>
          <line num="18" count="0" type="stmt"/>
          <line num="19" count="0" type="stmt"/>
        </file>
        <file name="Highlight.js" path="/Users/uigirl/ReactProjects/gitty-probot-test/src/components/Highlight.js">
          <metrics statements="14" coveredstatements="0" conditionals="0" coveredconditionals="0" methods="0" coveredmethods="0"/>
          <line num="1" count="0" type="stmt"/>
          <line num="2" count="0" type="stmt"/>
          <line num="3" count="0" type="stmt"/>
          <line num="4" count="0" type="stmt"/>
          <line num="5" count="0" type="stmt"/>
          <line num="7" count="0" type="stmt"/>
          <line num="9" count="0" type="stmt"/>
          <line num="13" count="0" type="stmt"/>
          <line num="17" count="0" type="stmt"/>
          <line num="21" count="0" type="stmt"/>
          <line num="22" count="0" type="stmt"/>
          <line num="26" count="0" type="stmt"/>
          <line num="28" count="0" type="stmt"/>
          <line num="32" count="0" type="stmt"/>
        </file>
        <file name="Icon.js" path="/Users/uigirl/ReactProjects/gitty-probot-test/src/components/Icon.js">
          <metrics statements="10" coveredstatements="0" conditionals="2" coveredconditionals="0" methods="2" coveredmethods="0"/>
          <line num="1" count="0" type="stmt"/>
          <line num="2" count="0" type="stmt"/>
          <line num="3" count="0" type="stmt"/>
          <line num="4" count="0" type="stmt"/>
          <line num="7" count="0" type="stmt"/>
          <line num="13" count="0" type="stmt"/>
          <line num="14" count="0" type="cond" truecount="0" falsecount="2"/>
          <line num="17" count="0" type="stmt"/>
          <line num="18" count="0" type="stmt"/>
          <line num="25" count="0" type="stmt"/>
        </file>
        <file name="IconCommit.js" path="/Users/uigirl/ReactProjects/gitty-probot-test/src/components/IconCommit.js">
          <metrics statements="6" coveredstatements="0" conditionals="0" coveredconditionals="0" methods="1" coveredmethods="0"/>
          <line num="1" count="0" type="stmt"/>
          <line num="2" count="0" type="stmt"/>
          <line num="3" count="0" type="stmt"/>
          <line num="5" count="0" type="stmt"/>
          <line num="14" count="0" type="stmt"/>
          <line num="15" count="0" type="stmt"/>
        </file>
        <file name="Link.js" path="/Users/uigirl/ReactProjects/gitty-probot-test/src/components/Link.js">
          <metrics statements="13" coveredstatements="0" conditionals="2" coveredconditionals="0" methods="1" coveredmethods="0"/>
          <line num="1" count="0" type="stmt"/>
          <line num="2" count="0" type="stmt"/>
          <line num="3" count="0" type="stmt"/>
          <line num="4" count="0" type="stmt"/>
          <line num="5" count="0" type="stmt"/>
          <line num="8" count="0" type="stmt"/>
          <line num="94" count="0" type="stmt"/>
          <line num="96" count="0" type="stmt"/>
          <line num="97" count="0" type="cond" truecount="0" falsecount="2"/>
          <line num="98" count="0" type="stmt"/>
          <line num="100" count="0" type="stmt"/>
          <line num="103" count="0" type="stmt"/>
          <line num="108" count="0" type="stmt"/>
        </file>
        <file name="Logo.js" path="/Users/uigirl/ReactProjects/gitty-probot-test/src/components/Logo.js">
          <metrics statements="25" coveredstatements="0" conditionals="0" coveredconditionals="0" methods="4" coveredmethods="0"/>
          <line num="1" count="0" type="stmt"/>
          <line num="2" count="0" type="stmt"/>
          <line num="3" count="0" type="stmt"/>
          <line num="4" count="0" type="stmt"/>
          <line num="6" count="0" type="stmt"/>
          <line num="7" count="0" type="stmt"/>
          <line num="8" count="0" type="stmt"/>
          <line num="9" count="0" type="stmt"/>
          <line num="10" count="0" type="stmt"/>
          <line num="11" count="0" type="stmt"/>
          <line num="12" count="0" type="stmt"/>
          <line num="13" count="0" type="stmt"/>
          <line num="14" count="0" type="stmt"/>
          <line num="15" count="0" type="stmt"/>
          <line num="17" count="0" type="stmt"/>
          <line num="20" count="0" type="stmt"/>
          <line num="32" count="0" type="stmt"/>
          <line num="38" count="0" type="stmt"/>
          <line num="45" count="0" type="stmt"/>
          <line num="51" count="0" type="stmt"/>
          <line num="52" count="0" type="stmt"/>
          <line num="85" count="0" type="stmt"/>
          <line num="86" count="0" type="stmt"/>
          <line num="93" count="0" type="stmt"/>
          <line num="99" count="0" type="stmt"/>
        </file>
        <file name="LogoTwitter.js" path="/Users/uigirl/ReactProjects/gitty-probot-test/src/components/LogoTwitter.js">
          <metrics statements="5" coveredstatements="0" conditionals="0" coveredconditionals="0" methods="1" coveredmethods="0"/>
          <line num="1" count="0" type="stmt"/>
          <line num="2" count="0" type="stmt"/>
          <line num="4" count="0" type="stmt"/>
          <line num="13" count="0" type="stmt"/>
          <line num="14" count="0" type="stmt"/>
        </file>
        <file name="Navbar.js" path="/Users/uigirl/ReactProjects/gitty-probot-test/src/components/Navbar.js">
          <metrics statements="5" coveredstatements="0" conditionals="0" coveredconditionals="0" methods="1" coveredmethods="0"/>
          <line num="1" count="0" type="stmt"/>
          <line num="2" count="0" type="stmt"/>
          <line num="4" count="0" type="stmt"/>
          <line num="5" count="0" type="stmt"/>
          <line num="7" count="0" type="stmt"/>
        </file>
        <file name="PageTransition.js" path="/Users/uigirl/ReactProjects/gitty-probot-test/src/components/PageTransition.js">
          <metrics statements="20" coveredstatements="0" conditionals="4" coveredconditionals="0" methods="4" coveredmethods="0"/>
          <line num="2" count="0" type="stmt"/>
          <line num="3" count="0" type="stmt"/>
          <line num="4" count="0" type="stmt"/>
          <line num="6" count="0" type="stmt"/>
          <line num="7" count="0" type="stmt"/>
          <line num="22" count="0" type="stmt"/>
          <line num="36" count="0" type="cond" truecount="0" falsecount="2"/>
          <line num="38" count="0" type="stmt"/>
          <line num="39" count="0" type="stmt"/>
          <line num="43" count="0" type="stmt"/>
          <line num="47" count="0" type="stmt"/>
          <line num="51" count="0" type="stmt"/>
          <line num="54" count="0" type="stmt"/>
          <line num="55" count="0" type="cond" truecount="0" falsecount="2"/>
          <line num="56" count="0" type="stmt"/>
          <line num="58" count="0" type="stmt"/>
          <line num="61" count="0" type="stmt"/>
          <line num="62" count="0" type="stmt"/>
          <line num="71" count="0" type="stmt"/>
          <line num="73" count="0" type="stmt"/>
        </file>
        <file name="Popper.js" path="/Users/uigirl/ReactProjects/gitty-probot-test/src/components/Popper.js">
          <metrics statements="19" coveredstatements="0" conditionals="16" coveredconditionals="0" methods="9" coveredmethods="0"/>
          <line num="3" count="0" type="stmt"/>
          <line num="4" count="0" type="stmt"/>
          <line num="5" count="0" type="stmt"/>
          <line num="6" count="0" type="stmt"/>
          <line num="7" count="0" type="stmt"/>
          <line num="9" count="0" type="stmt"/>
          <line num="11" count="0" type="cond" truecount="0" falsecount="2"/>
          <line num="14" count="0" type="cond" truecount="0" falsecount="4"/>
          <line num="17" count="0" type="stmt"/>
          <line num="19" count="0" type="stmt"/>
          <line num="40" count="0" type="stmt"/>
          <line num="43" count="0" type="stmt"/>
          <line num="44" count="0" type="cond" truecount="0" falsecount="2"/>
          <line num="46" count="0" type="cond" truecount="0" falsecount="2"/>
          <line num="54" count="0" type="cond" truecount="0" falsecount="2"/>
          <line num="66" count="0" type="stmt"/>
          <line num="73" count="0" type="stmt"/>
          <line num="79" count="0" type="stmt"/>
          <line num="84" count="0" type="stmt"/>
        </file>
        <file name="Subheading.js" path="/Users/uigirl/ReactProjects/gitty-probot-test/src/components/Subheading.js">
          <metrics statements="5" coveredstatements="0" conditionals="0" coveredconditionals="0" methods="1" coveredmethods="0"/>
          <line num="1" count="0" type="stmt"/>
          <line num="2" count="0" type="stmt"/>
          <line num="3" count="0" type="stmt"/>
          <line num="6" count="0" type="stmt"/>
          <line num="13" count="0" type="stmt"/>
        </file>
        <file name="WithTooltip.js" path="/Users/uigirl/ReactProjects/gitty-probot-test/src/components/WithTooltip.js">
          <metrics statements="80" coveredstatements="0" conditionals="41" coveredconditionals="0" methods="8" coveredmethods="0"/>
          <line num="1" count="0" type="stmt"/>
          <line num="2" count="0" type="stmt"/>
          <line num="6" count="0" type="stmt"/>
          <line num="7" count="0" type="stmt"/>
          <line num="9" count="0" type="stmt"/>
          <line num="13" count="0" type="stmt"/>
          <line num="15" count="0" type="cond" truecount="0" falsecount="2"/>
          <line num="18" count="0" type="stmt"/>
          <line num="19" count="0" type="cond" truecount="0" falsecount="2"/>
          <line num="23" count="0" type="stmt"/>
          <line num="24" count="0" type="cond" truecount="0" falsecount="3"/>
          <line num="30" count="0" type="cond" truecount="0" falsecount="2"/>
          <line num="32" count="0" type="stmt"/>
          <line num="33" count="0" type="stmt"/>
          <line num="34" count="0" type="stmt"/>
          <line num="35" count="0" type="stmt"/>
          <line num="36" count="0" type="stmt"/>
          <line num="39" count="0" type="stmt"/>
          <line num="40" count="0" type="stmt"/>
          <line num="41" count="0" type="stmt"/>
          <line num="45" count="0" type="cond" truecount="0" falsecount="2"/>
          <line num="48" count="0" type="stmt"/>
          <line num="50" count="0" type="stmt"/>
          <line num="56" count="0" type="stmt"/>
          <line num="61" count="0" type="stmt"/>
          <line num="62" count="0" type="stmt"/>
          <line num="63" count="0" type="stmt"/>
          <line num="64" count="0" type="cond" truecount="0" falsecount="2"/>
          <line num="65" count="0" type="stmt"/>
          <line num="66" count="0" type="stmt"/>
          <line num="70" count="0" type="stmt"/>
          <line num="74" count="0" type="stmt"/>
          <line num="78" count="0" type="stmt"/>
          <line num="79" count="0" type="stmt"/>
          <line num="80" count="0" type="stmt"/>
          <line num="81" count="0" type="stmt"/>
          <line num="82" count="0" type="stmt"/>
          <line num="86" count="0" type="cond" truecount="0" falsecount="2"/>
          <line num="87" count="0" type="stmt"/>
          <line num="92" count="0" type="cond" truecount="0" falsecount="2"/>
          <line num="93" count="0" type="stmt"/>
          <line num="95" count="0" type="stmt"/>
          <line num="100" count="0" type="cond" truecount="0" falsecount="2"/>
          <line num="104" count="0" type="stmt"/>
          <line num="109" count="0" type="cond" truecount="0" falsecount="2"/>
          <line num="110" count="0" type="stmt"/>
          <line num="113" count="0" type="cond" truecount="0" falsecount="2"/>
          <line num="114" count="0" type="stmt"/>
          <line num="116" count="0" type="stmt"/>
          <line num="121" count="0" type="cond" truecount="0" falsecount="2"/>
          <line num="122" count="0" type="stmt"/>
          <line num="127" count="0" type="stmt"/>
          <line num="128" count="0" type="stmt"/>
          <line num="137" count="0" type="stmt"/>
          <line num="138" count="0" type="cond" truecount="0" falsecount="2"/>
          <line num="139" count="0" type="stmt"/>
          <line num="141" count="0" type="stmt"/>
          <line num="146" count="0" type="stmt"/>
          <line num="147" count="0" type="cond" truecount="0" falsecount="2"/>
          <line num="148" count="0" type="stmt"/>
          <line num="152" count="0" type="stmt"/>
          <line num="156" count="0" type="cond" truecount="0" falsecount="2"/>
          <line num="157" count="0" type="stmt"/>
          <line num="164" count="0" type="stmt"/>
          <line num="167" count="0" type="stmt"/>
          <line num="178" count="0" type="stmt"/>
          <line num="179" count="0" type="stmt"/>
          <line num="181" count="0" type="cond" truecount="0" falsecount="2"/>
          <line num="183" count="0" type="stmt"/>
          <line num="185" count="0" type="cond" truecount="0" falsecount="2"/>
          <line num="189" count="0" type="stmt"/>
          <line num="203" count="0" type="stmt"/>
          <line num="205" count="0" type="stmt"/>
          <line num="209" count="0" type="stmt"/>
          <line num="218" count="0" type="stmt"/>
          <line num="220" count="0" type="cond" truecount="0" falsecount="2"/>
          <line num="221" count="0" type="stmt"/>
          <line num="225" count="0" type="stmt"/>
          <line num="235" count="0" type="stmt"/>
          <line num="246" count="0" type="stmt"/>
        </file>
      </package>
      <package name="components.grid">
        <metrics statements="79" coveredstatements="73" conditionals="50" coveredconditionals="32" methods="40" coveredmethods="35"/>
        <file name="Col.js" path="/Users/uigirl/ReactProjects/gitty-probot-test/src/components/grid/Col.js">
          <metrics statements="20" coveredstatements="17" conditionals="6" coveredconditionals="1" methods="13" coveredmethods="10"/>
          <line num="7" count="4" type="stmt"/>
          <line num="9" count="20" type="stmt"/>
          <line num="10" count="4" type="stmt"/>
          <line num="12" count="20" type="stmt"/>
          <line num="14" count="20" type="stmt"/>
          <line num="15" count="20" type="stmt"/>
          <line num="18" count="4" type="stmt"/>
          <line num="21" count="1" type="stmt"/>
          <line num="22" count="1" type="stmt"/>
          <line num="26" count="1" type="cond" truecount="1" falsecount="1"/>
          <line num="31" count="1" type="stmt"/>
          <line num="33" count="1" type="stmt"/>
          <line num="35" count="0" type="stmt"/>
          <line num="39" count="0" type="stmt"/>
          <line num="63" count="1" type="stmt"/>
          <line num="65" count="1" type="stmt"/>
          <line num="68" count="0" type="stmt"/>
          <line num="73" count="1" type="stmt"/>
          <line num="79" count="4" type="stmt"/>
          <line num="82" count="4" type="stmt"/>
        </file>
        <file name="Container.js" path="/Users/uigirl/ReactProjects/gitty-probot-test/src/components/grid/Container.js">
          <metrics statements="10" coveredstatements="8" conditionals="6" coveredconditionals="5" methods="6" coveredmethods="4"/>
          <line num="8" count="4" type="stmt"/>
          <line num="14" count="6" type="cond" truecount="1" falsecount="1"/>
          <line num="16" count="0" type="stmt"/>
          <line num="17" count="0" type="stmt"/>
          <line num="19" count="6" type="cond" truecount="2" falsecount="0"/>
          <line num="23" count="30" type="cond" truecount="2" falsecount="0"/>
          <line num="25" count="18" type="stmt"/>
          <line num="31" count="4" type="stmt"/>
          <line num="34" count="4" type="stmt"/>
          <line num="39" count="4" type="stmt"/>
        </file>
        <file name="Flex.js" path="/Users/uigirl/ReactProjects/gitty-probot-test/src/components/grid/Flex.js">
          <metrics statements="2" coveredstatements="2" conditionals="0" coveredconditionals="0" methods="0" coveredmethods="0"/>
          <line num="10" count="4" type="stmt"/>
          <line num="12" count="4" type="stmt"/>
        </file>
        <file name="Row.js" path="/Users/uigirl/ReactProjects/gitty-probot-test/src/components/grid/Row.js">
          <metrics statements="18" coveredstatements="18" conditionals="22" coveredconditionals="11" methods="14" coveredmethods="14"/>
          <line num="7" count="4" type="stmt"/>
          <line num="9" count="4" type="stmt"/>
          <line num="16" count="1" type="stmt"/>
          <line num="17" count="1" type="stmt"/>
          <line num="19" count="1" type="cond" truecount="1" falsecount="1"/>
          <line num="24" count="1" type="cond" truecount="1" falsecount="1"/>
          <line num="30" count="1" type="cond" truecount="1" falsecount="1"/>
          <line num="36" count="1" type="cond" truecount="1" falsecount="1"/>
          <line num="42" count="1" type="cond" truecount="1" falsecount="1"/>
          <line num="47" count="1" type="cond" truecount="1" falsecount="1"/>
          <line num="52" count="1" type="cond" truecount="1" falsecount="1"/>
          <line num="57" count="1" type="cond" truecount="1" falsecount="1"/>
          <line num="62" count="1" type="cond" truecount="1" falsecount="1"/>
          <line num="67" count="1" type="cond" truecount="1" falsecount="1"/>
          <line num="72" count="1" type="cond" truecount="1" falsecount="1"/>
          <line num="76" count="1" type="stmt"/>
          <line num="82" count="4" type="stmt"/>
          <line num="85" count="4" type="stmt"/>
        </file>
        <file name="Scrollable.js" path="/Users/uigirl/ReactProjects/gitty-probot-test/src/components/grid/Scrollable.js">
          <metrics statements="2" coveredstatements="2" conditionals="0" coveredconditionals="0" methods="0" coveredmethods="0"/>
          <line num="4" count="4" type="stmt"/>
          <line num="12" count="4" type="stmt"/>
        </file>
        <file name="gridConfig.js" path="/Users/uigirl/ReactProjects/gitty-probot-test/src/components/grid/gridConfig.js">
          <metrics statements="27" coveredstatements="26" conditionals="16" coveredconditionals="15" methods="7" coveredmethods="7"/>
          <line num="4" count="5" type="stmt"/>
          <line num="5" count="5" type="stmt"/>
          <line num="7" count="5" type="stmt"/>
          <line num="23" count="5" type="stmt"/>
          <line num="35" count="5" type="stmt"/>
          <line num="36" count="5" type="stmt"/>
          <line num="37" count="72" type="cond" truecount="3" falsecount="0"/>
          <line num="38" count="5" type="stmt"/>
          <line num="39" count="72" type="cond" truecount="3" falsecount="0"/>
          <line num="41" count="5" type="stmt"/>
          <line num="42" count="72" type="cond" truecount="3" falsecount="0"/>
          <line num="44" count="72" type="cond" truecount="3" falsecount="0"/>
          <line num="46" count="72" type="stmt"/>
          <line num="63" count="72" type="stmt"/>
          <line num="64" count="360" type="stmt"/>
          <line num="66" count="360" type="stmt"/>
          <line num="71" count="360" type="stmt"/>
          <line num="74" count="72" type="stmt"/>
          <line num="77" count="5" type="stmt"/>
          <line num="80" count="72" type="stmt"/>
          <line num="85" count="72" type="cond" truecount="1" falsecount="1"/>
          <line num="86" count="0" type="stmt"/>
          <line num="89" count="72" type="stmt"/>
          <line num="91" count="72" type="stmt"/>
          <line num="92" count="72" type="stmt"/>
          <line num="94" count="72" type="stmt"/>
          <line num="98" count="360" type="stmt"/>
        </file>
        <file name="index.js" path="/Users/uigirl/ReactProjects/gitty-probot-test/src/components/grid/index.js">
          <metrics statements="0" coveredstatements="0" conditionals="0" coveredconditionals="0" methods="0" coveredmethods="0"/>
        </file>
      </package>
      <package name="components.shared">
        <metrics statements="26" coveredstatements="0" conditionals="2" coveredconditionals="0" methods="1" coveredmethods="0"/>
        <file name="icons.js" path="/Users/uigirl/ReactProjects/gitty-probot-test/src/components/shared/icons.js">
          <metrics statements="1" coveredstatements="0" conditionals="0" coveredconditionals="0" methods="0" coveredmethods="0"/>
          <line num="3" count="0" type="stmt"/>
        </file>
        <file name="index.js" path="/Users/uigirl/ReactProjects/gitty-probot-test/src/components/shared/index.js">
          <metrics statements="16" coveredstatements="0" conditionals="2" coveredconditionals="0" methods="1" coveredmethods="0"/>
          <line num="4" count="0" type="stmt"/>
          <line num="5" count="0" type="stmt"/>
          <line num="6" count="0" type="stmt"/>
          <line num="7" count="0" type="stmt"/>
          <line num="8" count="0" type="stmt"/>
          <line num="14" count="0" type="stmt"/>
          <line num="15" count="0" type="stmt"/>
          <line num="16" count="0" type="stmt"/>
          <line num="17" count="0" type="stmt"/>
          <line num="18" count="0" type="stmt"/>
          <line num="19" count="0" type="stmt"/>
          <line num="22" count="0" type="stmt"/>
          <line num="23" count="0" type="stmt"/>
          <line num="24" count="0" type="stmt"/>
          <line num="27" count="0" type="stmt"/>
          <line num="29" count="0" type="cond" truecount="0" falsecount="2"/>
        </file>
        <file name="styles.js" path="/Users/uigirl/ReactProjects/gitty-probot-test/src/components/shared/styles.js">
          <metrics statements="9" coveredstatements="0" conditionals="0" coveredconditionals="0" methods="0" coveredmethods="0"/>
          <line num="3" count="0" type="stmt"/>
          <line num="4" count="0" type="stmt"/>
          <line num="10" count="0" type="stmt"/>
          <line num="33" count="0" type="stmt"/>
          <line num="45" count="0" type="stmt"/>
          <line num="70" count="0" type="stmt"/>
          <line num="71" count="0" type="stmt"/>
          <line num="73" count="0" type="stmt"/>
          <line num="89" count="0" type="stmt"/>
        </file>
      </package>
      <package name="components.shared.helpers">
        <metrics statements="78" coveredstatements="25" conditionals="53" coveredconditionals="8" methods="13" coveredmethods="2"/>
        <file name="shade-color.js" path="/Users/uigirl/ReactProjects/gitty-probot-test/src/components/shared/helpers/shade-color.js">
          <metrics statements="41" coveredstatements="0" conditionals="33" coveredconditionals="0" methods="4" coveredmethods="0"/>
          <line num="4" count="0" type="stmt"/>
          <line num="6" count="0" type="cond" truecount="0" falsecount="4"/>
          <line num="7" count="0" type="stmt"/>
          <line num="8" count="0" type="stmt"/>
          <line num="9" count="0" type="stmt"/>
          <line num="10" count="0" type="stmt"/>
          <line num="11" count="0" type="stmt"/>
          <line num="12" count="0" type="stmt"/>
          <line num="13" count="0" type="stmt"/>
          <line num="15" count="0" type="stmt"/>
          <line num="16" count="0" type="stmt"/>
          <line num="17" count="0" type="cond" truecount="0" falsecount="4"/>
          <line num="18" count="0" type="cond" truecount="0" falsecount="2"/>
          <line num="20" count="0" type="cond" truecount="0" falsecount="2"/>
          <line num="22" count="0" type="cond" truecount="0" falsecount="2"/>
          <line num="23" count="0" type="stmt"/>
          <line num="24" count="0" type="cond" truecount="0" falsecount="2"/>
          <line num="25" count="0" type="stmt"/>
          <line num="27" count="0" type="stmt"/>
          <line num="30" count="0" type="stmt"/>
          <line num="31" count="0" type="stmt"/>
          <line num="32" count="0" type="cond" truecount="0" falsecount="2"/>
          <line num="33" count="0" type="stmt"/>
          <line num="34" count="0" type="cond" truecount="0" falsecount="2"/>
          <line num="35" count="0" type="stmt"/>
          <line num="37" count="0" type="stmt"/>
          <line num="39" count="0" type="cond" truecount="0" falsecount="2"/>
          <line num="40" count="0" type="stmt"/>
          <line num="42" count="0" type="cond" truecount="0" falsecount="5"/>
          <line num="43" count="0" type="stmt"/>
          <line num="45" count="0" type="cond" truecount="0" falsecount="2"/>
          <line num="46" count="0" type="stmt"/>
          <line num="48" count="0" type="stmt"/>
          <line num="51" count="0" type="stmt"/>
          <line num="52" count="0" type="cond" truecount="0" falsecount="2"/>
          <line num="53" count="0" type="stmt"/>
          <line num="55" count="0" type="stmt"/>
          <line num="58" count="0" type="stmt"/>
          <line num="59" count="0" type="stmt"/>
          <line num="60" count="0" type="cond" truecount="0" falsecount="2"/>
          <line num="62" count="0" type="stmt"/>
        </file>
        <file name="toc-entries.js" path="/Users/uigirl/ReactProjects/gitty-probot-test/src/components/shared/helpers/toc-entries.js">
          <metrics statements="8" coveredstatements="0" conditionals="4" coveredconditionals="0" methods="4" coveredmethods="0"/>
          <line num="4" count="0" type="stmt"/>
          <line num="5" count="0" type="stmt"/>
          <line num="6" count="0" type="stmt"/>
          <line num="7" count="0" type="stmt"/>
          <line num="9" count="0" type="cond" truecount="0" falsecount="2"/>
          <line num="10" count="0" type="stmt"/>
          <line num="14" count="0" type="stmt"/>
          <line num="16" count="0" type="cond" truecount="0" falsecount="2"/>
        </file>
        <file name="warning.js" path="/Users/uigirl/ReactProjects/gitty-probot-test/src/components/shared/helpers/warning.js">
          <metrics statements="29" coveredstatements="25" conditionals="16" coveredconditionals="8" methods="5" coveredmethods="2"/>
          <line num="3" count="1" type="stmt"/>
          <line num="5" count="1" type="stmt"/>
          <line num="7" count="1" type="cond" truecount="1" falsecount="1"/>
          <line num="8" count="1" type="stmt"/>
          <line num="9" count="1" type="stmt"/>
          <line num="11" count="1" type="cond" truecount="1" falsecount="1"/>
          <line num="12" count="1" type="stmt"/>
          <line num="14" count="5" type="stmt"/>
          <line num="16" count="1" type="stmt"/>
          <line num="17" count="1" type="stmt"/>
          <line num="18" count="0" type="stmt"/>
          <line num="20" count="1" type="cond" truecount="1" falsecount="1"/>
          <line num="22" count="1" type="stmt"/>
          <line num="24" count="1" type="stmt"/>
          <line num="28" count="1" type="stmt"/>
          <line num="32" count="1" type="stmt"/>
          <line num="33" count="4" type="stmt"/>
          <line num="35" count="4" type="cond" truecount="1" falsecount="1"/>
          <line num="36" count="4" type="stmt"/>
          <line num="38" count="20" type="stmt"/>
          <line num="40" count="4" type="cond" truecount="2" falsecount="0"/>
          <line num="41" count="2" type="stmt"/>
          <line num="46" count="2" type="cond" truecount="2" falsecount="0"/>
          <line num="48" count="1" type="stmt"/>
          <line num="53" count="1" type="stmt"/>
          <line num="55" count="1" type="stmt"/>
          <line num="57" count="0" type="cond" truecount="0" falsecount="4"/>
          <line num="58" count="0" type="stmt"/>
          <line num="59" count="0" type="stmt"/>
        </file>
      </package>
      <package name="components.shared.mixins">
        <metrics statements="17" coveredstatements="11" conditionals="16" coveredconditionals="6" methods="8" coveredmethods="6"/>
        <file name="block.js" path="/Users/uigirl/ReactProjects/gitty-probot-test/src/components/shared/mixins/block.js">
          <metrics statements="6" coveredstatements="0" conditionals="10" coveredconditionals="0" methods="2" coveredmethods="0"/>
          <line num="3" count="0" type="stmt"/>
          <line num="8" count="0" type="cond" truecount="0" falsecount="4"/>
          <line num="9" count="0" type="cond" truecount="0" falsecount="4"/>
          <line num="10" count="0" type="cond" truecount="0" falsecount="2"/>
          <line num="11" count="0" type="stmt"/>
          <line num="16" count="0" type="stmt"/>
        </file>
        <file name="clearFix.js" path="/Users/uigirl/ReactProjects/gitty-probot-test/src/components/shared/mixins/clearFix.js">
          <metrics statements="3" coveredstatements="3" conditionals="1" coveredconditionals="1" methods="1" coveredmethods="1"/>
          <line num="27" count="2" type="stmt"/>
          <line num="28" count="2" type="stmt"/>
          <line num="29" count="2" type="stmt"/>
        </file>
        <file name="hideText.js" path="/Users/uigirl/ReactProjects/gitty-probot-test/src/components/shared/mixins/hideText.js">
          <metrics statements="1" coveredstatements="1" conditionals="0" coveredconditionals="0" methods="1" coveredmethods="1"/>
          <line num="30" count="2" type="stmt"/>
        </file>
        <file name="hideVisually.js" path="/Users/uigirl/ReactProjects/gitty-probot-test/src/components/shared/mixins/hideVisually.js">
          <metrics statements="1" coveredstatements="1" conditionals="0" coveredconditionals="0" methods="1" coveredmethods="1"/>
          <line num="35" count="1" type="stmt"/>
        </file>
        <file name="rem.js" path="/Users/uigirl/ReactProjects/gitty-probot-test/src/components/shared/mixins/rem.js">
          <metrics statements="3" coveredstatements="3" conditionals="1" coveredconditionals="1" methods="1" coveredmethods="1"/>
          <line num="27" count="1" type="cond" truecount="1" falsecount="0"/>
          <line num="28" count="1" type="stmt"/>
          <line num="29" count="1" type="stmt"/>
        </file>
        <file name="truncate.js" path="/Users/uigirl/ReactProjects/gitty-probot-test/src/components/shared/mixins/truncate.js">
          <metrics statements="1" coveredstatements="1" conditionals="1" coveredconditionals="1" methods="1" coveredmethods="1"/>
          <line num="31" count="3" type="stmt"/>
        </file>
        <file name="wordWrap.js" path="/Users/uigirl/ReactProjects/gitty-probot-test/src/components/shared/mixins/wordWrap.js">
          <metrics statements="2" coveredstatements="2" conditionals="3" coveredconditionals="3" methods="1" coveredmethods="1"/>
          <line num="27" count="2" type="cond" truecount="2" falsecount="0"/>
          <line num="28" count="2" type="stmt"/>
        </file>
      </package>
      <package name="components.shared.theme">
        <metrics statements="253" coveredstatements="0" conditionals="32" coveredconditionals="0" methods="50" coveredmethods="0"/>
        <file name="theme-animations.js" path="/Users/uigirl/ReactProjects/gitty-probot-test/src/components/shared/theme/theme-animations.js">
          <metrics statements="17" coveredstatements="0" conditionals="16" coveredconditionals="0" methods="14" coveredmethods="0"/>
          <line num="2" count="0" type="stmt"/>
          <line num="3" count="0" type="stmt"/>
          <line num="4" count="0" type="stmt"/>
          <line num="38" count="0" type="cond" truecount="0" falsecount="4"/>
          <line num="43" count="0" type="cond" truecount="0" falsecount="4"/>
          <line num="48" count="0" type="cond" truecount="0" falsecount="4"/>
          <line num="72" count="0" type="stmt"/>
          <line num="81" count="0" type="stmt"/>
          <line num="93" count="0" type="stmt"/>
          <line num="101" count="0" type="stmt"/>
          <line num="113" count="0" type="stmt"/>
          <line num="131" count="0" type="stmt"/>
          <line num="143" count="0" type="stmt"/>
          <line num="161" count="0" type="stmt"/>
          <line num="172" count="0" type="stmt"/>
          <line num="178" count="0" type="cond" truecount="0" falsecount="4"/>
          <line num="194" count="0" type="stmt"/>
        </file>
        <file name="theme-colors.js" path="/Users/uigirl/ReactProjects/gitty-probot-test/src/components/shared/theme/theme-colors.js">
          <metrics statements="116" coveredstatements="0" conditionals="0" coveredconditionals="0" methods="0" coveredmethods="0"/>
          <line num="4" count="0" type="stmt"/>
          <line num="5" count="0" type="stmt"/>
          <line num="6" count="0" type="stmt"/>
          <line num="7" count="0" type="stmt"/>
          <line num="8" count="0" type="stmt"/>
          <line num="9" count="0" type="stmt"/>
          <line num="10" count="0" type="stmt"/>
          <line num="13" count="0" type="stmt"/>
          <line num="14" count="0" type="stmt"/>
          <line num="15" count="0" type="stmt"/>
          <line num="16" count="0" type="stmt"/>
          <line num="17" count="0" type="stmt"/>
          <line num="18" count="0" type="stmt"/>
          <line num="19" count="0" type="stmt"/>
          <line num="22" count="0" type="stmt"/>
          <line num="23" count="0" type="stmt"/>
          <line num="24" count="0" type="stmt"/>
          <line num="25" count="0" type="stmt"/>
          <line num="26" count="0" type="stmt"/>
          <line num="27" count="0" type="stmt"/>
          <line num="28" count="0" type="stmt"/>
          <line num="31" count="0" type="stmt"/>
          <line num="32" count="0" type="stmt"/>
          <line num="33" count="0" type="stmt"/>
          <line num="34" count="0" type="stmt"/>
          <line num="35" count="0" type="stmt"/>
          <line num="36" count="0" type="stmt"/>
          <line num="37" count="0" type="stmt"/>
          <line num="40" count="0" type="stmt"/>
          <line num="41" count="0" type="stmt"/>
          <line num="42" count="0" type="stmt"/>
          <line num="43" count="0" type="stmt"/>
          <line num="44" count="0" type="stmt"/>
          <line num="45" count="0" type="stmt"/>
          <line num="46" count="0" type="stmt"/>
          <line num="49" count="0" type="stmt"/>
          <line num="50" count="0" type="stmt"/>
          <line num="51" count="0" type="stmt"/>
          <line num="52" count="0" type="stmt"/>
          <line num="53" count="0" type="stmt"/>
          <line num="54" count="0" type="stmt"/>
          <line num="55" count="0" type="stmt"/>
          <line num="58" count="0" type="stmt"/>
          <line num="59" count="0" type="stmt"/>
          <line num="60" count="0" type="stmt"/>
          <line num="61" count="0" type="stmt"/>
          <line num="62" count="0" type="stmt"/>
          <line num="63" count="0" type="stmt"/>
          <line num="64" count="0" type="stmt"/>
          <line num="65" count="0" type="stmt"/>
          <line num="66" count="0" type="stmt"/>
          <line num="67" count="0" type="stmt"/>
          <line num="68" count="0" type="stmt"/>
          <line num="69" count="0" type="stmt"/>
          <line num="70" count="0" type="stmt"/>
          <line num="71" count="0" type="stmt"/>
          <line num="72" count="0" type="stmt"/>
          <line num="73" count="0" type="stmt"/>
          <line num="74" count="0" type="stmt"/>
          <line num="75" count="0" type="stmt"/>
          <line num="78" count="0" type="stmt"/>
          <line num="81" count="0" type="stmt"/>
          <line num="82" count="0" type="stmt"/>
          <line num="83" count="0" type="stmt"/>
          <line num="84" count="0" type="stmt"/>
          <line num="85" count="0" type="stmt"/>
          <line num="86" count="0" type="stmt"/>
          <line num="87" count="0" type="stmt"/>
          <line num="88" count="0" type="stmt"/>
          <line num="89" count="0" type="stmt"/>
          <line num="90" count="0" type="stmt"/>
          <line num="91" count="0" type="stmt"/>
          <line num="92" count="0" type="stmt"/>
          <line num="93" count="0" type="stmt"/>
          <line num="94" count="0" type="stmt"/>
          <line num="95" count="0" type="stmt"/>
          <line num="96" count="0" type="stmt"/>
          <line num="97" count="0" type="stmt"/>
          <line num="100" count="0" type="stmt"/>
          <line num="101" count="0" type="stmt"/>
          <line num="102" count="0" type="stmt"/>
          <line num="103" count="0" type="stmt"/>
          <line num="104" count="0" type="stmt"/>
          <line num="105" count="0" type="stmt"/>
          <line num="106" count="0" type="stmt"/>
          <line num="107" count="0" type="stmt"/>
          <line num="108" count="0" type="stmt"/>
          <line num="109" count="0" type="stmt"/>
          <line num="110" count="0" type="stmt"/>
          <line num="111" count="0" type="stmt"/>
          <line num="112" count="0" type="stmt"/>
          <line num="113" count="0" type="stmt"/>
          <line num="114" count="0" type="stmt"/>
          <line num="115" count="0" type="stmt"/>
          <line num="116" count="0" type="stmt"/>
          <line num="117" count="0" type="stmt"/>
          <line num="120" count="0" type="stmt"/>
          <line num="123" count="0" type="stmt"/>
          <line num="124" count="0" type="stmt"/>
          <line num="125" count="0" type="stmt"/>
          <line num="126" count="0" type="stmt"/>
          <line num="127" count="0" type="stmt"/>
          <line num="128" count="0" type="stmt"/>
          <line num="129" count="0" type="stmt"/>
          <line num="130" count="0" type="stmt"/>
          <line num="131" count="0" type="stmt"/>
          <line num="132" count="0" type="stmt"/>
          <line num="133" count="0" type="stmt"/>
          <line num="134" count="0" type="stmt"/>
          <line num="135" count="0" type="stmt"/>
          <line num="136" count="0" type="stmt"/>
          <line num="137" count="0" type="stmt"/>
          <line num="138" count="0" type="stmt"/>
          <line num="139" count="0" type="stmt"/>
          <line num="141" count="0" type="stmt"/>
          <line num="143" count="0" type="stmt"/>
        </file>
        <file name="theme-global-styles.js" path="/Users/uigirl/ReactProjects/gitty-probot-test/src/components/shared/theme/theme-global-styles.js">
          <metrics statements="5" coveredstatements="0" conditionals="0" coveredconditionals="0" methods="1" coveredmethods="0"/>
          <line num="2" count="0" type="stmt"/>
          <line num="3" count="0" type="stmt"/>
          <line num="5" count="0" type="stmt"/>
          <line num="186" count="0" type="stmt"/>
          <line num="188" count="0" type="stmt"/>
        </file>
        <file name="theme-helper-classes.js" path="/Users/uigirl/ReactProjects/gitty-probot-test/src/components/shared/theme/theme-helper-classes.js">
          <metrics statements="2" coveredstatements="0" conditionals="0" coveredconditionals="0" methods="1" coveredmethods="0"/>
          <line num="2" count="0" type="stmt"/>
          <line num="5" count="0" type="stmt"/>
        </file>
        <file name="theme-keyframes.js" path="/Users/uigirl/ReactProjects/gitty-probot-test/src/components/shared/theme/theme-keyframes.js">
          <metrics statements="37" coveredstatements="0" conditionals="0" coveredconditionals="0" methods="2" coveredmethods="0"/>
          <line num="3" count="0" type="stmt"/>
          <line num="5" count="0" type="stmt"/>
          <line num="16" count="0" type="stmt"/>
          <line num="26" count="0" type="stmt"/>
          <line num="36" count="0" type="stmt"/>
          <line num="48" count="0" type="stmt"/>
          <line num="54" count="0" type="stmt"/>
          <line num="66" count="0" type="stmt"/>
          <line num="78" count="0" type="stmt"/>
          <line num="91" count="0" type="stmt"/>
          <line num="104" count="0" type="stmt"/>
          <line num="117" count="0" type="stmt"/>
          <line num="130" count="0" type="stmt"/>
          <line num="143" count="0" type="stmt"/>
          <line num="156" count="0" type="stmt"/>
          <line num="169" count="0" type="stmt"/>
          <line num="182" count="0" type="stmt"/>
          <line num="195" count="0" type="stmt"/>
          <line num="208" count="0" type="stmt"/>
          <line num="221" count="0" type="stmt"/>
          <line num="234" count="0" type="stmt"/>
          <line num="247" count="0" type="stmt"/>
          <line num="260" count="0" type="stmt"/>
          <line num="273" count="0" type="stmt"/>
          <line num="286" count="0" type="stmt"/>
          <line num="305" count="0" type="stmt"/>
          <line num="316" count="0" type="stmt"/>
          <line num="326" count="0" type="stmt"/>
          <line num="336" count="0" type="stmt"/>
          <line num="346" count="0" type="stmt"/>
          <line num="358" count="0" type="stmt"/>
          <line num="370" count="0" type="stmt"/>
          <line num="382" count="0" type="stmt"/>
          <line num="394" count="0" type="stmt"/>
          <line num="406" count="0" type="stmt"/>
          <line num="418" count="0" type="stmt"/>
          <line num="430" count="0" type="stmt"/>
        </file>
        <file name="theme-reset.js" path="/Users/uigirl/ReactProjects/gitty-probot-test/src/components/shared/theme/theme-reset.js">
          <metrics statements="2" coveredstatements="0" conditionals="0" coveredconditionals="0" methods="1" coveredmethods="0"/>
          <line num="2" count="0" type="stmt"/>
          <line num="23" count="0" type="stmt"/>
        </file>
        <file name="theme-transitions.js" path="/Users/uigirl/ReactProjects/gitty-probot-test/src/components/shared/theme/theme-transitions.js">
          <metrics statements="1" coveredstatements="0" conditionals="0" coveredconditionals="0" methods="0" coveredmethods="0"/>
          <line num="3" count="0" type="stmt"/>
        </file>
        <file name="theme-typography.js" path="/Users/uigirl/ReactProjects/gitty-probot-test/src/components/shared/theme/theme-typography.js">
          <metrics statements="33" coveredstatements="0" conditionals="0" coveredconditionals="0" methods="25" coveredmethods="0"/>
          <line num="2" count="0" type="stmt"/>
          <line num="3" count="0" type="stmt"/>
          <line num="4" count="0" type="stmt"/>
          <line num="6" count="0" type="stmt"/>
          <line num="8" count="0" type="stmt"/>
          <line num="10" count="0" type="stmt"/>
          <line num="12" count="0" type="stmt"/>
          <line num="21" count="0" type="stmt"/>
          <line num="22" count="0" type="stmt"/>
          <line num="23" count="0" type="stmt"/>
          <line num="24" count="0" type="stmt"/>
          <line num="25" count="0" type="stmt"/>
          <line num="26" count="0" type="stmt"/>
          <line num="28" count="0" type="stmt"/>
          <line num="29" count="0" type="stmt"/>
          <line num="30" count="0" type="stmt"/>
          <line num="31" count="0" type="stmt"/>
          <line num="32" count="0" type="stmt"/>
          <line num="33" count="0" type="stmt"/>
          <line num="34" count="0" type="stmt"/>
          <line num="35" count="0" type="stmt"/>
          <line num="36" count="0" type="stmt"/>
          <line num="37" count="0" type="stmt"/>
          <line num="40" count="0" type="stmt"/>
          <line num="46" count="0" type="stmt"/>
          <line num="53" count="0" type="stmt"/>
          <line num="60" count="0" type="stmt"/>
          <line num="67" count="0" type="stmt"/>
          <line num="74" count="0" type="stmt"/>
          <line num="81" count="0" type="stmt"/>
          <line num="88" count="0" type="stmt"/>
          <line num="95" count="0" type="stmt"/>
          <line num="101" count="0" type="stmt"/>
        </file>
        <file name="theme-vars-cache.js" path="/Users/uigirl/ReactProjects/gitty-probot-test/src/components/shared/theme/theme-vars-cache.js">
          <metrics statements="33" coveredstatements="0" conditionals="16" coveredconditionals="0" methods="6" coveredmethods="0"/>
          <line num="2" count="0" type="stmt"/>
          <line num="3" count="0" type="stmt"/>
          <line num="5" count="0" type="stmt"/>
          <line num="7" count="0" type="stmt"/>
          <line num="8" count="0" type="cond" truecount="0" falsecount="2"/>
          <line num="10" count="0" type="stmt"/>
          <line num="11" count="0" type="cond" truecount="0" falsecount="2"/>
          <line num="13" count="0" type="stmt"/>
          <line num="19" count="0" type="stmt"/>
          <line num="23" count="0" type="stmt"/>
          <line num="25" count="0" type="cond" truecount="0" falsecount="2"/>
          <line num="26" count="0" type="stmt"/>
          <line num="29" count="0" type="stmt"/>
          <line num="31" count="0" type="stmt"/>
          <line num="32" count="0" type="stmt"/>
          <line num="34" count="0" type="stmt"/>
          <line num="37" count="0" type="stmt"/>
          <line num="38" count="0" type="stmt"/>
          <line num="40" count="0" type="stmt"/>
          <line num="41" count="0" type="cond" truecount="0" falsecount="2"/>
          <line num="43" count="0" type="stmt"/>
          <line num="49" count="0" type="stmt"/>
          <line num="52" count="0" type="stmt"/>
          <line num="53" count="0" type="cond" truecount="0" falsecount="2"/>
          <line num="55" count="0" type="stmt"/>
          <line num="56" count="0" type="cond" truecount="0" falsecount="2"/>
          <line num="57" count="0" type="stmt"/>
          <line num="60" count="0" type="cond" truecount="0" falsecount="2"/>
          <line num="61" count="0" type="stmt"/>
          <line num="64" count="0" type="stmt"/>
          <line num="66" count="0" type="stmt"/>
          <line num="67" count="0" type="stmt"/>
          <line num="69" count="0" type="stmt"/>
        </file>
        <file name="theme.js" path="/Users/uigirl/ReactProjects/gitty-probot-test/src/components/shared/theme/theme.js">
          <metrics statements="7" coveredstatements="0" conditionals="0" coveredconditionals="0" methods="0" coveredmethods="0"/>
          <line num="11" count="0" type="stmt"/>
          <line num="19" count="0" type="stmt"/>
          <line num="20" count="0" type="stmt"/>
          <line num="21" count="0" type="stmt"/>
          <line num="23" count="0" type="stmt"/>
          <line num="32" count="0" type="stmt"/>
          <line num="55" count="0" type="stmt"/>
        </file>
      </package>
      <package name="layouts">
        <metrics statements="23" coveredstatements="0" conditionals="8" coveredconditionals="0" methods="4" coveredmethods="0"/>
        <file name="index.js" path="/Users/uigirl/ReactProjects/gitty-probot-test/src/layouts/index.js">
          <metrics statements="23" coveredstatements="0" conditionals="8" coveredconditionals="0" methods="4" coveredmethods="0"/>
          <line num="3" count="0" type="stmt"/>
          <line num="4" count="0" type="stmt"/>
          <line num="5" count="0" type="stmt"/>
          <line num="6" count="0" type="stmt"/>
          <line num="7" count="0" type="stmt"/>
          <line num="9" count="0" type="stmt"/>
          <line num="11" count="0" type="stmt"/>
          <line num="12" count="0" type="stmt"/>
          <line num="13" count="0" type="stmt"/>
          <line num="15" count="0" type="stmt"/>
          <line num="21" count="0" type="stmt"/>
          <line num="22" count="0" type="stmt"/>
          <line num="23" count="0" type="stmt"/>
          <line num="25" count="0" type="stmt"/>
          <line num="26" count="0" type="stmt"/>
          <line num="37" count="0" type="stmt"/>
          <line num="48" count="0" type="stmt"/>
          <line num="56" count="0" type="stmt"/>
          <line num="57" count="0" type="stmt"/>
          <line num="82" count="0" type="stmt"/>
          <line num="133" count="0" type="stmt"/>
          <line num="196" count="0" type="stmt"/>
          <line num="203" count="0" type="stmt"/>
        </file>
      </package>
      <package name="pages">
        <metrics statements="39" coveredstatements="2" conditionals="0" coveredconditionals="0" methods="4" coveredmethods="1"/>
        <file name="404.js" path="/Users/uigirl/ReactProjects/gitty-probot-test/src/pages/404.js">
          <metrics statements="2" coveredstatements="2" conditionals="0" coveredconditionals="0" methods="1" coveredmethods="1"/>
          <line num="4" count="1" type="stmt"/>
          <line num="5" count="1" type="stmt"/>
        </file>
        <file name="index.js" path="/Users/uigirl/ReactProjects/gitty-probot-test/src/pages/index.js">
          <metrics statements="34" coveredstatements="0" conditionals="0" coveredconditionals="0" methods="2" coveredmethods="0"/>
          <line num="2" count="0" type="stmt"/>
          <line num="3" count="0" type="stmt"/>
          <line num="5" count="0" type="stmt"/>
          <line num="16" count="0" type="stmt"/>
          <line num="17" count="0" type="stmt"/>
          <line num="18" count="0" type="stmt"/>
          <line num="19" count="0" type="stmt"/>
          <line num="20" count="0" type="stmt"/>
          <line num="22" count="0" type="stmt"/>
          <line num="37" count="0" type="stmt"/>
          <line num="54" count="0" type="stmt"/>
          <line num="60" count="0" type="stmt"/>
          <line num="68" count="0" type="stmt"/>
          <line num="82" count="0" type="stmt"/>
          <line num="91" count="0" type="stmt"/>
          <line num="110" count="0" type="stmt"/>
          <line num="120" count="0" type="stmt"/>
          <line num="136" count="0" type="stmt"/>
          <line num="143" count="0" type="stmt"/>
          <line num="154" count="0" type="stmt"/>
          <line num="159" count="0" type="stmt"/>
          <line num="168" count="0" type="stmt"/>
          <line num="175" count="0" type="stmt"/>
          <line num="180" count="0" type="stmt"/>
          <line num="185" count="0" type="stmt"/>
          <line num="208" count="0" type="stmt"/>
          <line num="231" count="0" type="stmt"/>
          <line num="232" count="0" type="stmt"/>
          <line num="233" count="0" type="stmt"/>
          <line num="238" count="0" type="stmt"/>
          <line num="239" count="0" type="stmt"/>
          <line num="241" count="0" type="stmt"/>
          <line num="319" count="0" type="stmt"/>
          <line num="358" count="0" type="stmt"/>
        </file>
        <file name="page-2.js" path="/Users/uigirl/ReactProjects/gitty-probot-test/src/pages/page-2.js">
          <metrics statements="3" coveredstatements="0" conditionals="0" coveredconditionals="0" methods="1" coveredmethods="0"/>
          <line num="2" count="0" type="stmt"/>
          <line num="3" count="0" type="stmt"/>
          <line num="5" count="0" type="stmt"/>
        </file>
      </package>
      <package name="templates">
        <metrics statements="34" coveredstatements="0" conditionals="6" coveredconditionals="0" methods="3" coveredmethods="0"/>
        <file name="chapter.js" path="/Users/uigirl/ReactProjects/gitty-probot-test/src/templates/chapter.js">
          <metrics statements="34" coveredstatements="0" conditionals="6" coveredconditionals="0" methods="3" coveredmethods="0"/>
          <line num="3" count="0" type="stmt"/>
          <line num="4" count="0" type="stmt"/>
          <line num="5" count="0" type="stmt"/>
          <line num="7" count="0" type="stmt"/>
          <line num="8" count="0" type="stmt"/>
          <line num="9" count="0" type="stmt"/>
          <line num="10" count="0" type="stmt"/>
          <line num="11" count="0" type="stmt"/>
          <line num="12" count="0" type="stmt"/>
          <line num="13" count="0" type="stmt"/>
          <line num="15" count="0" type="stmt"/>
          <line num="25" count="0" type="stmt"/>
          <line num="36" count="0" type="stmt"/>
          <line num="42" count="0" type="stmt"/>
          <line num="48" count="0" type="stmt"/>
          <line num="117" count="0" type="stmt"/>
          <line num="121" count="0" type="stmt"/>
          <line num="131" count="0" type="stmt"/>
          <line num="142" count="0" type="stmt"/>
          <line num="150" count="0" type="stmt"/>
          <line num="153" count="0" type="stmt"/>
          <line num="158" count="0" type="stmt"/>
          <line num="162" count="0" type="stmt"/>
          <line num="194" count="0" type="stmt"/>
          <line num="232" count="0" type="stmt"/>
          <line num="233" count="0" type="stmt"/>
          <line num="237" count="0" type="stmt"/>
          <line num="238" count="0" type="stmt"/>
          <line num="243" count="0" type="stmt"/>
          <line num="245" count="0" type="stmt"/>
          <line num="247" count="0" type="stmt"/>
          <line num="253" count="0" type="stmt"/>
          <line num="265" count="0" type="stmt"/>
          <line num="339" count="0" type="stmt"/>
        </file>
      </package>
    </metrics>
  </project>
</coverage>
