{"/Users/uigirl/ReactProjects/gitty-probot-test/src/components/Button.js": {"path":"/Users/uigirl/ReactProjects/gitty-probot-test/src/components/Button.js","statementMap":{"0":{"start":{"line":1,"column":0},"end":{"line":null,"column":-1}},"1":{"start":{"line":2,"column":0},"end":{"line":null,"column":-1}},"2":{"start":{"line":3,"column":0},"end":{"line":null,"column":-1}},"3":{"start":{"line":4,"column":0},"end":{"line":null,"column":-1}},"4":{"start":{"line":6,"column":13},"end":{"line":6,"column":0}},"5":{"start":{"line":12,"column":22},"end":{"line":12,"column":0}},"6":{"start":{"line":29,"column":13},"end":{"line":null,"column":-1}},"7":{"start":{"line":30,"column":15},"end":{"line":null,"column":-1}},"8":{"start":{"line":45,"column":14},"end":{"line":null,"column":-1}},"9":{"start":{"line":46,"column":13},"end":{"line":null,"column":-1}},"10":{"start":{"line":48,"column":20},"end":{"line":null,"column":-1}},"11":{"start":{"line":49,"column":18},"end":{"line":null,"column":-1}},"12":{"start":{"line":50,"column":21},"end":{"line":null,"column":-1}},"13":{"start":{"line":54,"column":4},"end":{"line":null,"column":-1}},"14":{"start":{"line":61,"column":4},"end":{"line":null,"column":-1}},"15":{"start":{"line":68,"column":4},"end":{"line":null,"column":-1}},"16":{"start":{"line":79,"column":4},"end":{"line":null,"column":-1}},"17":{"start":{"line":86,"column":4},"end":{"line":null,"column":-1}},"18":{"start":{"line":97,"column":4},"end":{"line":null,"column":-1}},"19":{"start":{"line":104,"column":4},"end":{"line":null,"column":-1}},"20":{"start":{"line":111,"column":4},"end":{"line":null,"column":-1}},"21":{"start":{"line":121,"column":4},"end":{"line":null,"column":-1}},"22":{"start":{"line":132,"column":19},"end":{"line":132,"column":0}},"23":{"start":{"line":134,"column":48},"end":{"line":134,"column":47}},"24":{"start":{"line":134,"column":48},"end":{"line":null,"column":-1}},"25":{"start":{"line":135,"column":2},"end":{"line":141,"column":3}},"26":{"start":{"line":136,"column":4},"end":{"line":null,"column":-1}},"27":{"start":{"line":142,"column":2},"end":{"line":null,"column":-1}},"28":{"start":{"line":149,"column":0},"end":{"line":null,"column":-1}},"29":{"start":{"line":154,"column":0},"end":{"line":null,"column":-1}}},"fnMap":{"0":{"name":"(anonymous_3)","decl":{"start":{"line":29,"column":13},"end":{"line":null,"column":-1}},"loc":{"start":{"line":29,"column":13},"end":{"line":12,"column":6}}},"1":{"name":"(anonymous_4)","decl":{"start":{"line":30,"column":15},"end":{"line":null,"column":-1}},"loc":{"start":{"line":30,"column":15},"end":{"line":12,"column":6}}},"2":{"name":"(anonymous_5)","decl":{"start":{"line":45,"column":14},"end":{"line":null,"column":-1}},"loc":{"start":{"line":45,"column":14},"end":{"line":12,"column":6}}},"3":{"name":"(anonymous_6)","decl":{"start":{"line":46,"column":13},"end":{"line":null,"column":-1}},"loc":{"start":{"line":46,"column":13},"end":{"line":12,"column":6}}},"4":{"name":"(anonymous_7)","decl":{"start":{"line":48,"column":20},"end":{"line":null,"column":-1}},"loc":{"start":{"line":48,"column":20},"end":{"line":12,"column":6}}},"5":{"name":"(anonymous_8)","decl":{"start":{"line":49,"column":18},"end":{"line":null,"column":-1}},"loc":{"start":{"line":49,"column":18},"end":{"line":12,"column":6}}},"6":{"name":"(anonymous_9)","decl":{"start":{"line":50,"column":21},"end":{"line":null,"column":-1}},"loc":{"start":{"line":50,"column":21},"end":{"line":12,"column":6}}},"7":{"name":"(anonymous_10)","decl":{"start":{"line":54,"column":4},"end":{"line":null,"column":-1}},"loc":{"start":{"line":54,"column":4},"end":{"line":12,"column":6}}},"8":{"name":"(anonymous_11)","decl":{"start":{"line":61,"column":4},"end":{"line":null,"column":-1}},"loc":{"start":{"line":61,"column":4},"end":{"line":12,"column":6}}},"9":{"name":"(anonymous_12)","decl":{"start":{"line":68,"column":4},"end":{"line":null,"column":-1}},"loc":{"start":{"line":68,"column":4},"end":{"line":12,"column":6}}},"10":{"name":"(anonymous_13)","decl":{"start":{"line":79,"column":4},"end":{"line":null,"column":-1}},"loc":{"start":{"line":79,"column":4},"end":{"line":12,"column":6}}},"11":{"name":"(anonymous_14)","decl":{"start":{"line":86,"column":4},"end":{"line":null,"column":-1}},"loc":{"start":{"line":86,"column":4},"end":{"line":12,"column":6}}},"12":{"name":"(anonymous_15)","decl":{"start":{"line":97,"column":4},"end":{"line":null,"column":-1}},"loc":{"start":{"line":97,"column":4},"end":{"line":12,"column":6}}},"13":{"name":"(anonymous_16)","decl":{"start":{"line":104,"column":4},"end":{"line":null,"column":-1}},"loc":{"start":{"line":104,"column":4},"end":{"line":12,"column":6}}},"14":{"name":"(anonymous_17)","decl":{"start":{"line":111,"column":4},"end":{"line":null,"column":-1}},"loc":{"start":{"line":111,"column":4},"end":{"line":12,"column":6}}},"15":{"name":"(anonymous_18)","decl":{"start":{"line":121,"column":4},"end":{"line":null,"column":-1}},"loc":{"start":{"line":121,"column":4},"end":{"line":12,"column":6}}},"16":{"name":"Button","decl":{"start":{"line":134,"column":9},"end":{"line":134,"column":0}},"loc":{"start":{"line":134,"column":48},"end":{"line":147,"column":1}}}},"branchMap":{"0":{"loc":{"start":{"line":29,"column":36},"end":{"line":29,"column":22}},"type":"cond-expr","locations":[{"start":{"line":29,"column":36},"end":{"line":29,"column":22}},{"start":{"line":29,"column":49},"end":{"line":29,"column":13}}]},"1":{"loc":{"start":{"line":30,"column":38},"end":{"line":30,"column":24}},"type":"cond-expr","locations":[{"start":{"line":30,"column":38},"end":{"line":30,"column":24}},{"start":{"line":30,"column":59},"end":{"line":30,"column":15}}]},"2":{"loc":{"start":{"line":45,"column":37},"end":{"line":45,"column":23}},"type":"cond-expr","locations":[{"start":{"line":45,"column":37},"end":{"line":45,"column":23}},{"start":{"line":45,"column":44},"end":{"line":45,"column":14}}]},"3":{"loc":{"start":{"line":46,"column":36},"end":{"line":46,"column":22}},"type":"cond-expr","locations":[{"start":{"line":46,"column":36},"end":{"line":46,"column":22}},{"start":{"line":46,"column":43},"end":{"line":46,"column":13}}]},"4":{"loc":{"start":{"line":48,"column":43},"end":{"line":48,"column":29}},"type":"cond-expr","locations":[{"start":{"line":48,"column":43},"end":{"line":48,"column":29}},{"start":{"line":48,"column":49},"end":{"line":48,"column":20}}]},"5":{"loc":{"start":{"line":49,"column":41},"end":{"line":49,"column":27}},"type":"cond-expr","locations":[{"start":{"line":49,"column":41},"end":{"line":49,"column":27}},{"start":{"line":49,"column":48},"end":{"line":49,"column":18}}]},"6":{"loc":{"start":{"line":50,"column":44},"end":{"line":50,"column":30}},"type":"cond-expr","locations":[{"start":{"line":50,"column":44},"end":{"line":50,"column":30}},{"start":{"line":50,"column":51},"end":{"line":50,"column":21}}]},"7":{"loc":{"start":{"line":54,"column":13},"end":{"line":54,"column":12}},"type":"binary-expr","locations":[{"start":{"line":54,"column":13},"end":{"line":54,"column":12}},{"start":{"line":54,"column":13},"end":{"line":54,"column":4}}]},"8":{"loc":{"start":{"line":61,"column":13},"end":{"line":61,"column":12}},"type":"binary-expr","locations":[{"start":{"line":61,"column":13},"end":{"line":61,"column":12}},{"start":{"line":61,"column":13},"end":{"line":61,"column":4}}]},"9":{"loc":{"start":{"line":68,"column":13},"end":{"line":68,"column":12}},"type":"binary-expr","locations":[{"start":{"line":68,"column":13},"end":{"line":68,"column":12}},{"start":{"line":68,"column":30},"end":{"line":68,"column":13}},{"start":{"line":68,"column":13},"end":{"line":68,"column":4}}]},"10":{"loc":{"start":{"line":79,"column":13},"end":{"line":79,"column":12}},"type":"binary-expr","locations":[{"start":{"line":79,"column":13},"end":{"line":79,"column":12}},{"start":{"line":79,"column":13},"end":{"line":79,"column":4}}]},"11":{"loc":{"start":{"line":86,"column":13},"end":{"line":86,"column":12}},"type":"binary-expr","locations":[{"start":{"line":86,"column":13},"end":{"line":86,"column":12}},{"start":{"line":86,"column":32},"end":{"line":86,"column":13}},{"start":{"line":86,"column":13},"end":{"line":86,"column":4}}]},"12":{"loc":{"start":{"line":97,"column":13},"end":{"line":97,"column":12}},"type":"binary-expr","locations":[{"start":{"line":97,"column":13},"end":{"line":97,"column":12}},{"start":{"line":97,"column":13},"end":{"line":97,"column":4}}]},"13":{"loc":{"start":{"line":104,"column":13},"end":{"line":104,"column":12}},"type":"binary-expr","locations":[{"start":{"line":104,"column":13},"end":{"line":104,"column":12}},{"start":{"line":104,"column":31},"end":{"line":104,"column":13}},{"start":{"line":104,"column":13},"end":{"line":104,"column":4}}]},"14":{"loc":{"start":{"line":111,"column":13},"end":{"line":111,"column":12}},"type":"binary-expr","locations":[{"start":{"line":111,"column":13},"end":{"line":111,"column":12}},{"start":{"line":111,"column":13},"end":{"line":111,"column":4}}]},"15":{"loc":{"start":{"line":121,"column":13},"end":{"line":121,"column":12}},"type":"binary-expr","locations":[{"start":{"line":121,"column":13},"end":{"line":121,"column":12}},{"start":{"line":121,"column":13},"end":{"line":121,"column":4}}]},"16":{"loc":{"start":{"line":135,"column":2},"end":{"line":141,"column":3}},"type":"if","locations":[{"start":{"line":135,"column":2},"end":{"line":141,"column":3}},{"start":{"line":135,"column":2},"end":{"line":141,"column":3}}]}},"s":{"0":0,"1":0,"2":0,"3":0,"4":0,"5":0,"6":0,"7":0,"8":0,"9":0,"10":0,"11":0,"12":0,"13":0,"14":0,"15":0,"16":0,"17":0,"18":0,"19":0,"20":0,"21":0,"22":0,"23":0,"24":0,"25":0,"26":0,"27":0,"28":0,"29":0},"f":{"0":0,"1":0,"2":0,"3":0,"4":0,"5":0,"6":0,"7":0,"8":0,"9":0,"10":0,"11":0,"12":0,"13":0,"14":0,"15":0,"16":0},"b":{"0":[0,0],"1":[0,0],"2":[0,0],"3":[0,0],"4":[0,0],"5":[0,0],"6":[0,0],"7":[0,0],"8":[0,0],"9":[0,0,0],"10":[0,0],"11":[0,0,0],"12":[0,0],"13":[0,0,0],"14":[0,0],"15":[0,0],"16":[0,0]}}
,"/Users/uigirl/ReactProjects/gitty-probot-test/src/components/CTA.js": {"path":"/Users/uigirl/ReactProjects/gitty-probot-test/src/components/CTA.js","statementMap":{"0":{"start":{"line":1,"column":0},"end":{"line":null,"column":-1}},"1":{"start":{"line":2,"column":0},"end":{"line":null,"column":-1}},"2":{"start":{"line":3,"column":0},"end":{"line":null,"column":-1}},"3":{"start":{"line":5,"column":0},"end":{"line":null,"column":-1}},"4":{"start":{"line":7,"column":13},"end":{"line":7,"column":0}},"5":{"start":{"line":20,"column":15},"end":{"line":20,"column":0}},"6":{"start":{"line":22,"column":14},"end":{"line":22,"column":0}},"7":{"start":{"line":48,"column":16},"end":{"line":48,"column":0}},"8":{"start":{"line":53,"column":56},"end":{"line":53,"column":55}},"9":{"start":{"line":53,"column":56},"end":{"line":null,"column":-1}},"10":{"start":{"line":54,"column":2},"end":{"line":null,"column":-1}},"11":{"start":{"line":64,"column":0},"end":{"line":null,"column":-1}},"12":{"start":{"line":69,"column":0},"end":{"line":null,"column":-1}}},"fnMap":{"0":{"name":"CTA","decl":{"start":{"line":53,"column":24},"end":{"line":53,"column":15}},"loc":{"start":{"line":53,"column":56},"end":{"line":62,"column":1}}}},"branchMap":{},"s":{"0":0,"1":0,"2":0,"3":0,"4":0,"5":0,"6":0,"7":0,"8":0,"9":0,"10":0,"11":0,"12":0},"f":{"0":0},"b":{}}
,"/Users/uigirl/ReactProjects/gitty-probot-test/src/components/Content.js": {"path":"/Users/uigirl/ReactProjects/gitty-probot-test/src/components/Content.js","statementMap":{"0":{"start":{"line":1,"column":0},"end":{"line":null,"column":-1}},"1":{"start":{"line":2,"column":0},"end":{"line":null,"column":-1}},"2":{"start":{"line":4,"column":13},"end":{"line":4,"column":7}},"3":{"start":{"line":4,"column":27},"end":{"line":4,"column":26}},"4":{"start":{"line":4,"column":27},"end":{"line":null,"column":-1}},"5":{"start":{"line":8,"column":16},"end":{"line":8,"column":0}},"6":{"start":{"line":8,"column":16},"end":{"line":8,"column":15}},"7":{"start":{"line":8,"column":16},"end":{"line":null,"column":-1}},"8":{"start":{"line":12,"column":0},"end":{"line":null,"column":-1}},"9":{"start":{"line":17,"column":0},"end":{"line":null,"column":-1}},"10":{"start":{"line":21,"column":0},"end":{"line":null,"column":-1}}},"fnMap":{"0":{"name":"HTMLContent","decl":{"start":{"line":4,"column":13},"end":{"line":4,"column":27}},"loc":{"start":{"line":4,"column":27},"end":{"line":4,"column":7}}},"1":{"name":"Content","decl":{"start":{"line":8,"column":6},"end":{"line":8,"column":16}},"loc":{"start":{"line":8,"column":16},"end":{"line":8,"column":0}}}},"branchMap":{},"s":{"0":0,"1":0,"2":0,"3":0,"4":0,"5":0,"6":0,"7":0,"8":0,"9":0,"10":0},"f":{"0":0,"1":0},"b":{}}
,"/Users/uigirl/ReactProjects/gitty-probot-test/src/components/FAQ.js": {"path":"/Users/uigirl/ReactProjects/gitty-probot-test/src/components/FAQ.js","statementMap":{"0":{"start":{"line":1,"column":0},"end":{"line":null,"column":-1}},"1":{"start":{"line":3,"column":0},"end":{"line":null,"column":-1}},"2":{"start":{"line":5,"column":0},"end":{"line":null,"column":-1}},"3":{"start":{"line":6,"column":0},"end":{"line":null,"column":-1}},"4":{"start":{"line":7,"column":0},"end":{"line":null,"column":-1}},"5":{"start":{"line":8,"column":0},"end":{"line":null,"column":-1}},"6":{"start":{"line":10,"column":22},"end":{"line":10,"column":0}},"7":{"start":{"line":17,"column":19},"end":{"line":17,"column":0}},"8":{"start":{"line":21,"column":19},"end":{"line":21,"column":0}},"9":{"start":{"line":27,"column":15},"end":{"line":27,"column":0}},"10":{"start":{"line":27,"column":15},"end":{"line":null,"column":-1}}},"fnMap":{"0":{"name":"Footer","decl":{"start":{"line":27,"column":6},"end":{"line":27,"column":15}},"loc":{"start":{"line":27,"column":15},"end":{"line":27,"column":0}}}},"branchMap":{},"s":{"0":0,"1":0,"2":0,"3":0,"4":0,"5":0,"6":0,"7":0,"8":0,"9":0,"10":0},"f":{"0":0},"b":{}}
,"/Users/uigirl/ReactProjects/gitty-probot-test/src/components/Features.js": {"path":"/Users/uigirl/ReactProjects/gitty-probot-test/src/components/Features.js","statementMap":{"0":{"start":{"line":1,"column":0},"end":{"line":null,"column":-1}},"1":{"start":{"line":2,"column":0},"end":{"line":null,"column":-1}},"2":{"start":{"line":4,"column":20},"end":{"line":4,"column":0}},"3":{"start":{"line":4,"column":20},"end":{"line":4,"column":19}},"4":{"start":{"line":4,"column":20},"end":{"line":null,"column":-1}},"5":{"start":{"line":6,"column":19},"end":{"line":null,"column":-1}},"6":{"start":{"line":19,"column":0},"end":{"line":null,"column":-1}}},"fnMap":{"0":{"name":"FeatureGrid","decl":{"start":{"line":4,"column":6},"end":{"line":4,"column":20}},"loc":{"start":{"line":4,"column":20},"end":{"line":4,"column":0}}},"1":{"name":"(anonymous_2)","decl":{"start":{"line":6,"column":19},"end":{"line":6,"column":19}},"loc":{"start":{"line":6,"column":19},"end":{"line":6,"column":5}}}},"branchMap":{},"s":{"0":0,"1":0,"2":0,"3":0,"4":0,"5":0,"6":0},"f":{"0":0,"1":0},"b":{}}
,"/Users/uigirl/ReactProjects/gitty-probot-test/src/components/Footer.js": {"path":"/Users/uigirl/ReactProjects/gitty-probot-test/src/components/Footer.js","statementMap":{"0":{"start":{"line":1,"column":0},"end":{"line":null,"column":-1}},"1":{"start":{"line":3,"column":0},"end":{"line":null,"column":-1}},"2":{"start":{"line":5,"column":0},"end":{"line":null,"column":-1}},"3":{"start":{"line":6,"column":0},"end":{"line":null,"column":-1}},"4":{"start":{"line":7,"column":0},"end":{"line":null,"column":-1}},"5":{"start":{"line":8,"column":0},"end":{"line":null,"column":-1}},"6":{"start":{"line":10,"column":22},"end":{"line":10,"column":0}},"7":{"start":{"line":17,"column":19},"end":{"line":17,"column":0}},"8":{"start":{"line":21,"column":19},"end":{"line":21,"column":0}},"9":{"start":{"line":27,"column":15},"end":{"line":27,"column":0}},"10":{"start":{"line":27,"column":15},"end":{"line":null,"column":-1}}},"fnMap":{"0":{"name":"Footer","decl":{"start":{"line":27,"column":6},"end":{"line":27,"column":15}},"loc":{"start":{"line":27,"column":15},"end":{"line":27,"column":0}}}},"branchMap":{},"s":{"0":0,"1":0,"2":0,"3":0,"4":0,"5":0,"6":0,"7":0,"8":0,"9":0,"10":0},"f":{"0":0},"b":{}}
,"/Users/uigirl/ReactProjects/gitty-probot-test/src/components/Header.js": {"path":"/Users/uigirl/ReactProjects/gitty-probot-test/src/components/Header.js","statementMap":{"0":{"start":{"line":1,"column":0},"end":{"line":null,"column":-1}},"1":{"start":{"line":2,"column":0},"end":{"line":null,"column":-1}},"2":{"start":{"line":4,"column":0},"end":{"line":null,"column":-1}},"3":{"start":{"line":5,"column":0},"end":{"line":null,"column":-1}},"4":{"start":{"line":7,"column":0},"end":{"line":null,"column":-1}},"5":{"start":{"line":9,"column":0},"end":{"line":null,"column":-1}},"6":{"start":{"line":10,"column":0},"end":{"line":null,"column":-1}},"7":{"start":{"line":11,"column":0},"end":{"line":null,"column":-1}},"8":{"start":{"line":12,"column":0},"end":{"line":null,"column":-1}},"9":{"start":{"line":13,"column":0},"end":{"line":null,"column":-1}},"10":{"start":{"line":15,"column":16},"end":{"line":15,"column":0}},"11":{"start":{"line":21,"column":16},"end":{"line":21,"column":0}},"12":{"start":{"line":28,"column":4},"end":{"line":null,"column":-1}},"13":{"start":{"line":35,"column":4},"end":{"line":null,"column":-1}},"14":{"start":{"line":43,"column":17},"end":{"line":43,"column":0}},"15":{"start":{"line":49,"column":4},"end":{"line":null,"column":-1}},"16":{"start":{"line":60,"column":12},"end":{"line":60,"column":0}},"17":{"start":{"line":67,"column":19},"end":{"line":67,"column":0}},"18":{"start":{"line":75,"column":20},"end":{"line":75,"column":0}},"19":{"start":{"line":79,"column":20},"end":{"line":79,"column":0}},"20":{"start":{"line":89,"column":23},"end":{"line":89,"column":0}},"21":{"start":{"line":95,"column":13},"end":{"line":95,"column":0}},"22":{"start":{"line":97,"column":14},"end":{"line":97,"column":0}},"23":{"start":{"line":104,"column":15},"end":{"line":104,"column":0}},"24":{"start":{"line":109,"column":21},"end":{"line":109,"column":0}},"25":{"start":{"line":114,"column":22},"end":{"line":114,"column":0}},"26":{"start":{"line":126,"column":38},"end":{"line":null,"column":-1}},"27":{"start":{"line":127,"column":2},"end":{"line":null,"column":-1}},"28":{"start":{"line":137,"column":3},"end":{"line":137,"column":2}},"29":{"start":{"line":137,"column":3},"end":{"line":null,"column":-1}},"30":{"start":{"line":138,"column":28},"end":{"line":137,"column":3}},"31":{"start":{"line":139,"column":2},"end":{"line":null,"column":-1}},"32":{"start":{"line":219,"column":0},"end":{"line":null,"column":-1}},"33":{"start":{"line":227,"column":0},"end":{"line":null,"column":-1}}},"fnMap":{"0":{"name":"(anonymous_8)","decl":{"start":{"line":28,"column":4},"end":{"line":null,"column":-1}},"loc":{"start":{"line":28,"column":4},"end":{"line":21,"column":6}}},"1":{"name":"(anonymous_9)","decl":{"start":{"line":35,"column":4},"end":{"line":null,"column":-1}},"loc":{"start":{"line":35,"column":4},"end":{"line":21,"column":6}}},"2":{"name":"(anonymous_10)","decl":{"start":{"line":49,"column":4},"end":{"line":null,"column":-1}},"loc":{"start":{"line":49,"column":4},"end":{"line":43,"column":6}}},"3":{"name":"capitalize","decl":{"start":{"line":126,"column":9},"end":{"line":126,"column":0}},"loc":{"start":{"line":126,"column":38},"end":{"line":128,"column":1}}},"4":{"name":"Header","decl":{"start":{"line":130,"column":24},"end":{"line":130,"column":15}},"loc":{"start":{"line":137,"column":3},"end":{"line":217,"column":1}}}},"branchMap":{"0":{"loc":{"start":{"line":28,"column":13},"end":{"line":28,"column":12}},"type":"binary-expr","locations":[{"start":{"line":28,"column":13},"end":{"line":28,"column":12}},{"start":{"line":28,"column":13},"end":{"line":28,"column":4}}]},"1":{"loc":{"start":{"line":35,"column":13},"end":{"line":35,"column":12}},"type":"binary-expr","locations":[{"start":{"line":35,"column":13},"end":{"line":35,"column":12}},{"start":{"line":35,"column":13},"end":{"line":35,"column":4}}]},"2":{"loc":{"start":{"line":49,"column":13},"end":{"line":49,"column":12}},"type":"binary-expr","locations":[{"start":{"line":49,"column":13},"end":{"line":49,"column":12}},{"start":{"line":49,"column":13},"end":{"line":49,"column":4}}]}},"s":{"0":0,"1":0,"2":0,"3":0,"4":0,"5":0,"6":0,"7":0,"8":0,"9":0,"10":0,"11":0,"12":0,"13":0,"14":0,"15":0,"16":0,"17":0,"18":0,"19":0,"20":0,"21":0,"22":0,"23":0,"24":0,"25":0,"26":0,"27":0,"28":0,"29":0,"30":0,"31":0,"32":0,"33":0},"f":{"0":0,"1":0,"2":0,"3":0,"4":0},"b":{"0":[0,0],"1":[0,0],"2":[0,0]}}
,"/Users/uigirl/ReactProjects/gitty-probot-test/src/components/Hero.js": {"path":"/Users/uigirl/ReactProjects/gitty-probot-test/src/components/Hero.js","statementMap":{"0":{"start":{"line":1,"column":0},"end":{"line":null,"column":-1}},"1":{"start":{"line":2,"column":0},"end":{"line":null,"column":-1}},"2":{"start":{"line":3,"column":0},"end":{"line":null,"column":-1}},"3":{"start":{"line":4,"column":0},"end":{"line":null,"column":-1}},"4":{"start":{"line":6,"column":6},"end":{"line":6,"column":0}},"5":{"start":{"line":12,"column":12},"end":{"line":12,"column":0}},"6":{"start":{"line":18,"column":28},"end":{"line":null,"column":-1}},"7":{"start":{"line":19,"column":2},"end":{"line":null,"column":-1}}},"fnMap":{"0":{"name":"Hero","decl":{"start":{"line":18,"column":9},"end":{"line":18,"column":0}},"loc":{"start":{"line":18,"column":28},"end":{"line":52,"column":1}}}},"branchMap":{},"s":{"0":0,"1":0,"2":0,"3":0,"4":0,"5":0,"6":0,"7":0},"f":{"0":0},"b":{}}
,"/Users/uigirl/ReactProjects/gitty-probot-test/src/components/Highlight.js": {"path":"/Users/uigirl/ReactProjects/gitty-probot-test/src/components/Highlight.js","statementMap":{"0":{"start":{"line":1,"column":0},"end":{"line":null,"column":-1}},"1":{"start":{"line":2,"column":0},"end":{"line":null,"column":-1}},"2":{"start":{"line":3,"column":0},"end":{"line":null,"column":-1}},"3":{"start":{"line":4,"column":0},"end":{"line":null,"column":-1}},"4":{"start":{"line":5,"column":0},"end":{"line":null,"column":-1}},"5":{"start":{"line":7,"column":0},"end":{"line":null,"column":-1}},"6":{"start":{"line":9,"column":0},"end":{"line":null,"column":-1}},"7":{"start":{"line":13,"column":4},"end":{"line":null,"column":-1}},"8":{"start":{"line":17,"column":4},"end":{"line":null,"column":-1}},"9":{"start":{"line":21,"column":20},"end":{"line":21,"column":4}},"10":{"start":{"line":22,"column":4},"end":{"line":null,"column":-1}},"11":{"start":{"line":26,"column":25},"end":{"line":25,"column":11}},"12":{"start":{"line":28,"column":4},"end":{"line":null,"column":-1}},"13":{"start":{"line":32,"column":0},"end":{"line":null,"column":-1}}},"fnMap":{},"branchMap":{},"s":{"0":0,"1":0,"2":0,"3":0,"4":0,"5":0,"6":0,"7":0,"8":0,"9":0,"10":0,"11":0,"12":0,"13":0},"f":{},"b":{}}
,"/Users/uigirl/ReactProjects/gitty-probot-test/src/components/Icon.js": {"path":"/Users/uigirl/ReactProjects/gitty-probot-test/src/components/Icon.js","statementMap":{"0":{"start":{"line":1,"column":0},"end":{"line":null,"column":-1}},"1":{"start":{"line":2,"column":0},"end":{"line":null,"column":-1}},"2":{"start":{"line":3,"column":0},"end":{"line":null,"column":-1}},"3":{"start":{"line":4,"column":0},"end":{"line":null,"column":-1}},"4":{"start":{"line":7,"column":12},"end":{"line":7,"column":0}},"5":{"start":{"line":13,"column":13},"end":{"line":13,"column":0}},"6":{"start":{"line":14,"column":10},"end":{"line":null,"column":-1}},"7":{"start":{"line":17,"column":40},"end":{"line":17,"column":39}},"8":{"start":{"line":17,"column":40},"end":{"line":null,"column":-1}},"9":{"start":{"line":18,"column":2},"end":{"line":null,"column":-1}},"10":{"start":{"line":25,"column":0},"end":{"line":null,"column":-1}}},"fnMap":{"0":{"name":"(anonymous_4)","decl":{"start":{"line":14,"column":10},"end":{"line":null,"column":-1}},"loc":{"start":{"line":14,"column":10},"end":{"line":13,"column":6}}},"1":{"name":"Icon","decl":{"start":{"line":17,"column":9},"end":{"line":17,"column":0}},"loc":{"start":{"line":17,"column":40},"end":{"line":23,"column":1}}}},"branchMap":{"0":{"loc":{"start":{"line":14,"column":19},"end":{"line":14,"column":18}},"type":"binary-expr","locations":[{"start":{"line":14,"column":19},"end":{"line":14,"column":18}},{"start":{"line":14,"column":33},"end":{"line":14,"column":10}}]}},"s":{"0":0,"1":0,"2":0,"3":0,"4":0,"5":0,"6":0,"7":0,"8":0,"9":0,"10":0},"f":{"0":0,"1":0},"b":{"0":[0,0]}}
,"/Users/uigirl/ReactProjects/gitty-probot-test/src/components/IconCommit.js": {"path":"/Users/uigirl/ReactProjects/gitty-probot-test/src/components/IconCommit.js","statementMap":{"0":{"start":{"line":1,"column":0},"end":{"line":null,"column":-1}},"1":{"start":{"line":2,"column":0},"end":{"line":null,"column":-1}},"2":{"start":{"line":3,"column":0},"end":{"line":null,"column":-1}},"3":{"start":{"line":5,"column":12},"end":{"line":5,"column":0}},"4":{"start":{"line":14,"column":43},"end":{"line":null,"column":-1}},"5":{"start":{"line":15,"column":2},"end":{"line":null,"column":-1}}},"fnMap":{"0":{"name":"Logo","decl":{"start":{"line":14,"column":24},"end":{"line":14,"column":15}},"loc":{"start":{"line":14,"column":43},"end":{"line":34,"column":1}}}},"branchMap":{},"s":{"0":0,"1":0,"2":0,"3":0,"4":0,"5":0},"f":{"0":0},"b":{}}
,"/Users/uigirl/ReactProjects/gitty-probot-test/src/components/Link.js": {"path":"/Users/uigirl/ReactProjects/gitty-probot-test/src/components/Link.js","statementMap":{"0":{"start":{"line":1,"column":0},"end":{"line":null,"column":-1}},"1":{"start":{"line":2,"column":0},"end":{"line":null,"column":-1}},"2":{"start":{"line":3,"column":0},"end":{"line":null,"column":-1}},"3":{"start":{"line":4,"column":0},"end":{"line":null,"column":-1}},"4":{"start":{"line":5,"column":0},"end":{"line":null,"column":-1}},"5":{"start":{"line":8,"column":20},"end":{"line":8,"column":0}},"6":{"start":{"line":94,"column":19},"end":{"line":94,"column":0}},"7":{"start":{"line":96,"column":38},"end":{"line":96,"column":37}},"8":{"start":{"line":96,"column":38},"end":{"line":null,"column":-1}},"9":{"start":{"line":97,"column":2},"end":{"line":99,"column":3}},"10":{"start":{"line":98,"column":4},"end":{"line":null,"column":-1}},"11":{"start":{"line":100,"column":2},"end":{"line":null,"column":-1}},"12":{"start":{"line":103,"column":0},"end":{"line":null,"column":-1}},"13":{"start":{"line":108,"column":0},"end":{"line":null,"column":-1}}},"fnMap":{"0":{"name":"Link","decl":{"start":{"line":96,"column":9},"end":{"line":96,"column":0}},"loc":{"start":{"line":96,"column":38},"end":{"line":101,"column":1}}}},"branchMap":{"0":{"loc":{"start":{"line":97,"column":2},"end":{"line":99,"column":3}},"type":"if","locations":[{"start":{"line":97,"column":2},"end":{"line":99,"column":3}},{"start":{"line":97,"column":2},"end":{"line":99,"column":3}}]}},"s":{"0":0,"1":0,"2":0,"3":0,"4":0,"5":0,"6":0,"7":0,"8":0,"9":0,"10":0,"11":0,"12":0,"13":0},"f":{"0":0},"b":{"0":[0,0]}}
,"/Users/uigirl/ReactProjects/gitty-probot-test/src/components/Logo.js": {"path":"/Users/uigirl/ReactProjects/gitty-probot-test/src/components/Logo.js","statementMap":{"0":{"start":{"line":1,"column":0},"end":{"line":null,"column":-1}},"1":{"start":{"line":2,"column":0},"end":{"line":null,"column":-1}},"2":{"start":{"line":3,"column":0},"end":{"line":null,"column":-1}},"3":{"start":{"line":4,"column":0},"end":{"line":null,"column":-1}},"4":{"start":{"line":6,"column":0},"end":{"line":null,"column":-1}},"5":{"start":{"line":7,"column":0},"end":{"line":null,"column":-1}},"6":{"start":{"line":8,"column":0},"end":{"line":null,"column":-1}},"7":{"start":{"line":9,"column":0},"end":{"line":null,"column":-1}},"8":{"start":{"line":10,"column":0},"end":{"line":null,"column":-1}},"9":{"start":{"line":11,"column":0},"end":{"line":null,"column":-1}},"10":{"start":{"line":12,"column":0},"end":{"line":null,"column":-1}},"11":{"start":{"line":13,"column":0},"end":{"line":null,"column":-1}},"12":{"start":{"line":14,"column":0},"end":{"line":null,"column":-1}},"13":{"start":{"line":15,"column":0},"end":{"line":null,"column":-1}},"14":{"start":{"line":17,"column":23},"end":{"line":17,"column":0}},"15":{"start":{"line":20,"column":11},"end":{"line":null,"column":-1}},"16":{"start":{"line":32,"column":13},"end":{"line":null,"column":-1}},"17":{"start":{"line":38,"column":26},"end":{"line":38,"column":0}},"18":{"start":{"line":45,"column":35},"end":{"line":45,"column":0}},"19":{"start":{"line":51,"column":13},"end":{"line":51,"column":7}},"20":{"start":{"line":52,"column":2},"end":{"line":null,"column":-1}},"21":{"start":{"line":85,"column":47},"end":{"line":85,"column":46}},"22":{"start":{"line":85,"column":47},"end":{"line":null,"column":-1}},"23":{"start":{"line":86,"column":2},"end":{"line":null,"column":-1}},"24":{"start":{"line":93,"column":0},"end":{"line":null,"column":-1}},"25":{"start":{"line":99,"column":0},"end":{"line":null,"column":-1}}},"fnMap":{"0":{"name":"(anonymous_3)","decl":{"start":{"line":20,"column":11},"end":{"line":20,"column":11}},"loc":{"start":{"line":20,"column":11},"end":{"line":17,"column":6}}},"1":{"name":"(anonymous_4)","decl":{"start":{"line":32,"column":13},"end":{"line":32,"column":13}},"loc":{"start":{"line":32,"column":13},"end":{"line":17,"column":6}}},"2":{"name":"BrandTiles","decl":{"start":{"line":51,"column":13},"end":{"line":51,"column":26}},"loc":{"start":{"line":51,"column":32},"end":{"line":51,"column":7}}},"3":{"name":"Logo","decl":{"start":{"line":85,"column":9},"end":{"line":85,"column":0}},"loc":{"start":{"line":85,"column":47},"end":{"line":91,"column":1}}}},"branchMap":{},"s":{"0":0,"1":0,"2":0,"3":0,"4":0,"5":0,"6":0,"7":0,"8":0,"9":0,"10":0,"11":0,"12":0,"13":0,"14":0,"15":0,"16":0,"17":0,"18":0,"19":0,"20":0,"21":0,"22":0,"23":0,"24":0,"25":0},"f":{"0":0,"1":0,"2":0,"3":0},"b":{}}
,"/Users/uigirl/ReactProjects/gitty-probot-test/src/components/LogoTwitter.js": {"path":"/Users/uigirl/ReactProjects/gitty-probot-test/src/components/LogoTwitter.js","statementMap":{"0":{"start":{"line":1,"column":0},"end":{"line":null,"column":-1}},"1":{"start":{"line":2,"column":0},"end":{"line":null,"column":-1}},"2":{"start":{"line":4,"column":12},"end":{"line":4,"column":0}},"3":{"start":{"line":13,"column":43},"end":{"line":null,"column":-1}},"4":{"start":{"line":14,"column":2},"end":{"line":null,"column":-1}}},"fnMap":{"0":{"name":"Logo","decl":{"start":{"line":13,"column":24},"end":{"line":13,"column":15}},"loc":{"start":{"line":13,"column":43},"end":{"line":22,"column":1}}}},"branchMap":{},"s":{"0":0,"1":0,"2":0,"3":0,"4":0},"f":{"0":0},"b":{}}
,"/Users/uigirl/ReactProjects/gitty-probot-test/src/components/Navbar.js": {"path":"/Users/uigirl/ReactProjects/gitty-probot-test/src/components/Navbar.js","statementMap":{"0":{"start":{"line":1,"column":0},"end":{"line":null,"column":-1}},"1":{"start":{"line":2,"column":0},"end":{"line":null,"column":-1}},"2":{"start":{"line":4,"column":0},"end":{"line":null,"column":-1}},"3":{"start":{"line":5,"column":0},"end":{"line":null,"column":-1}},"4":{"start":{"line":7,"column":15},"end":{"line":7,"column":0}},"5":{"start":{"line":7,"column":15},"end":{"line":null,"column":-1}}},"fnMap":{"0":{"name":"Navbar","decl":{"start":{"line":7,"column":6},"end":{"line":7,"column":15}},"loc":{"start":{"line":7,"column":15},"end":{"line":7,"column":0}}}},"branchMap":{},"s":{"0":0,"1":0,"2":0,"3":0,"4":0,"5":0},"f":{"0":0},"b":{}}
,"/Users/uigirl/ReactProjects/gitty-probot-test/src/components/PageTransition.js": {"path":"/Users/uigirl/ReactProjects/gitty-probot-test/src/components/PageTransition.js","statementMap":{"0":{"start":{"line":2,"column":0},"end":{"line":null,"column":-1}},"1":{"start":{"line":3,"column":0},"end":{"line":null,"column":-1}},"2":{"start":{"line":4,"column":0},"end":{"line":null,"column":-1}},"3":{"start":{"line":6,"column":28},"end":{"line":6,"column":0}},"4":{"start":{"line":7,"column":2},"end":{"line":null,"column":-1}},"5":{"start":{"line":22,"column":27},"end":{"line":22,"column":0}},"6":{"start":{"line":22,"column":27},"end":{"line":22,"column":26}},"7":{"start":{"line":22,"column":27},"end":{"line":null,"column":-1}},"8":{"start":{"line":36,"column":26},"end":{"line":null,"column":-1}},"9":{"start":{"line":38,"column":4},"end":{"line":null,"column":-1}},"10":{"start":{"line":39,"column":4},"end":{"line":null,"column":-1}},"11":{"start":{"line":43,"column":4},"end":{"line":null,"column":-1}},"12":{"start":{"line":47,"column":4},"end":{"line":null,"column":-1}},"13":{"start":{"line":51,"column":4},"end":{"line":null,"column":-1}},"14":{"start":{"line":61,"column":11},"end":{"line":null,"column":-1}},"15":{"start":{"line":62,"column":28},"end":{"line":62,"column":4}},"16":{"start":{"line":71,"column":4},"end":{"line":null,"column":-1}},"17":{"start":{"line":73,"column":9},"end":{"line":null,"column":-1}},"18":{"start":{"line":54,"column":54},"end":{"line":54,"column":53}},"19":{"start":{"line":55,"column":4},"end":{"line":57,"column":5}},"20":{"start":{"line":56,"column":6},"end":{"line":null,"column":-1}},"21":{"start":{"line":58,"column":4},"end":{"line":null,"column":-1}}},"fnMap":{"0":{"name":"getTransitionStyles","decl":{"start":{"line":6,"column":6},"end":{"line":6,"column":28}},"loc":{"start":{"line":6,"column":41},"end":{"line":6,"column":0}}},"1":{"name":"getTransitionStyle","decl":{"start":{"line":22,"column":6},"end":{"line":22,"column":27}},"loc":{"start":{"line":22,"column":27},"end":{"line":22,"column":0}}},"2":{"name":"Transition","decl":{"start":{"line":36,"column":2},"end":{"line":36,"column":13}},"loc":{"start":{"line":36,"column":26},"end":{"line":40,"column":3}}},"3":{"name":"(anonymous_16)","decl":{"start":{"line":73,"column":9},"end":{"line":73,"column":9}},"loc":{"start":{"line":73,"column":9},"end":{"line":null,"column":-1}}}},"branchMap":{"0":{"loc":{"start":{"line":36,"column":26},"end":{"line":37,"column":9}},"type":"binary-expr","locations":[{"start":{"line":36,"column":26},"end":{"line":37,"column":9}},{"start":{"line":36,"column":26},"end":{"line":37,"column":9}}]},"1":{"loc":{"start":{"line":55,"column":4},"end":{"line":57,"column":5}},"type":"if","locations":[{"start":{"line":55,"column":4},"end":{"line":57,"column":5}},{"start":{"line":55,"column":4},"end":{"line":57,"column":5}}]}},"s":{"0":0,"1":0,"2":0,"3":0,"4":0,"5":0,"6":0,"7":0,"8":0,"9":0,"10":0,"11":0,"12":0,"13":0,"14":0,"15":0,"16":0,"17":0,"18":0,"19":0,"20":0,"21":0},"f":{"0":0,"1":0,"2":0,"3":0},"b":{"0":[0,0],"1":[0,0]}}
,"/Users/uigirl/ReactProjects/gitty-probot-test/src/components/Popper.js": {"path":"/Users/uigirl/ReactProjects/gitty-probot-test/src/components/Popper.js","statementMap":{"0":{"start":{"line":3,"column":0},"end":{"line":null,"column":-1}},"1":{"start":{"line":4,"column":0},"end":{"line":null,"column":-1}},"2":{"start":{"line":5,"column":0},"end":{"line":null,"column":-1}},"3":{"start":{"line":6,"column":0},"end":{"line":null,"column":-1}},"4":{"start":{"line":7,"column":0},"end":{"line":null,"column":-1}},"5":{"start":{"line":9,"column":21},"end":{"line":9,"column":0}},"6":{"start":{"line":11,"column":12},"end":{"line":null,"column":-1}},"7":{"start":{"line":14,"column":26},"end":{"line":14,"column":0}},"8":{"start":{"line":14,"column":26},"end":{"line":14,"column":25}},"9":{"start":{"line":14,"column":26},"end":{"line":null,"column":-1}},"10":{"start":{"line":14,"column":62},"end":{"line":null,"column":-1}},"11":{"start":{"line":17,"column":21},"end":{"line":17,"column":0}},"12":{"start":{"line":19,"column":20},"end":{"line":19,"column":0}},"13":{"start":{"line":40,"column":21},"end":{"line":40,"column":0}},"14":{"start":{"line":40,"column":21},"end":{"line":null,"column":-1}},"15":{"start":{"line":43,"column":21},"end":{"line":43,"column":0}},"16":{"start":{"line":44,"column":13},"end":{"line":null,"column":-1}},"17":{"start":{"line":46,"column":4},"end":{"line":null,"column":-1}},"18":{"start":{"line":54,"column":4},"end":{"line":null,"column":-1}},"19":{"start":{"line":66,"column":27},"end":{"line":66,"column":0}},"20":{"start":{"line":66,"column":27},"end":{"line":66,"column":26}},"21":{"start":{"line":66,"column":27},"end":{"line":null,"column":-1}},"22":{"start":{"line":73,"column":0},"end":{"line":null,"column":-1}},"23":{"start":{"line":79,"column":0},"end":{"line":null,"column":-1}},"24":{"start":{"line":84,"column":24},"end":{"line":84,"column":0}},"25":{"start":{"line":84,"column":24},"end":{"line":null,"column":-1}}},"fnMap":{"0":{"name":"(anonymous_4)","decl":{"start":{"line":11,"column":12},"end":{"line":11,"column":12}},"loc":{"start":{"line":11,"column":12},"end":{"line":9,"column":6}}},"1":{"name":"ifPlacementEquals","decl":{"start":{"line":14,"column":6},"end":{"line":14,"column":26}},"loc":{"start":{"line":14,"column":26},"end":{"line":14,"column":0}}},"2":{"name":"(anonymous_6)","decl":{"start":{"line":14,"column":62},"end":{"line":14,"column":62}},"loc":{"start":{"line":14,"column":62},"end":{"line":14,"column":26}}},"3":{"name":"WrapperArrow","decl":{"start":{"line":40,"column":6},"end":{"line":40,"column":21}},"loc":{"start":{"line":40,"column":21},"end":{"line":40,"column":0}}},"4":{"name":"(anonymous_8)","decl":{"start":{"line":44,"column":13},"end":{"line":null,"column":-1}},"loc":{"start":{"line":44,"column":13},"end":{"line":43,"column":6}}},"5":{"name":"(anonymous_9)","decl":{"start":{"line":46,"column":4},"end":{"line":null,"column":-1}},"loc":{"start":{"line":46,"column":4},"end":{"line":43,"column":6}}},"6":{"name":"(anonymous_10)","decl":{"start":{"line":54,"column":4},"end":{"line":null,"column":-1}},"loc":{"start":{"line":54,"column":4},"end":{"line":43,"column":6}}},"7":{"name":"RawPopperWithArrow","decl":{"start":{"line":66,"column":6},"end":{"line":66,"column":27}},"loc":{"start":{"line":66,"column":27},"end":{"line":66,"column":0}}},"8":{"name":"PopperWithArrow","decl":{"start":{"line":84,"column":6},"end":{"line":84,"column":24}},"loc":{"start":{"line":84,"column":24},"end":{"line":84,"column":0}}}},"branchMap":{"0":{"loc":{"start":{"line":11,"column":49},"end":{"line":11,"column":24}},"type":"cond-expr","locations":[{"start":{"line":11,"column":49},"end":{"line":11,"column":24}},{"start":{"line":11,"column":61},"end":{"line":11,"column":12}}]},"1":{"loc":{"start":{"line":14,"column":26},"end":{"line":14,"column":55}},"type":"cond-expr","locations":[{"start":{"line":14,"column":26},"end":{"line":14,"column":55}},{"start":{"line":14,"column":56},"end":{"line":14,"column":26}}]},"2":{"loc":{"start":{"line":14,"column":26},"end":{"line":14,"column":55}},"type":"binary-expr","locations":[{"start":{"line":14,"column":26},"end":{"line":14,"column":55}},{"start":{"line":14,"column":26},"end":{"line":14,"column":55}}]},"3":{"loc":{"start":{"line":15,"column":56},"end":{"line":15,"column":2}},"type":"cond-expr","locations":[{"start":{"line":15,"column":56},"end":{"line":15,"column":2}},{"start":{"line":15,"column":64},"end":{"line":14,"column":62}}]},"4":{"loc":{"start":{"line":44,"column":38},"end":{"line":44,"column":23}},"type":"cond-expr","locations":[{"start":{"line":44,"column":38},"end":{"line":44,"column":23}},{"start":{"line":44,"column":47},"end":{"line":44,"column":13}}]},"5":{"loc":{"start":{"line":46,"column":13},"end":{"line":46,"column":12}},"type":"binary-expr","locations":[{"start":{"line":46,"column":13},"end":{"line":46,"column":12}},{"start":{"line":46,"column":13},"end":{"line":46,"column":4}}]},"6":{"loc":{"start":{"line":54,"column":13},"end":{"line":54,"column":12}},"type":"binary-expr","locations":[{"start":{"line":54,"column":13},"end":{"line":54,"column":12}},{"start":{"line":54,"column":13},"end":{"line":54,"column":4}}]},"7":{"loc":{"start":{"line":69,"column":5},"end":{"line":69,"column":17}},"type":"binary-expr","locations":[{"start":{"line":69,"column":5},"end":{"line":69,"column":17}},{"start":{"line":69,"column":18},"end":{"line":null,"column":-1}}]}},"s":{"0":0,"1":0,"2":0,"3":0,"4":0,"5":0,"6":0,"7":0,"8":0,"9":0,"10":0,"11":0,"12":0,"13":0,"14":0,"15":0,"16":0,"17":0,"18":0,"19":0,"20":0,"21":0,"22":0,"23":0,"24":0,"25":0},"f":{"0":0,"1":0,"2":0,"3":0,"4":0,"5":0,"6":0,"7":0,"8":0},"b":{"0":[0,0],"1":[0,0],"2":[0,0],"3":[0,0],"4":[0,0],"5":[0,0],"6":[0,0],"7":[0,0]}}
,"/Users/uigirl/ReactProjects/gitty-probot-test/src/components/Subheading.js": {"path":"/Users/uigirl/ReactProjects/gitty-probot-test/src/components/Subheading.js","statementMap":{"0":{"start":{"line":1,"column":0},"end":{"line":null,"column":-1}},"1":{"start":{"line":2,"column":0},"end":{"line":null,"column":-1}},"2":{"start":{"line":3,"column":0},"end":{"line":null,"column":-1}},"3":{"start":{"line":6,"column":16},"end":{"line":6,"column":0}},"4":{"start":{"line":13,"column":19},"end":{"line":13,"column":0}},"5":{"start":{"line":13,"column":19},"end":{"line":null,"column":-1}}},"fnMap":{"0":{"name":"Subheading","decl":{"start":{"line":13,"column":6},"end":{"line":13,"column":19}},"loc":{"start":{"line":13,"column":19},"end":{"line":13,"column":0}}}},"branchMap":{},"s":{"0":0,"1":0,"2":0,"3":0,"4":0,"5":0},"f":{"0":0},"b":{}}
,"/Users/uigirl/ReactProjects/gitty-probot-test/src/components/WithTooltip.js": {"path":"/Users/uigirl/ReactProjects/gitty-probot-test/src/components/WithTooltip.js","statementMap":{"0":{"start":{"line":1,"column":0},"end":{"line":null,"column":-1}},"1":{"start":{"line":2,"column":0},"end":{"line":null,"column":-1}},"2":{"start":{"line":6,"column":0},"end":{"line":null,"column":-1}},"3":{"start":{"line":7,"column":0},"end":{"line":null,"column":-1}},"4":{"start":{"line":9,"column":0},"end":{"line":null,"column":-1}},"5":{"start":{"line":13,"column":24},"end":{"line":13,"column":0}},"6":{"start":{"line":15,"column":12},"end":{"line":null,"column":-1}},"7":{"start":{"line":18,"column":27},"end":{"line":18,"column":0}},"8":{"start":{"line":19,"column":12},"end":{"line":null,"column":-1}},"9":{"start":{"line":23,"column":2},"end":{"line":null,"column":-1}},"10":{"start":{"line":24,"column":20},"end":{"line":null,"column":-1}},"11":{"start":{"line":30,"column":30},"end":{"line":null,"column":-1}},"12":{"start":{"line":32,"column":4},"end":{"line":null,"column":-1}},"13":{"start":{"line":33,"column":4},"end":{"line":null,"column":-1}},"14":{"start":{"line":34,"column":4},"end":{"line":null,"column":-1}},"15":{"start":{"line":35,"column":4},"end":{"line":null,"column":-1}},"16":{"start":{"line":36,"column":4},"end":{"line":null,"column":-1}},"17":{"start":{"line":39,"column":4},"end":{"line":null,"column":-1}},"18":{"start":{"line":40,"column":4},"end":{"line":null,"column":-1}},"19":{"start":{"line":41,"column":4},"end":{"line":null,"column":-1}},"20":{"start":{"line":45,"column":4},"end":{"line":49,"column":5}},"21":{"start":{"line":48,"column":6},"end":{"line":null,"column":-1}},"22":{"start":{"line":50,"column":4},"end":{"line":null,"column":-1}},"23":{"start":{"line":56,"column":4},"end":{"line":null,"column":-1}},"24":{"start":{"line":61,"column":4},"end":{"line":null,"column":-1}},"25":{"start":{"line":62,"column":4},"end":{"line":null,"column":-1}},"26":{"start":{"line":63,"column":4},"end":{"line":null,"column":-1}},"27":{"start":{"line":64,"column":4},"end":{"line":null,"column":-1}},"28":{"start":{"line":65,"column":4},"end":{"line":null,"column":-1}},"29":{"start":{"line":66,"column":4},"end":{"line":null,"column":-1}},"30":{"start":{"line":70,"column":4},"end":{"line":null,"column":-1}},"31":{"start":{"line":74,"column":4},"end":{"line":null,"column":-1}},"32":{"start":{"line":78,"column":4},"end":{"line":null,"column":-1}},"33":{"start":{"line":79,"column":4},"end":{"line":null,"column":-1}},"34":{"start":{"line":80,"column":4},"end":{"line":null,"column":-1}},"35":{"start":{"line":81,"column":4},"end":{"line":null,"column":-1}},"36":{"start":{"line":82,"column":4},"end":{"line":null,"column":-1}},"37":{"start":{"line":86,"column":4},"end":{"line":88,"column":5}},"38":{"start":{"line":87,"column":6},"end":{"line":null,"column":-1}},"39":{"start":{"line":92,"column":4},"end":{"line":96,"column":5}},"40":{"start":{"line":93,"column":6},"end":{"line":null,"column":-1}},"41":{"start":{"line":95,"column":6},"end":{"line":null,"column":-1}},"42":{"start":{"line":100,"column":4},"end":{"line":105,"column":5}},"43":{"start":{"line":104,"column":6},"end":{"line":null,"column":-1}},"44":{"start":{"line":109,"column":4},"end":{"line":111,"column":5}},"45":{"start":{"line":110,"column":6},"end":{"line":null,"column":-1}},"46":{"start":{"line":113,"column":4},"end":{"line":117,"column":5}},"47":{"start":{"line":114,"column":6},"end":{"line":null,"column":-1}},"48":{"start":{"line":116,"column":6},"end":{"line":null,"column":-1}},"49":{"start":{"line":121,"column":4},"end":{"line":123,"column":5}},"50":{"start":{"line":122,"column":6},"end":{"line":null,"column":-1}},"51":{"start":{"line":127,"column":4},"end":{"line":null,"column":-1}},"52":{"start":{"line":128,"column":4},"end":{"line":null,"column":-1}},"53":{"start":{"line":137,"column":4},"end":{"line":null,"column":-1}},"54":{"start":{"line":138,"column":4},"end":{"line":142,"column":5}},"55":{"start":{"line":139,"column":6},"end":{"line":null,"column":-1}},"56":{"start":{"line":141,"column":6},"end":{"line":null,"column":-1}},"57":{"start":{"line":146,"column":21},"end":{"line":145,"column":11}},"58":{"start":{"line":147,"column":4},"end":{"line":163,"column":5}},"59":{"start":{"line":148,"column":21},"end":{"line":148,"column":6}},"60":{"start":{"line":152,"column":6},"end":{"line":null,"column":-1}},"61":{"start":{"line":156,"column":11},"end":{"line":163,"column":5}},"62":{"start":{"line":157,"column":6},"end":{"line":null,"column":-1}},"63":{"start":{"line":164,"column":4},"end":{"line":null,"column":-1}},"64":{"start":{"line":167,"column":17},"end":{"line":null,"column":-1}},"65":{"start":{"line":178,"column":8},"end":{"line":167,"column":17}},"66":{"start":{"line":167,"column":17},"end":{"line":167,"column":16}},"67":{"start":{"line":179,"column":23},"end":{"line":167,"column":17}},"68":{"start":{"line":181,"column":4},"end":{"line":206,"column":5}},"69":{"start":{"line":183,"column":8},"end":{"line":182,"column":6}},"70":{"start":{"line":185,"column":13},"end":{"line":185,"column":12}},"71":{"start":{"line":185,"column":13},"end":{"line":null,"column":-1}},"72":{"start":{"line":189,"column":14},"end":{"line":null,"column":-1}},"73":{"start":{"line":203,"column":6},"end":{"line":null,"column":-1}},"74":{"start":{"line":205,"column":6},"end":{"line":null,"column":-1}},"75":{"start":{"line":209,"column":11},"end":{"line":null,"column":-1}},"76":{"start":{"line":218,"column":8},"end":{"line":209,"column":11}},"77":{"start":{"line":209,"column":11},"end":{"line":209,"column":10}},"78":{"start":{"line":220,"column":22},"end":{"line":220,"column":4}},"79":{"start":{"line":221,"column":4},"end":{"line":null,"column":-1}},"80":{"start":{"line":225,"column":10},"end":{"line":null,"column":-1}},"81":{"start":{"line":235,"column":0},"end":{"line":null,"column":-1}},"82":{"start":{"line":246,"column":0},"end":{"line":null,"column":-1}}},"fnMap":{"0":{"name":"(anonymous_10)","decl":{"start":{"line":15,"column":12},"end":{"line":null,"column":-1}},"loc":{"start":{"line":15,"column":12},"end":{"line":13,"column":6}}},"1":{"name":"(anonymous_11)","decl":{"start":{"line":19,"column":12},"end":{"line":19,"column":12}},"loc":{"start":{"line":19,"column":12},"end":{"line":18,"column":6}}},"2":{"name":"withinElements","decl":{"start":{"line":22,"column":9},"end":{"line":22,"column":0}},"loc":{"start":{"line":22,"column":43},"end":{"line":27,"column":1}}},"3":{"name":"(anonymous_13)","decl":{"start":{"line":24,"column":20},"end":{"line":24,"column":20}},"loc":{"start":{"line":24,"column":20},"end":{"line":24,"column":6}}},"4":{"name":"WithTooltip","decl":{"start":{"line":30,"column":2},"end":{"line":30,"column":13}},"loc":{"start":{"line":30,"column":30},"end":{"line":42,"column":3}}},"5":{"name":"(anonymous_28)","decl":{"start":{"line":185,"column":13},"end":{"line":null,"column":-1}},"loc":{"start":{"line":185,"column":13},"end":{"line":null,"column":-1}}},"6":{"name":"innerRef","decl":{"start":{"line":188,"column":22},"end":{"line":188,"column":22}},"loc":{"start":{"line":188,"column":29},"end":{"line":187,"column":10}}},"7":{"name":"innerRef","decl":{"start":{"line":224,"column":18},"end":{"line":224,"column":18}},"loc":{"start":{"line":224,"column":25},"end":{"line":222,"column":6}}}},"branchMap":{"0":{"loc":{"start":{"line":15,"column":46},"end":{"line":15,"column":21}},"type":"cond-expr","locations":[{"start":{"line":15,"column":46},"end":{"line":15,"column":21}},{"start":{"line":15,"column":58},"end":{"line":15,"column":12}}]},"1":{"loc":{"start":{"line":19,"column":49},"end":{"line":19,"column":24}},"type":"cond-expr","locations":[{"start":{"line":19,"column":49},"end":{"line":19,"column":24}},{"start":{"line":19,"column":61},"end":{"line":19,"column":12}}]},"2":{"loc":{"start":{"line":24,"column":4},"end":{"line":24,"column":3}},"type":"binary-expr","locations":[{"start":{"line":24,"column":4},"end":{"line":24,"column":3}},{"start":{"line":25,"column":5},"end":{"line":25,"column":4}},{"start":{"line":25,"column":27},"end":{"line":23,"column":2}}]},"3":{"loc":{"start":{"line":30,"column":30},"end":{"line":31,"column":9}},"type":"binary-expr","locations":[{"start":{"line":30,"column":30},"end":{"line":31,"column":9}},{"start":{"line":30,"column":30},"end":{"line":31,"column":9}}]},"4":{"loc":{"start":{"line":45,"column":4},"end":{"line":49,"column":5}},"type":"if","locations":[{"start":{"line":45,"column":4},"end":{"line":49,"column":5}},{"start":{"line":45,"column":4},"end":{"line":49,"column":5}}]},"5":{"loc":{"start":{"line":64,"column":18},"end":{"line":64,"column":58}},"type":"binary-expr","locations":[{"start":{"line":64,"column":18},"end":{"line":64,"column":58}},{"start":{"line":64,"column":59},"end":{"line":64,"column":4}}]},"6":{"loc":{"start":{"line":86,"column":4},"end":{"line":88,"column":5}},"type":"if","locations":[{"start":{"line":86,"column":4},"end":{"line":88,"column":5}},{"start":{"line":86,"column":4},"end":{"line":88,"column":5}}]},"7":{"loc":{"start":{"line":92,"column":4},"end":{"line":96,"column":5}},"type":"if","locations":[{"start":{"line":92,"column":4},"end":{"line":96,"column":5}},{"start":{"line":92,"column":4},"end":{"line":96,"column":5}}]},"8":{"loc":{"start":{"line":100,"column":4},"end":{"line":105,"column":5}},"type":"if","locations":[{"start":{"line":100,"column":4},"end":{"line":105,"column":5}},{"start":{"line":100,"column":4},"end":{"line":105,"column":5}}]},"9":{"loc":{"start":{"line":101,"column":6},"end":{"line":101,"column":5}},"type":"binary-expr","locations":[{"start":{"line":101,"column":6},"end":{"line":101,"column":5}},{"start":{"line":102,"column":6},"end":{"line":100,"column":4}}]},"10":{"loc":{"start":{"line":109,"column":4},"end":{"line":111,"column":5}},"type":"if","locations":[{"start":{"line":109,"column":4},"end":{"line":111,"column":5}},{"start":{"line":109,"column":4},"end":{"line":111,"column":5}}]},"11":{"loc":{"start":{"line":113,"column":4},"end":{"line":117,"column":5}},"type":"if","locations":[{"start":{"line":113,"column":4},"end":{"line":117,"column":5}},{"start":{"line":113,"column":4},"end":{"line":117,"column":5}}]},"12":{"loc":{"start":{"line":121,"column":4},"end":{"line":123,"column":5}},"type":"if","locations":[{"start":{"line":121,"column":4},"end":{"line":123,"column":5}},{"start":{"line":121,"column":4},"end":{"line":123,"column":5}}]},"13":{"loc":{"start":{"line":138,"column":4},"end":{"line":142,"column":5}},"type":"if","locations":[{"start":{"line":138,"column":4},"end":{"line":142,"column":5}},{"start":{"line":138,"column":4},"end":{"line":142,"column":5}}]},"14":{"loc":{"start":{"line":147,"column":4},"end":{"line":163,"column":5}},"type":"if","locations":[{"start":{"line":147,"column":4},"end":{"line":163,"column":5}},{"start":{"line":147,"column":4},"end":{"line":163,"column":5}}]},"15":{"loc":{"start":{"line":156,"column":11},"end":{"line":163,"column":5}},"type":"if","locations":[{"start":{"line":156,"column":11},"end":{"line":163,"column":5}},{"start":{"line":156,"column":11},"end":{"line":163,"column":5}}]},"16":{"loc":{"start":{"line":181,"column":4},"end":{"line":206,"column":5}},"type":"if","locations":[{"start":{"line":181,"column":4},"end":{"line":206,"column":5}},{"start":{"line":181,"column":4},"end":{"line":206,"column":5}}]},"17":{"loc":{"start":{"line":185,"column":43},"end":{"line":185,"column":69}},"type":"binary-expr","locations":[{"start":{"line":185,"column":43},"end":{"line":185,"column":69}},{"start":{"line":185,"column":70},"end":{"line":185,"column":13}}]},"18":{"loc":{"start":{"line":197,"column":16},"end":{"line":196,"column":13}},"type":"cond-expr","locations":[{"start":{"line":197,"column":16},"end":{"line":196,"column":13}},{"start":{"line":198,"column":16},"end":{"line":null,"column":-1}}]},"19":{"loc":{"start":{"line":220,"column":28},"end":{"line":220,"column":22}},"type":"cond-expr","locations":[{"start":{"line":220,"column":28},"end":{"line":220,"column":22}},{"start":{"line":220,"column":49},"end":{"line":220,"column":4}}]}},"s":{"0":0,"1":0,"2":0,"3":0,"4":0,"5":0,"6":0,"7":0,"8":0,"9":0,"10":0,"11":0,"12":0,"13":0,"14":0,"15":0,"16":0,"17":0,"18":0,"19":0,"20":0,"21":0,"22":0,"23":0,"24":0,"25":0,"26":0,"27":0,"28":0,"29":0,"30":0,"31":0,"32":0,"33":0,"34":0,"35":0,"36":0,"37":0,"38":0,"39":0,"40":0,"41":0,"42":0,"43":0,"44":0,"45":0,"46":0,"47":0,"48":0,"49":0,"50":0,"51":0,"52":0,"53":0,"54":0,"55":0,"56":0,"57":0,"58":0,"59":0,"60":0,"61":0,"62":0,"63":0,"64":0,"65":0,"66":0,"67":0,"68":0,"69":0,"70":0,"71":0,"72":0,"73":0,"74":0,"75":0,"76":0,"77":0,"78":0,"79":0,"80":0,"81":0,"82":0},"f":{"0":0,"1":0,"2":0,"3":0,"4":0,"5":0,"6":0,"7":0},"b":{"0":[0,0],"1":[0,0],"2":[0,0,0],"3":[0,0],"4":[0,0],"5":[0,0],"6":[0,0],"7":[0,0],"8":[0,0],"9":[0,0],"10":[0,0],"11":[0,0],"12":[0,0],"13":[0,0],"14":[0,0],"15":[0,0],"16":[0,0],"17":[0,0],"18":[0,0],"19":[0,0]}}
,"/Users/uigirl/ReactProjects/gitty-probot-test/src/components/grid/Col.js": {"path":"/Users/uigirl/ReactProjects/gitty-probot-test/src/components/grid/Col.js","statementMap":{"0":{"start":{"line":7,"column":24},"end":{"line":7,"column":79}},"1":{"start":{"line":9,"column":20},"end":{"line":9,"column":60}},"2":{"start":{"line":9,"column":47},"end":{"line":9,"column":59}},"3":{"start":{"line":10,"column":27},"end":{"line":16,"column":6}},"4":{"start":{"line":12,"column":2},"end":{"line":12,"column":41}},"5":{"start":{"line":14,"column":2},"end":{"line":14,"column":53}},"6":{"start":{"line":15,"column":2},"end":{"line":15,"column":19}},"7":{"start":{"line":18,"column":12},"end":{"line":77,"column":1}},"8":{"start":{"line":21,"column":26},"end":{"line":21,"column":51}},"9":{"start":{"line":22,"column":25},"end":{"line":22,"column":50}},"10":{"start":{"line":26,"column":4},"end":{"line":29,"column":3}},"11":{"start":{"line":31,"column":4},"end":{"line":60,"column":7}},"12":{"start":{"line":33,"column":21},"end":{"line":33,"column":48}},"13":{"start":{"line":35,"column":20},"end":{"line":35,"column":77}},"14":{"start":{"line":39,"column":10},"end":{"line":59,"column":12}},"15":{"start":{"line":63,"column":4},"end":{"line":71,"column":7}},"16":{"start":{"line":65,"column":21},"end":{"line":65,"column":44}},"17":{"start":{"line":68,"column":10},"end":{"line":70,"column":7}},"18":{"start":{"line":73,"column":11},"end":{"line":76,"column":3}},"19":{"start":{"line":79,"column":0},"end":{"line":79,"column":24}},"20":{"start":{"line":82,"column":0},"end":{"line":86,"column":2}}},"fnMap":{"0":{"name":"(anonymous_0)","decl":{"start":{"line":9,"column":40},"end":{"line":9,"column":41}},"loc":{"start":{"line":9,"column":47},"end":{"line":9,"column":59}},"line":9},"1":{"name":"(anonymous_1)","decl":{"start":{"line":10,"column":50},"end":{"line":10,"column":51}},"loc":{"start":{"line":10,"column":76},"end":{"line":16,"column":1}},"line":10},"2":{"name":"(anonymous_2)","decl":{"start":{"line":21,"column":19},"end":{"line":21,"column":20}},"loc":{"start":{"line":21,"column":26},"end":{"line":21,"column":51}},"line":21},"3":{"name":"(anonymous_3)","decl":{"start":{"line":22,"column":18},"end":{"line":22,"column":19}},"loc":{"start":{"line":22,"column":25},"end":{"line":22,"column":50}},"line":22},"4":{"name":"(anonymous_4)","decl":{"start":{"line":25,"column":4},"end":{"line":25,"column":5}},"loc":{"start":{"line":26,"column":4},"end":{"line":29,"column":3}},"line":26},"5":{"name":"(anonymous_5)","decl":{"start":{"line":30,"column":4},"end":{"line":30,"column":5}},"loc":{"start":{"line":31,"column":4},"end":{"line":60,"column":7}},"line":31},"6":{"name":"(anonymous_6)","decl":{"start":{"line":33,"column":14},"end":{"line":33,"column":15}},"loc":{"start":{"line":33,"column":21},"end":{"line":33,"column":48}},"line":33},"7":{"name":"(anonymous_7)","decl":{"start":{"line":35,"column":8},"end":{"line":35,"column":9}},"loc":{"start":{"line":35,"column":20},"end":{"line":35,"column":77}},"line":35},"8":{"name":"(anonymous_8)","decl":{"start":{"line":38,"column":8},"end":{"line":38,"column":9}},"loc":{"start":{"line":39,"column":10},"end":{"line":59,"column":12}},"line":39},"9":{"name":"(anonymous_9)","decl":{"start":{"line":62,"column":4},"end":{"line":62,"column":5}},"loc":{"start":{"line":63,"column":4},"end":{"line":71,"column":7}},"line":63},"10":{"name":"(anonymous_10)","decl":{"start":{"line":65,"column":14},"end":{"line":65,"column":15}},"loc":{"start":{"line":65,"column":21},"end":{"line":65,"column":44}},"line":65},"11":{"name":"(anonymous_11)","decl":{"start":{"line":67,"column":8},"end":{"line":67,"column":9}},"loc":{"start":{"line":68,"column":10},"end":{"line":70,"column":7}},"line":68},"12":{"name":"(anonymous_12)","decl":{"start":{"line":73,"column":4},"end":{"line":73,"column":5}},"loc":{"start":{"line":73,"column":11},"end":{"line":76,"column":3}},"line":73}},"branchMap":{"0":{"loc":{"start":{"line":26,"column":4},"end":{"line":29,"column":3}},"type":"binary-expr","locations":[{"start":{"line":26,"column":4},"end":{"line":26,"column":13}},{"start":{"line":27,"column":4},"end":{"line":29,"column":3}}],"line":26},"1":{"loc":{"start":{"line":41,"column":12},"end":{"line":58,"column":34}},"type":"cond-expr","locations":[{"start":{"line":43,"column":16},"end":{"line":47,"column":7}},{"start":{"line":49,"column":16},"end":{"line":58,"column":34}}],"line":41},"2":{"loc":{"start":{"line":49,"column":16},"end":{"line":58,"column":34}},"type":"cond-expr","locations":[{"start":{"line":51,"column":18},"end":{"line":56,"column":9}},{"start":{"line":58,"column":18},"end":{"line":58,"column":34}}],"line":49}},"s":{"0":4,"1":4,"2":20,"3":4,"4":20,"5":20,"6":20,"7":4,"8":1,"9":1,"10":1,"11":1,"12":1,"13":0,"14":0,"15":1,"16":1,"17":0,"18":1,"19":4,"20":4},"f":{"0":20,"1":20,"2":1,"3":1,"4":1,"5":1,"6":1,"7":0,"8":0,"9":1,"10":1,"11":0,"12":1},"b":{"0":[1,0],"1":[0,0],"2":[0,0]},"_coverageSchema":"332fd63041d2c1bcb487cc26dd0d5f7d97098a6c","hash":"9e751c31381a669b53c0d748e4c9e401947aaa8e"}
,"/Users/uigirl/ReactProjects/gitty-probot-test/src/components/grid/Container.js": {"path":"/Users/uigirl/ReactProjects/gitty-probot-test/src/components/grid/Container.js","statementMap":{"0":{"start":{"line":8,"column":18},"end":{"line":29,"column":1}},"1":{"start":{"line":14,"column":4},"end":{"line":18,"column":5}},"2":{"start":{"line":16,"column":31},"end":{"line":16,"column":61}},"3":{"start":{"line":17,"column":30},"end":{"line":17,"column":60}},"4":{"start":{"line":19,"column":4},"end":{"line":28,"column":5}},"5":{"start":{"line":23,"column":10},"end":{"line":26,"column":7}},"6":{"start":{"line":25,"column":28},"end":{"line":25,"column":50}},"7":{"start":{"line":31,"column":0},"end":{"line":31,"column":36}},"8":{"start":{"line":34,"column":0},"end":{"line":37,"column":2}},"9":{"start":{"line":39,"column":20},"end":{"line":39,"column":29}}},"fnMap":{"0":{"name":"(anonymous_0)","decl":{"start":{"line":13,"column":4},"end":{"line":13,"column":5}},"loc":{"start":{"line":14,"column":4},"end":{"line":18,"column":5}},"line":14},"1":{"name":"(anonymous_1)","decl":{"start":{"line":16,"column":23},"end":{"line":16,"column":24}},"loc":{"start":{"line":16,"column":31},"end":{"line":16,"column":61}},"line":16},"2":{"name":"(anonymous_2)","decl":{"start":{"line":17,"column":22},"end":{"line":17,"column":23}},"loc":{"start":{"line":17,"column":30},"end":{"line":17,"column":60}},"line":17},"3":{"name":"(anonymous_3)","decl":{"start":{"line":18,"column":9},"end":{"line":18,"column":10}},"loc":{"start":{"line":19,"column":4},"end":{"line":28,"column":5}},"line":19},"4":{"name":"(anonymous_4)","decl":{"start":{"line":22,"column":8},"end":{"line":22,"column":9}},"loc":{"start":{"line":23,"column":10},"end":{"line":26,"column":7}},"line":23},"5":{"name":"(anonymous_5)","decl":{"start":{"line":25,"column":21},"end":{"line":25,"column":22}},"loc":{"start":{"line":25,"column":28},"end":{"line":25,"column":50}},"line":25}},"branchMap":{"0":{"loc":{"start":{"line":14,"column":4},"end":{"line":18,"column":5}},"type":"binary-expr","locations":[{"start":{"line":14,"column":4},"end":{"line":14,"column":11}},{"start":{"line":15,"column":4},"end":{"line":18,"column":5}}],"line":14},"1":{"loc":{"start":{"line":19,"column":4},"end":{"line":28,"column":5}},"type":"binary-expr","locations":[{"start":{"line":19,"column":4},"end":{"line":19,"column":12}},{"start":{"line":20,"column":4},"end":{"line":28,"column":5}}],"line":19},"2":{"loc":{"start":{"line":23,"column":10},"end":{"line":26,"column":7}},"type":"binary-expr","locations":[{"start":{"line":23,"column":10},"end":{"line":23,"column":32}},{"start":{"line":24,"column":10},"end":{"line":26,"column":7}}],"line":23}},"s":{"0":4,"1":6,"2":0,"3":0,"4":6,"5":30,"6":18,"7":4,"8":4,"9":4},"f":{"0":6,"1":0,"2":0,"3":6,"4":30,"5":18},"b":{"0":[6,0],"1":[6,6],"2":[30,18]},"_coverageSchema":"332fd63041d2c1bcb487cc26dd0d5f7d97098a6c","hash":"b36dba9ebd361df9054fe1fb00a38a85e7aae598"}
,"/Users/uigirl/ReactProjects/gitty-probot-test/src/components/grid/Flex.js": {"path":"/Users/uigirl/ReactProjects/gitty-probot-test/src/components/grid/Flex.js","statementMap":{"0":{"start":{"line":10,"column":20},"end":{"line":10,"column":38}},"1":{"start":{"line":12,"column":0},"end":{"line":12,"column":26}}},"fnMap":{},"branchMap":{},"s":{"0":4,"1":4},"f":{},"b":{},"_coverageSchema":"332fd63041d2c1bcb487cc26dd0d5f7d97098a6c","hash":"4d64b7dcb983a61336d989b5a2ee91c8f94f2099"}
,"/Users/uigirl/ReactProjects/gitty-probot-test/src/components/grid/Row.js": {"path":"/Users/uigirl/ReactProjects/gitty-probot-test/src/components/grid/Row.js","statementMap":{"0":{"start":{"line":7,"column":24},"end":{"line":7,"column":56}},"1":{"start":{"line":9,"column":12},"end":{"line":80,"column":1}},"2":{"start":{"line":16,"column":25},"end":{"line":16,"column":57}},"3":{"start":{"line":17,"column":24},"end":{"line":17,"column":56}},"4":{"start":{"line":19,"column":4},"end":{"line":22,"column":3}},"5":{"start":{"line":24,"column":4},"end":{"line":28,"column":3}},"6":{"start":{"line":30,"column":4},"end":{"line":34,"column":3}},"7":{"start":{"line":36,"column":4},"end":{"line":40,"column":3}},"8":{"start":{"line":42,"column":4},"end":{"line":45,"column":3}},"9":{"start":{"line":47,"column":4},"end":{"line":50,"column":3}},"10":{"start":{"line":52,"column":4},"end":{"line":55,"column":3}},"11":{"start":{"line":57,"column":4},"end":{"line":60,"column":3}},"12":{"start":{"line":62,"column":4},"end":{"line":65,"column":3}},"13":{"start":{"line":67,"column":4},"end":{"line":70,"column":3}},"14":{"start":{"line":72,"column":4},"end":{"line":75,"column":3}},"15":{"start":{"line":76,"column":11},"end":{"line":79,"column":3}},"16":{"start":{"line":82,"column":0},"end":{"line":82,"column":24}},"17":{"start":{"line":85,"column":0},"end":{"line":98,"column":2}}},"fnMap":{"0":{"name":"(anonymous_0)","decl":{"start":{"line":16,"column":18},"end":{"line":16,"column":19}},"loc":{"start":{"line":16,"column":25},"end":{"line":16,"column":57}},"line":16},"1":{"name":"(anonymous_1)","decl":{"start":{"line":17,"column":17},"end":{"line":17,"column":18}},"loc":{"start":{"line":17,"column":24},"end":{"line":17,"column":56}},"line":17},"2":{"name":"(anonymous_2)","decl":{"start":{"line":18,"column":4},"end":{"line":18,"column":5}},"loc":{"start":{"line":19,"column":4},"end":{"line":22,"column":3}},"line":19},"3":{"name":"(anonymous_3)","decl":{"start":{"line":23,"column":4},"end":{"line":23,"column":5}},"loc":{"start":{"line":24,"column":4},"end":{"line":28,"column":3}},"line":24},"4":{"name":"(anonymous_4)","decl":{"start":{"line":29,"column":4},"end":{"line":29,"column":5}},"loc":{"start":{"line":30,"column":4},"end":{"line":34,"column":3}},"line":30},"5":{"name":"(anonymous_5)","decl":{"start":{"line":35,"column":4},"end":{"line":35,"column":5}},"loc":{"start":{"line":36,"column":4},"end":{"line":40,"column":3}},"line":36},"6":{"name":"(anonymous_6)","decl":{"start":{"line":41,"column":4},"end":{"line":41,"column":5}},"loc":{"start":{"line":42,"column":4},"end":{"line":45,"column":3}},"line":42},"7":{"name":"(anonymous_7)","decl":{"start":{"line":46,"column":4},"end":{"line":46,"column":5}},"loc":{"start":{"line":47,"column":4},"end":{"line":50,"column":3}},"line":47},"8":{"name":"(anonymous_8)","decl":{"start":{"line":51,"column":4},"end":{"line":51,"column":5}},"loc":{"start":{"line":52,"column":4},"end":{"line":55,"column":3}},"line":52},"9":{"name":"(anonymous_9)","decl":{"start":{"line":56,"column":4},"end":{"line":56,"column":5}},"loc":{"start":{"line":57,"column":4},"end":{"line":60,"column":3}},"line":57},"10":{"name":"(anonymous_10)","decl":{"start":{"line":61,"column":4},"end":{"line":61,"column":5}},"loc":{"start":{"line":62,"column":4},"end":{"line":65,"column":3}},"line":62},"11":{"name":"(anonymous_11)","decl":{"start":{"line":66,"column":4},"end":{"line":66,"column":5}},"loc":{"start":{"line":67,"column":4},"end":{"line":70,"column":3}},"line":67},"12":{"name":"(anonymous_12)","decl":{"start":{"line":71,"column":4},"end":{"line":71,"column":5}},"loc":{"start":{"line":72,"column":4},"end":{"line":75,"column":3}},"line":72},"13":{"name":"(anonymous_13)","decl":{"start":{"line":76,"column":4},"end":{"line":76,"column":5}},"loc":{"start":{"line":76,"column":11},"end":{"line":79,"column":3}},"line":76}},"branchMap":{"0":{"loc":{"start":{"line":19,"column":4},"end":{"line":22,"column":3}},"type":"binary-expr","locations":[{"start":{"line":19,"column":4},"end":{"line":19,"column":13}},{"start":{"line":20,"column":4},"end":{"line":22,"column":3}}],"line":19},"1":{"loc":{"start":{"line":24,"column":4},"end":{"line":28,"column":3}},"type":"binary-expr","locations":[{"start":{"line":24,"column":4},"end":{"line":24,"column":11}},{"start":{"line":25,"column":4},"end":{"line":28,"column":3}}],"line":24},"2":{"loc":{"start":{"line":30,"column":4},"end":{"line":34,"column":3}},"type":"binary-expr","locations":[{"start":{"line":30,"column":4},"end":{"line":30,"column":12}},{"start":{"line":31,"column":4},"end":{"line":34,"column":3}}],"line":30},"3":{"loc":{"start":{"line":36,"column":4},"end":{"line":40,"column":3}},"type":"binary-expr","locations":[{"start":{"line":36,"column":4},"end":{"line":36,"column":9}},{"start":{"line":37,"column":4},"end":{"line":40,"column":3}}],"line":36},"4":{"loc":{"start":{"line":42,"column":4},"end":{"line":45,"column":3}},"type":"binary-expr","locations":[{"start":{"line":42,"column":4},"end":{"line":42,"column":9}},{"start":{"line":43,"column":4},"end":{"line":45,"column":3}}],"line":42},"5":{"loc":{"start":{"line":47,"column":4},"end":{"line":50,"column":3}},"type":"binary-expr","locations":[{"start":{"line":47,"column":4},"end":{"line":47,"column":12}},{"start":{"line":48,"column":4},"end":{"line":50,"column":3}}],"line":47},"6":{"loc":{"start":{"line":52,"column":4},"end":{"line":55,"column":3}},"type":"binary-expr","locations":[{"start":{"line":52,"column":4},"end":{"line":52,"column":12}},{"start":{"line":53,"column":4},"end":{"line":55,"column":3}}],"line":52},"7":{"loc":{"start":{"line":57,"column":4},"end":{"line":60,"column":3}},"type":"binary-expr","locations":[{"start":{"line":57,"column":4},"end":{"line":57,"column":12}},{"start":{"line":58,"column":4},"end":{"line":60,"column":3}}],"line":57},"8":{"loc":{"start":{"line":62,"column":4},"end":{"line":65,"column":3}},"type":"binary-expr","locations":[{"start":{"line":62,"column":4},"end":{"line":62,"column":13}},{"start":{"line":63,"column":4},"end":{"line":65,"column":3}}],"line":62},"9":{"loc":{"start":{"line":67,"column":4},"end":{"line":70,"column":3}},"type":"binary-expr","locations":[{"start":{"line":67,"column":4},"end":{"line":67,"column":11}},{"start":{"line":68,"column":4},"end":{"line":70,"column":3}}],"line":67},"10":{"loc":{"start":{"line":72,"column":4},"end":{"line":75,"column":3}},"type":"binary-expr","locations":[{"start":{"line":72,"column":4},"end":{"line":72,"column":10}},{"start":{"line":73,"column":4},"end":{"line":75,"column":3}}],"line":72}},"s":{"0":4,"1":4,"2":1,"3":1,"4":1,"5":1,"6":1,"7":1,"8":1,"9":1,"10":1,"11":1,"12":1,"13":1,"14":1,"15":1,"16":4,"17":4},"f":{"0":1,"1":1,"2":1,"3":1,"4":1,"5":1,"6":1,"7":1,"8":1,"9":1,"10":1,"11":1,"12":1,"13":1},"b":{"0":[1,0],"1":[1,0],"2":[1,0],"3":[1,0],"4":[1,0],"5":[1,0],"6":[1,0],"7":[1,0],"8":[1,0],"9":[1,0],"10":[1,0]},"_coverageSchema":"332fd63041d2c1bcb487cc26dd0d5f7d97098a6c","hash":"b095540dfc7853268569439ef24252fdcda02332"}
,"/Users/uigirl/ReactProjects/gitty-probot-test/src/components/grid/Scrollable.js": {"path":"/Users/uigirl/ReactProjects/gitty-probot-test/src/components/grid/Scrollable.js","statementMap":{"0":{"start":{"line":4,"column":19},"end":{"line":10,"column":1}},"1":{"start":{"line":12,"column":0},"end":{"line":12,"column":38}}},"fnMap":{},"branchMap":{},"s":{"0":4,"1":4},"f":{},"b":{},"_coverageSchema":"332fd63041d2c1bcb487cc26dd0d5f7d97098a6c","hash":"91570c689133eccf3ffdab95017e85f29db6bdf6"}
,"/Users/uigirl/ReactProjects/gitty-probot-test/src/components/grid/gridConfig.js": {"path":"/Users/uigirl/ReactProjects/gitty-probot-test/src/components/grid/gridConfig.js","statementMap":{"0":{"start":{"line":4,"column":19},"end":{"line":4,"column":31}},"1":{"start":{"line":5,"column":31},"end":{"line":5,"column":44}},"2":{"start":{"line":7,"column":32},"end":{"line":7,"column":64}},"3":{"start":{"line":23,"column":25},"end":{"line":33,"column":1}},"4":{"start":{"line":35,"column":25},"end":{"line":35,"column":27}},"5":{"start":{"line":36,"column":20},"end":{"line":37,"column":64}},"6":{"start":{"line":37,"column":2},"end":{"line":37,"column":64}},"7":{"start":{"line":38,"column":30},"end":{"line":39,"column":76}},"8":{"start":{"line":39,"column":2},"end":{"line":39,"column":76}},"9":{"start":{"line":41,"column":22},"end":{"line":75,"column":1}},"10":{"start":{"line":42,"column":20},"end":{"line":42,"column":66}},"11":{"start":{"line":44,"column":4},"end":{"line":44,"column":76}},"12":{"start":{"line":46,"column":15},"end":{"line":61,"column":3}},"13":{"start":{"line":63,"column":2},"end":{"line":72,"column":9}},"14":{"start":{"line":64,"column":28},"end":{"line":64,"column":56}},"15":{"start":{"line":66,"column":4},"end":{"line":70,"column":6}},"16":{"start":{"line":71,"column":4},"end":{"line":71,"column":17}},"17":{"start":{"line":74,"column":2},"end":{"line":74,"column":14}},"18":{"start":{"line":77,"column":31},"end":{"line":77,"column":61}},"19":{"start":{"line":80,"column":18},"end":{"line":83,"column":3}},"20":{"start":{"line":85,"column":2},"end":{"line":87,"column":3}},"21":{"start":{"line":86,"column":4},"end":{"line":86,"column":44}},"22":{"start":{"line":89,"column":15},"end":{"line":89,"column":35}},"23":{"start":{"line":91,"column":2},"end":{"line":91,"column":27}},"24":{"start":{"line":92,"column":2},"end":{"line":92,"column":24}},"25":{"start":{"line":94,"column":2},"end":{"line":94,"column":14}},"26":{"start":{"line":98,"column":2},"end":{"line":102,"column":4}},"27":{"start":{"line":98,"column":27},"end":{"line":102,"column":3}}},"fnMap":{"0":{"name":"(anonymous_0)","decl":{"start":{"line":36,"column":20},"end":{"line":36,"column":21}},"loc":{"start":{"line":37,"column":2},"end":{"line":37,"column":64}},"line":37},"1":{"name":"(anonymous_1)","decl":{"start":{"line":38,"column":30},"end":{"line":38,"column":31}},"loc":{"start":{"line":39,"column":2},"end":{"line":39,"column":76}},"line":39},"2":{"name":"(anonymous_2)","decl":{"start":{"line":41,"column":22},"end":{"line":41,"column":23}},"loc":{"start":{"line":41,"column":49},"end":{"line":75,"column":1}},"line":41},"3":{"name":"(anonymous_3)","decl":{"start":{"line":63,"column":52},"end":{"line":63,"column":53}},"loc":{"start":{"line":63,"column":75},"end":{"line":72,"column":3}},"line":63},"4":{"name":"config","decl":{"start":{"line":79,"column":24},"end":{"line":79,"column":30}},"loc":{"start":{"line":79,"column":59},"end":{"line":95,"column":1}},"line":79},"5":{"name":"makeMedia","decl":{"start":{"line":97,"column":9},"end":{"line":97,"column":18}},"loc":{"start":{"line":97,"column":26},"end":{"line":103,"column":1}},"line":97},"6":{"name":"(anonymous_6)","decl":{"start":{"line":98,"column":9},"end":{"line":98,"column":10}},"loc":{"start":{"line":98,"column":27},"end":{"line":102,"column":3}},"line":98}},"branchMap":{"0":{"loc":{"start":{"line":37,"column":17},"end":{"line":37,"column":63}},"type":"binary-expr","locations":[{"start":{"line":37,"column":18},"end":{"line":37,"column":29}},{"start":{"line":37,"column":33},"end":{"line":37,"column":56}},{"start":{"line":37,"column":61},"end":{"line":37,"column":63}}],"line":37},"1":{"loc":{"start":{"line":39,"column":17},"end":{"line":39,"column":75}},"type":"binary-expr","locations":[{"start":{"line":39,"column":18},"end":{"line":39,"column":29}},{"start":{"line":39,"column":33},"end":{"line":39,"column":68}},{"start":{"line":39,"column":73},"end":{"line":39,"column":75}}],"line":39},"2":{"loc":{"start":{"line":42,"column":20},"end":{"line":42,"column":66}},"type":"binary-expr","locations":[{"start":{"line":42,"column":21},"end":{"line":42,"column":32}},{"start":{"line":42,"column":36},"end":{"line":42,"column":59}},{"start":{"line":42,"column":64},"end":{"line":42,"column":66}}],"line":42},"3":{"loc":{"start":{"line":44,"column":4},"end":{"line":44,"column":76}},"type":"binary-expr","locations":[{"start":{"line":44,"column":5},"end":{"line":44,"column":16}},{"start":{"line":44,"column":20},"end":{"line":44,"column":55}},{"start":{"line":44,"column":60},"end":{"line":44,"column":76}}],"line":44},"4":{"loc":{"start":{"line":67,"column":24},"end":{"line":67,"column":79}},"type":"binary-expr","locations":[{"start":{"line":67,"column":24},"end":{"line":67,"column":40}},{"start":{"line":67,"column":44},"end":{"line":67,"column":79}}],"line":67},"5":{"loc":{"start":{"line":85,"column":2},"end":{"line":87,"column":3}},"type":"if","locations":[{"start":{"line":85,"column":2},"end":{"line":87,"column":3}},{"start":{"line":85,"column":2},"end":{"line":87,"column":3}}],"line":85}},"s":{"0":5,"1":5,"2":5,"3":5,"4":5,"5":5,"6":72,"7":5,"8":72,"9":5,"10":72,"11":72,"12":72,"13":72,"14":360,"15":360,"16":360,"17":72,"18":5,"19":72,"20":72,"21":0,"22":72,"23":72,"24":72,"25":72,"26":360,"27":20},"f":{"0":72,"1":72,"2":72,"3":360,"4":72,"5":360,"6":20},"b":{"0":[72,72,72],"1":[72,72,72],"2":[72,72,72],"3":[72,72,72],"4":[360,360],"5":[0,72]},"_coverageSchema":"332fd63041d2c1bcb487cc26dd0d5f7d97098a6c","hash":"4342482ab35a6f777bdc5b1b366347340a633bfb"}
,"/Users/uigirl/ReactProjects/gitty-probot-test/src/components/grid/index.js": {"path":"/Users/uigirl/ReactProjects/gitty-probot-test/src/components/grid/index.js","statementMap":{},"fnMap":{},"branchMap":{},"s":{},"f":{},"b":{},"_coverageSchema":"332fd63041d2c1bcb487cc26dd0d5f7d97098a6c","hash":"201a466488da0f60b480ce2259872baab944a7a1"}
,"/Users/uigirl/ReactProjects/gitty-probot-test/src/components/shared/icons.js": {"path":"/Users/uigirl/ReactProjects/gitty-probot-test/src/components/shared/icons.js","statementMap":{"0":{"start":{"line":3,"column":14},"end":{"line":3,"column":0}}},"fnMap":{},"branchMap":{},"s":{"0":0},"f":{},"b":{}}
,"/Users/uigirl/ReactProjects/gitty-probot-test/src/components/shared/index.js": {"path":"/Users/uigirl/ReactProjects/gitty-probot-test/src/components/shared/index.js","statementMap":{"0":{"start":{"line":29,"column":0},"end":{"line":null,"column":-1}},"1":{"start":{"line":4,"column":0},"end":{"line":null,"column":-1}},"2":{"start":{"line":5,"column":0},"end":{"line":null,"column":-1}},"3":{"start":{"line":6,"column":0},"end":{"line":null,"column":-1}},"4":{"start":{"line":7,"column":0},"end":{"line":null,"column":-1}},"5":{"start":{"line":8,"column":0},"end":{"line":null,"column":-1}},"6":{"start":{"line":14,"column":0},"end":{"line":null,"column":-1}},"7":{"start":{"line":15,"column":0},"end":{"line":null,"column":-1}},"8":{"start":{"line":16,"column":0},"end":{"line":null,"column":-1}},"9":{"start":{"line":17,"column":0},"end":{"line":null,"column":-1}},"10":{"start":{"line":18,"column":0},"end":{"line":null,"column":-1}},"11":{"start":{"line":19,"column":0},"end":{"line":null,"column":-1}},"12":{"start":{"line":22,"column":0},"end":{"line":null,"column":-1}},"13":{"start":{"line":23,"column":0},"end":{"line":null,"column":-1}},"14":{"start":{"line":24,"column":0},"end":{"line":null,"column":-1}},"15":{"start":{"line":27,"column":0},"end":{"line":null,"column":-1}}},"fnMap":{"0":{"name":"(anonymous_0)","decl":{"start":{"line":29,"column":0},"end":{"line":null,"column":-1}},"loc":{"start":{"line":29,"column":0},"end":{"line":null,"column":-1}}}},"branchMap":{"0":{"loc":{"start":{"line":29,"column":0},"end":{"line":null,"column":-1}},"type":"if","locations":[{"start":{"line":29,"column":0},"end":{"line":null,"column":-1}},{"start":{"line":29,"column":0},"end":{"line":null,"column":-1}}]}},"s":{"0":0,"1":0,"2":0,"3":0,"4":0,"5":0,"6":0,"7":0,"8":0,"9":0,"10":0,"11":0,"12":0,"13":0,"14":0,"15":0},"f":{"0":0},"b":{"0":[0,0]}}
,"/Users/uigirl/ReactProjects/gitty-probot-test/src/components/shared/styles.js": {"path":"/Users/uigirl/ReactProjects/gitty-probot-test/src/components/shared/styles.js","statementMap":{"0":{"start":{"line":3,"column":0},"end":{"line":null,"column":-1}},"1":{"start":{"line":4,"column":0},"end":{"line":null,"column":-1}},"2":{"start":{"line":10,"column":13},"end":{"line":10,"column":7}},"3":{"start":{"line":33,"column":13},"end":{"line":33,"column":7}},"4":{"start":{"line":45,"column":13},"end":{"line":45,"column":7}},"5":{"start":{"line":70,"column":13},"end":{"line":70,"column":7}},"6":{"start":{"line":71,"column":13},"end":{"line":71,"column":7}},"7":{"start":{"line":73,"column":13},"end":{"line":73,"column":7}},"8":{"start":{"line":89,"column":13},"end":{"line":89,"column":7}}},"fnMap":{},"branchMap":{},"s":{"0":0,"1":0,"2":0,"3":0,"4":0,"5":0,"6":0,"7":0,"8":0},"f":{},"b":{}}
[...]
,"/Users/uigirl/ReactProjects/gitty-probot-test/src/components/shared/theme/theme-vars-cache.js": {"path":"/Users/uigirl/ReactProjects/gitty-probot-test/src/components/shared/theme/theme-vars-cache.js","statementMap":{"0":{"start":{"line":2,"column":0},"end":{"line":null,"column":-1}},"1":{"start":{"line":3,"column":0},"end":{"line":null,"column":-1}},"2":{"start":{"line":5,"column":13},"end":{"line":5,"column":7}},"3":{"start":{"line":7,"column":20},"end":{"line":7,"column":0}},"4":{"start":{"line":8,"column":20},"end":{"line":8,"column":0}},"5":{"start":{"line":8,"column":20},"end":{"line":null,"column":-1}},"6":{"start":{"line":10,"column":22},"end":{"line":10,"column":0}},"7":{"start":{"line":11,"column":20},"end":{"line":11,"column":2}},"8":{"start":{"line":13,"column":8},"end":{"line":13,"column":2}},"9":{"start":{"line":19,"column":2},"end":{"line":null,"column":-1}},"10":{"start":{"line":23,"column":18},"end":{"line":23,"column":2}},"11":{"start":{"line":25,"column":2},"end":{"line":27,"column":3}},"12":{"start":{"line":26,"column":4},"end":{"line":null,"column":-1}},"13":{"start":{"line":29,"column":15},"end":{"line":29,"column":2}},"14":{"start":{"line":31,"column":2},"end":{"line":null,"column":-1}},"15":{"start":{"line":32,"column":2},"end":{"line":null,"column":-1}},"16":{"start":{"line":34,"column":2},"end":{"line":null,"column":-1}},"17":{"start":{"line":37,"column":25},"end":{"line":37,"column":0}},"18":{"start":{"line":38,"column":25},"end":{"line":38,"column":0}},"19":{"start":{"line":38,"column":25},"end":{"line":null,"column":-1}},"20":{"start":{"line":40,"column":27},"end":{"line":40,"column":0}},"21":{"start":{"line":41,"column":20},"end":{"line":41,"column":2}},"22":{"start":{"line":43,"column":8},"end":{"line":43,"column":2}},"23":{"start":{"line":49,"column":2},"end":{"line":null,"column":-1}},"24":{"start":{"line":52,"column":13},"end":{"line":52,"column":7}},"25":{"start":{"line":53,"column":2},"end":{"line":53,"column":26}},"26":{"start":{"line":53,"column":26},"end":{"line":null,"column":-1}},"27":{"start":{"line":55,"column":6},"end":{"line":55,"column":2}},"28":{"start":{"line":56,"column":2},"end":{"line":58,"column":3}},"29":{"start":{"line":57,"column":4},"end":{"line":null,"column":-1}},"30":{"start":{"line":60,"column":2},"end":{"line":62,"column":3}},"31":{"start":{"line":61,"column":4},"end":{"line":null,"column":-1}},"32":{"start":{"line":64,"column":15},"end":{"line":64,"column":2}},"33":{"start":{"line":66,"column":2},"end":{"line":null,"column":-1}},"34":{"start":{"line":67,"column":2},"end":{"line":null,"column":-1}},"35":{"start":{"line":69,"column":2},"end":{"line":null,"column":-1}}},"fnMap":{"0":{"name":"makeCacheId","decl":{"start":{"line":8,"column":6},"end":{"line":8,"column":20}},"loc":{"start":{"line":8,"column":20},"end":{"line":8,"column":0}}},"1":{"name":"resolveConfig","decl":{"start":{"line":10,"column":6},"end":{"line":10,"column":22}},"loc":{"start":{"line":10,"column":33},"end":{"line":10,"column":0}}},"2":{"name":"themeVars","decl":{"start":{"line":22,"column":24},"end":{"line":22,"column":15}},"loc":{"start":{"line":22,"column":46},"end":{"line":35,"column":1}}},"3":{"name":"themeMakeCacheId","decl":{"start":{"line":38,"column":6},"end":{"line":38,"column":25}},"loc":{"start":{"line":38,"column":25},"end":{"line":38,"column":0}}},"4":{"name":"themeResolveConfig","decl":{"start":{"line":40,"column":6},"end":{"line":40,"column":27}},"loc":{"start":{"line":40,"column":50},"end":{"line":40,"column":0}}},"5":{"name":"extractThemeOrDefault","decl":{"start":{"line":52,"column":13},"end":{"line":52,"column":37}},"loc":{"start":{"line":52,"column":65},"end":{"line":52,"column":7}}}},"branchMap":{"0":{"loc":{"start":{"line":8,"column":46},"end":{"line":8,"column":45}},"type":"binary-expr","locations":[{"start":{"line":8,"column":46},"end":{"line":8,"column":45}},{"start":{"line":8,"column":61},"end":{"line":8,"column":31}}]},"1":{"loc":{"start":{"line":11,"column":20},"end":{"line":11,"column":19}},"type":"binary-expr","locations":[{"start":{"line":11,"column":20},"end":{"line":11,"column":19}},{"start":{"line":11,"column":35},"end":{"line":11,"column":2}}]},"2":{"loc":{"start":{"line":25,"column":2},"end":{"line":27,"column":3}},"type":"if","locations":[{"start":{"line":25,"column":2},"end":{"line":27,"column":3}},{"start":{"line":25,"column":2},"end":{"line":27,"column":3}}]},"3":{"loc":{"start":{"line":39,"column":17},"end":{"line":39,"column":37}},"type":"binary-expr","locations":[{"start":{"line":39,"column":17},"end":{"line":39,"column":37}},{"start":{"line":39,"column":38},"end":{"line":39,"column":2}}]},"4":{"loc":{"start":{"line":41,"column":20},"end":{"line":41,"column":40}},"type":"binary-expr","locations":[{"start":{"line":41,"column":20},"end":{"line":41,"column":40}},{"start":{"line":41,"column":41},"end":{"line":41,"column":2}}]},"5":{"loc":{"start":{"line":53,"column":2},"end":{"line":53,"column":26}},"type":"if","locations":[{"start":{"line":53,"column":2},"end":{"line":53,"column":26}},{"start":{"line":53,"column":2},"end":{"line":53,"column":26}}]},"6":{"loc":{"start":{"line":56,"column":2},"end":{"line":58,"column":3}},"type":"if","locations":[{"start":{"line":56,"column":2},"end":{"line":58,"column":3}},{"start":{"line":56,"column":2},"end":{"line":58,"column":3}}]},"7":{"loc":{"start":{"line":60,"column":2},"end":{"line":62,"column":3}},"type":"if","locations":[{"start":{"line":60,"column":2},"end":{"line":62,"column":3}},{"start":{"line":60,"column":2},"end":{"line":62,"column":3}}]}},"s":{"0":0,"1":0,"2":0,"3":0,"4":0,"5":0,"6":0,"7":0,"8":0,"9":0,"10":0,"11":0,"12":0,"13":0,"14":0,"15":0,"16":0,"17":0,"18":0,"19":0,"20":0,"21":0,"22":0,"23":0,"24":0,"25":0,"26":0,"27":0,"28":0,"29":0,"30":0,"31":0,"32":0,"33":0,"34":0,"35":0},"f":{"0":0,"1":0,"2":0,"3":0,"4":0,"5":0},"b":{"0":[0,0],"1":[0,0],"2":[0,0],"3":[0,0],"4":[0,0],"5":[0,0],"6":[0,0],"7":[0,0]}}
,"/Users/uigirl/ReactProjects/gitty-probot-test/src/components/shared/theme/theme.js": {"path":"/Users/uigirl/ReactProjects/gitty-probot-test/src/components/shared/theme/theme.js","statementMap":{"0":{"start":{"line":11,"column":0},"end":{"line":null,"column":-1}},"1":{"start":{"line":19,"column":0},"end":{"line":null,"column":-1}},"2":{"start":{"line":20,"column":0},"end":{"line":null,"column":-1}},"3":{"start":{"line":21,"column":0},"end":{"line":null,"column":-1}},"4":{"start":{"line":23,"column":0},"end":{"line":null,"column":-1}},"5":{"start":{"line":32,"column":0},"end":{"line":null,"column":-1}},"6":{"start":{"line":55,"column":14},"end":{"line":55,"column":0}}},"fnMap":{},"branchMap":{},"s":{"0":0,"1":0,"2":0,"3":0,"4":0,"5":0,"6":0},"f":{},"b":{}}
,"/Users/uigirl/ReactProjects/gitty-probot-test/src/layouts/index.js": {"path":"/Users/uigirl/ReactProjects/gitty-probot-test/src/layouts/index.js","statementMap":{"0":{"start":{"line":3,"column":0},"end":{"line":null,"column":-1}},"1":{"start":{"line":4,"column":0},"end":{"line":null,"column":-1}},"2":{"start":{"line":5,"column":0},"end":{"line":null,"column":-1}},"3":{"start":{"line":6,"column":0},"end":{"line":null,"column":-1}},"4":{"start":{"line":7,"column":0},"end":{"line":null,"column":-1}},"5":{"start":{"line":9,"column":0},"end":{"line":null,"column":-1}},"6":{"start":{"line":11,"column":0},"end":{"line":null,"column":-1}},"7":{"start":{"line":12,"column":0},"end":{"line":null,"column":-1}},"8":{"start":{"line":13,"column":0},"end":{"line":null,"column":-1}},"9":{"start":{"line":15,"column":0},"end":{"line":null,"column":-1}},"10":{"start":{"line":21,"column":0},"end":{"line":null,"column":-1}},"11":{"start":{"line":22,"column":0},"end":{"line":null,"column":-1}},"12":{"start":{"line":23,"column":0},"end":{"line":null,"column":-1}},"13":{"start":{"line":25,"column":22},"end":{"line":25,"column":0}},"14":{"start":{"line":26,"column":4},"end":{"line":null,"column":-1}},"15":{"start":{"line":37,"column":21},"end":{"line":37,"column":0}},"16":{"start":{"line":48,"column":20},"end":{"line":48,"column":0}},"17":{"start":{"line":56,"column":25},"end":{"line":56,"column":0}},"18":{"start":{"line":57,"column":4},"end":{"line":null,"column":-1}},"19":{"start":{"line":82,"column":14},"end":{"line":82,"column":0}},"20":{"start":{"line":82,"column":14},"end":{"line":null,"column":-1}},"21":{"start":{"line":133,"column":15},"end":{"line":133,"column":0}},"22":{"start":{"line":133,"column":15},"end":{"line":133,"column":14}},"23":{"start":{"line":133,"column":15},"end":{"line":null,"column":-1}},"24":{"start":{"line":196,"column":0},"end":{"line":null,"column":-1}},"25":{"start":{"line":203,"column":13},"end":{"line":203,"column":7}}},"fnMap":{"0":{"name":"(anonymous_2)","decl":{"start":{"line":26,"column":4},"end":{"line":26,"column":4}},"loc":{"start":{"line":26,"column":4},"end":{"line":25,"column":6}}},"1":{"name":"(anonymous_3)","decl":{"start":{"line":57,"column":4},"end":{"line":57,"column":4}},"loc":{"start":{"line":57,"column":4},"end":{"line":56,"column":6}}},"2":{"name":"Waves","decl":{"start":{"line":82,"column":6},"end":{"line":82,"column":14}},"loc":{"start":{"line":82,"column":14},"end":{"line":82,"column":0}}},"3":{"name":"Layout","decl":{"start":{"line":133,"column":6},"end":{"line":133,"column":15}},"loc":{"start":{"line":133,"column":15},"end":{"line":133,"column":0}}}},"branchMap":{"0":{"loc":{"start":{"line":27,"column":4},"end":{"line":27,"column":3}},"type":"binary-expr","locations":[{"start":{"line":27,"column":4},"end":{"line":27,"column":3}},{"start":{"line":27,"column":4},"end":{"line":26,"column":4}}]},"1":{"loc":{"start":{"line":58,"column":4},"end":{"line":58,"column":3}},"type":"binary-expr","locations":[{"start":{"line":58,"column":4},"end":{"line":58,"column":3}},{"start":{"line":58,"column":4},"end":{"line":57,"column":4}}]},"2":{"loc":{"start":{"line":181,"column":5},"end":{"line":181,"column":4}},"type":"binary-expr","locations":[{"start":{"line":181,"column":5},"end":{"line":181,"column":4}},{"start":{"line":182,"column":6},"end":{"line":142,"column":2}}]},"3":{"loc":{"start":{"line":187,"column":7},"end":{"line":187,"column":29}},"type":"binary-expr","locations":[{"start":{"line":187,"column":7},"end":{"line":187,"column":29}},{"start":{"line":187,"column":30},"end":{"line":186,"column":4}}]}},"s":{"0":0,"1":0,"2":0,"3":0,"4":0,"5":0,"6":0,"7":0,"8":0,"9":0,"10":0,"11":0,"12":0,"13":0,"14":0,"15":0,"16":0,"17":0,"18":0,"19":0,"20":0,"21":0,"22":0,"23":0,"24":0,"25":0},"f":{"0":0,"1":0,"2":0,"3":0},"b":{"0":[0,0],"1":[0,0],"2":[0,0],"3":[0,0]}}
,"/Users/uigirl/ReactProjects/gitty-probot-test/src/pages/404.js": {"path":"/Users/uigirl/ReactProjects/gitty-probot-test/src/pages/404.js","statementMap":{"0":{"start":{"line":4,"column":21},"end":{"line":9,"column":1}},"1":{"start":{"line":5,"column":2},"end":{"line":8,"column":8}}},"fnMap":{"0":{"name":"(anonymous_0)","decl":{"start":{"line":4,"column":21},"end":{"line":4,"column":22}},"loc":{"start":{"line":5,"column":2},"end":{"line":8,"column":8}},"line":5}},"branchMap":{},"s":{"0":1,"1":1},"f":{"0":1},"b":{},"_coverageSchema":"332fd63041d2c1bcb487cc26dd0d5f7d97098a6c","hash":"c4aee5d835f42f922d1ee1107d3085e692d8ea9a"}
,"/Users/uigirl/ReactProjects/gitty-probot-test/src/pages/index.js": {"path":"/Users/uigirl/ReactProjects/gitty-probot-test/src/pages/index.js","statementMap":{"0":{"start":{"line":2,"column":0},"end":{"line":null,"column":-1}},"1":{"start":{"line":3,"column":0},"end":{"line":null,"column":-1}},"2":{"start":{"line":5,"column":0},"end":{"line":null,"column":-1}},"3":{"start":{"line":16,"column":0},"end":{"line":null,"column":-1}},"4":{"start":{"line":17,"column":0},"end":{"line":null,"column":-1}},"5":{"start":{"line":18,"column":0},"end":{"line":null,"column":-1}},"6":{"start":{"line":19,"column":0},"end":{"line":null,"column":-1}},"7":{"start":{"line":20,"column":0},"end":{"line":null,"column":-1}},"8":{"start":{"line":22,"column":14},"end":{"line":22,"column":0}},"9":{"start":{"line":37,"column":13},"end":{"line":37,"column":0}},"10":{"start":{"line":54,"column":22},"end":{"line":54,"column":0}},"11":{"start":{"line":60,"column":23},"end":{"line":60,"column":0}},"12":{"start":{"line":68,"column":16},"end":{"line":68,"column":0}},"13":{"start":{"line":82,"column":14},"end":{"line":82,"column":0}},"14":{"start":{"line":91,"column":16},"end":{"line":91,"column":0}},"15":{"start":{"line":110,"column":16},"end":{"line":110,"column":0}},"16":{"start":{"line":120,"column":32},"end":{"line":120,"column":0}},"17":{"start":{"line":136,"column":21},"end":{"line":136,"column":0}},"18":{"start":{"line":143,"column":21},"end":{"line":143,"column":0}},"19":{"start":{"line":154,"column":26},"end":{"line":154,"column":0}},"20":{"start":{"line":159,"column":23},"end":{"line":159,"column":0}},"21":{"start":{"line":168,"column":21},"end":{"line":168,"column":0}},"22":{"start":{"line":175,"column":20},"end":{"line":175,"column":0}},"23":{"start":{"line":180,"column":20},"end":{"line":180,"column":0}},"24":{"start":{"line":185,"column":16},"end":{"line":185,"column":0}},"25":{"start":{"line":208,"column":17},"end":{"line":208,"column":0}},"26":{"start":{"line":231,"column":13},"end":{"line":231,"column":12}},"27":{"start":{"line":232,"column":23},"end":{"line":232,"column":2}},"28":{"start":{"line":233,"column":30},"end":{"line":null,"column":-1}},"29":{"start":{"line":238,"column":18},"end":{"line":238,"column":2}},"30":{"start":{"line":239,"column":23},"end":{"line":239,"column":2}},"31":{"start":{"line":241,"column":2},"end":{"line":null,"column":-1}},"32":{"start":{"line":319,"column":25},"end":{"line":319,"column":24}},"33":{"start":{"line":319,"column":25},"end":{"line":null,"column":-1}},"34":{"start":{"line":358,"column":13},"end":{"line":358,"column":7}}},"fnMap":{"0":{"name":"(anonymous_3)","decl":{"start":{"line":233,"column":30},"end":{"line":233,"column":30}},"loc":{"start":{"line":233,"column":30},"end":{"line":233,"column":11}}},"1":{"name":"(anonymous_4)","decl":{"start":{"line":319,"column":25},"end":{"line":null,"column":-1}},"loc":{"start":{"line":319,"column":25},"end":{"line":319,"column":13}}}},"branchMap":{},"s":{"0":0,"1":0,"2":0,"3":0,"4":0,"5":0,"6":0,"7":0,"8":0,"9":0,"10":0,"11":0,"12":0,"13":0,"14":0,"15":0,"16":0,"17":0,"18":0,"19":0,"20":0,"21":0,"22":0,"23":0,"24":0,"25":0,"26":0,"27":0,"28":0,"29":0,"30":0,"31":0,"32":0,"33":0,"34":0},"f":{"0":0,"1":0},"b":{}}
,"/Users/uigirl/ReactProjects/gitty-probot-test/src/pages/page-2.js": {"path":"/Users/uigirl/ReactProjects/gitty-probot-test/src/pages/page-2.js","statementMap":{"0":{"start":{"line":2,"column":0},"end":{"line":null,"column":-1}},"1":{"start":{"line":3,"column":0},"end":{"line":null,"column":-1}},"2":{"start":{"line":5,"column":19},"end":{"line":5,"column":0}},"3":{"start":{"line":5,"column":19},"end":{"line":null,"column":-1}}},"fnMap":{"0":{"name":"SecondPage","decl":{"start":{"line":5,"column":6},"end":{"line":5,"column":19}},"loc":{"start":{"line":5,"column":19},"end":{"line":5,"column":0}}}},"branchMap":{},"s":{"0":0,"1":0,"2":0,"3":0},"f":{"0":0},"b":{}}
,"/Users/uigirl/ReactProjects/gitty-probot-test/src/templates/chapter.js": {"path":"/Users/uigirl/ReactProjects/gitty-probot-test/src/templates/chapter.js","statementMap":{"0":{"start":{"line":3,"column":0},"end":{"line":null,"column":-1}},"1":{"start":{"line":4,"column":0},"end":{"line":null,"column":-1}},"2":{"start":{"line":5,"column":0},"end":{"line":null,"column":-1}},"3":{"start":{"line":7,"column":0},"end":{"line":null,"column":-1}},"4":{"start":{"line":8,"column":0},"end":{"line":null,"column":-1}},"5":{"start":{"line":9,"column":0},"end":{"line":null,"column":-1}},"6":{"start":{"line":10,"column":0},"end":{"line":null,"column":-1}},"7":{"start":{"line":11,"column":0},"end":{"line":null,"column":-1}},"8":{"start":{"line":12,"column":0},"end":{"line":null,"column":-1}},"9":{"start":{"line":13,"column":0},"end":{"line":null,"column":-1}},"10":{"start":{"line":15,"column":0},"end":{"line":null,"column":-1}},"11":{"start":{"line":25,"column":16},"end":{"line":25,"column":0}},"12":{"start":{"line":36,"column":17},"end":{"line":36,"column":0}},"13":{"start":{"line":42,"column":17},"end":{"line":42,"column":0}},"14":{"start":{"line":48,"column":16},"end":{"line":48,"column":0}},"15":{"start":{"line":117,"column":17},"end":{"line":117,"column":0}},"16":{"start":{"line":121,"column":16},"end":{"line":121,"column":0}},"17":{"start":{"line":131,"column":20},"end":{"line":131,"column":0}},"18":{"start":{"line":142,"column":28},"end":{"line":142,"column":0}},"19":{"start":{"line":150,"column":19},"end":{"line":150,"column":0}},"20":{"start":{"line":153,"column":26},"end":{"line":153,"column":0}},"21":{"start":{"line":158,"column":19},"end":{"line":158,"column":0}},"22":{"start":{"line":162,"column":19},"end":{"line":162,"column":0}},"23":{"start":{"line":194,"column":19},"end":{"line":194,"column":0}},"24":{"start":{"line":232,"column":13},"end":{"line":232,"column":12}},"25":{"start":{"line":233,"column":18},"end":{"line":233,"column":2}},"26":{"start":{"line":237,"column":6},"end":{"line":232,"column":13}},"27":{"start":{"line":238,"column":27},"end":{"line":238,"column":2}},"28":{"start":{"line":243,"column":20},"end":{"line":243,"column":2}},"29":{"start":{"line":245,"column":25},"end":{"line":245,"column":2}},"30":{"start":{"line":245,"column":42},"end":{"line":null,"column":-1}},"31":{"start":{"line":247,"column":2},"end":{"line":null,"column":-1}},"32":{"start":{"line":253,"column":28},"end":{"line":null,"column":-1}},"33":{"start":{"line":265,"column":23},"end":{"line":null,"column":-1}},"34":{"start":{"line":339,"column":13},"end":{"line":339,"column":7}}},"fnMap":{"0":{"name":"(anonymous_3)","decl":{"start":{"line":245,"column":42},"end":{"line":245,"column":42}},"loc":{"start":{"line":245,"column":42},"end":{"line":245,"column":25}}},"1":{"name":"(anonymous_4)","decl":{"start":{"line":253,"column":28},"end":{"line":253,"column":28}},"loc":{"start":{"line":253,"column":28},"end":{"line":253,"column":9}}},"2":{"name":"(anonymous_5)","decl":{"start":{"line":265,"column":23},"end":{"line":265,"column":23}},"loc":{"start":{"line":265,"column":23},"end":{"line":265,"column":11}}}},"branchMap":{"0":{"loc":{"start":{"line":270,"column":49},"end":{"line":270,"column":27}},"type":"cond-expr","locations":[{"start":{"line":270,"column":49},"end":{"line":270,"column":27}},{"start":{"line":270,"column":62},"end":{"line":267,"column":14}}]},"1":{"loc":{"start":{"line":284,"column":9},"end":{"line":285,"column":9}},"type":"binary-expr","locations":[{"start":{"line":284,"column":9},"end":{"line":285,"column":9}},{"start":{"line":285,"column":10},"end":{"line":279,"column":6}}]},"2":{"loc":{"start":{"line":304,"column":9},"end":{"line":305,"column":9}},"type":"binary-expr","locations":[{"start":{"line":304,"column":9},"end":{"line":305,"column":9}},{"start":{"line":305,"column":10},"end":{"line":279,"column":6}}]}},"s":{"0":0,"1":0,"2":0,"3":0,"4":0,"5":0,"6":0,"7":0,"8":0,"9":0,"10":0,"11":0,"12":0,"13":0,"14":0,"15":0,"16":0,"17":0,"18":0,"19":0,"20":0,"21":0,"22":0,"23":0,"24":0,"25":0,"26":0,"27":0,"28":0,"29":0,"30":0,"31":0,"32":0,"33":0,"34":0},"f":{"0":0,"1":0,"2":0},"b":{"0":[0,0],"1":[0,0],"2":[0,0]}}
}
