TN:
SF:/Users/uigirl/ReactProjects/gitty-probot-test/src/components/Button.js
FN:29,(anonymous_3)
FN:30,(anonymous_4)
FN:45,(anonymous_5)
FN:46,(anonymous_6)
FN:48,(anonymous_7)
FN:49,(anonymous_8)
FN:50,(anonymous_9)
FN:54,(anonymous_10)
FN:61,(anonymous_11)
FN:68,(anonymous_12)
FN:79,(anonymous_13)
FN:86,(anonymous_14)
FN:97,(anonymous_15)
FN:104,(anonymous_16)
FN:111,(anonymous_17)
FN:121,(anonymous_18)
FN:134,Button
FNF:17
FNH:0
FNDA:0,(anonymous_3)
FNDA:0,(anonymous_4)
FNDA:0,(anonymous_5)
FNDA:0,(anonymous_6)
FNDA:0,(anonymous_7)
FNDA:0,(anonymous_8)
FNDA:0,(anonymous_9)
FNDA:0,(anonymous_10)
FNDA:0,(anonymous_11)
FNDA:0,(anonymous_12)
FNDA:0,(anonymous_13)
FNDA:0,(anonymous_14)
FNDA:0,(anonymous_15)
FNDA:0,(anonymous_16)
FNDA:0,(anonymous_17)
FNDA:0,(anonymous_18)
FNDA:0,Button
DA:1,0
DA:2,0
DA:3,0
DA:4,0
DA:6,0
DA:12,0
DA:29,0
DA:30,0
DA:45,0
DA:46,0
DA:48,0
DA:49,0
DA:50,0
DA:54,0
DA:61,0
DA:68,0
DA:79,0
DA:86,0
DA:97,0
DA:104,0
DA:111,0
DA:121,0
DA:132,0
DA:134,0
DA:135,0
DA:136,0
DA:142,0
DA:149,0
DA:154,0
LF:29
LH:0
BRDA:29,0,0,0
BRDA:29,0,1,0
BRDA:30,1,0,0
BRDA:30,1,1,0
BRDA:45,2,0,0
BRDA:45,2,1,0
BRDA:46,3,0,0
BRDA:46,3,1,0
BRDA:48,4,0,0
BRDA:48,4,1,0
BRDA:49,5,0,0
BRDA:49,5,1,0
BRDA:50,6,0,0
BRDA:50,6,1,0
BRDA:54,7,0,0
BRDA:54,7,1,0
BRDA:61,8,0,0
BRDA:61,8,1,0
BRDA:68,9,0,0
BRDA:68,9,1,0
BRDA:68,9,2,0
BRDA:79,10,0,0
BRDA:79,10,1,0
BRDA:86,11,0,0
BRDA:86,11,1,0
BRDA:86,11,2,0
BRDA:97,12,0,0
BRDA:97,12,1,0
BRDA:104,13,0,0
BRDA:104,13,1,0
BRDA:104,13,2,0
BRDA:111,14,0,0
BRDA:111,14,1,0
BRDA:121,15,0,0
BRDA:121,15,1,0
BRDA:135,16,0,0
BRDA:135,16,1,0
BRF:37
BRH:0
end_of_record
TN:
SF:/Users/uigirl/ReactProjects/gitty-probot-test/src/components/CTA.js
FN:53,CTA
FNF:1
FNH:0
FNDA:0,CTA
DA:1,0
DA:2,0
DA:3,0
DA:5,0
DA:7,0
DA:20,0
DA:22,0
DA:48,0
DA:53,0
DA:54,0
DA:64,0
DA:69,0
LF:12
LH:0
BRF:0
BRH:0
end_of_record
TN:
SF:/Users/uigirl/ReactProjects/gitty-probot-test/src/components/Content.js
FN:4,HTMLContent
FN:8,Content
FNF:2
FNH:0
FNDA:0,HTMLContent
FNDA:0,Content
DA:1,0
DA:2,0
DA:4,0
DA:8,0
DA:12,0
DA:17,0
DA:21,0
LF:7
LH:0
BRF:0
BRH:0
end_of_record
TN:
SF:/Users/uigirl/ReactProjects/gitty-probot-test/src/components/FAQ.js
FN:27,Footer
FNF:1
FNH:0
FNDA:0,Footer
DA:1,0
DA:3,0
DA:5,0
DA:6,0
DA:7,0
DA:8,0
DA:10,0
DA:17,0
DA:21,0
DA:27,0
LF:10
LH:0
BRF:0
BRH:0
end_of_record
TN:
SF:/Users/uigirl/ReactProjects/gitty-probot-test/src/components/Features.js
FN:4,FeatureGrid
FN:6,(anonymous_2)
FNF:2
FNH:0
FNDA:0,FeatureGrid
FNDA:0,(anonymous_2)
DA:1,0
DA:2,0
DA:4,0
DA:6,0
DA:19,0
LF:5
LH:0
BRF:0
BRH:0
end_of_record
TN:
SF:/Users/uigirl/ReactProjects/gitty-probot-test/src/components/Footer.js
FN:27,Footer
FNF:1
FNH:0
FNDA:0,Footer
DA:1,0
DA:3,0
DA:5,0
DA:6,0
DA:7,0
DA:8,0
DA:10,0
DA:17,0
DA:21,0
DA:27,0
LF:10
LH:0
BRF:0
BRH:0
end_of_record
TN:
SF:/Users/uigirl/ReactProjects/gitty-probot-test/src/components/Header.js
FN:28,(anonymous_8)
FN:35,(anonymous_9)
FN:49,(anonymous_10)
FN:126,capitalize
FN:130,Header
FNF:5
FNH:0
FNDA:0,(anonymous_8)
FNDA:0,(anonymous_9)
FNDA:0,(anonymous_10)
FNDA:0,capitalize
FNDA:0,Header
DA:1,0
DA:2,0
DA:4,0
DA:5,0
DA:7,0
DA:9,0
DA:10,0
DA:11,0
DA:12,0
DA:13,0
DA:15,0
DA:21,0
DA:28,0
DA:35,0
DA:43,0
DA:49,0
DA:60,0
DA:67,0
DA:75,0
DA:79,0
DA:89,0
DA:95,0
DA:97,0
DA:104,0
DA:109,0
DA:114,0
DA:126,0
DA:127,0
DA:137,0
DA:138,0
DA:139,0
DA:219,0
DA:227,0
LF:33
LH:0
BRDA:28,0,0,0
BRDA:28,0,1,0
BRDA:35,1,0,0
BRDA:35,1,1,0
BRDA:49,2,0,0
BRDA:49,2,1,0
BRF:6
BRH:0
end_of_record
TN:
SF:/Users/uigirl/ReactProjects/gitty-probot-test/src/components/Hero.js
FN:18,Hero
FNF:1
FNH:0
FNDA:0,Hero
DA:1,0
DA:2,0
DA:3,0
DA:4,0
DA:6,0
DA:12,0
DA:18,0
DA:19,0
LF:8
LH:0
BRF:0
BRH:0
end_of_record
TN:
SF:/Users/uigirl/ReactProjects/gitty-probot-test/src/components/Highlight.js
FNF:0
FNH:0
DA:1,0
DA:2,0
DA:3,0
DA:4,0
DA:5,0
DA:7,0
DA:9,0
DA:13,0
DA:17,0
DA:21,0
DA:22,0
DA:26,0
DA:28,0
DA:32,0
LF:14
LH:0
BRF:0
BRH:0
end_of_record
TN:
SF:/Users/uigirl/ReactProjects/gitty-probot-test/src/components/Icon.js
FN:14,(anonymous_4)
FN:17,Icon
FNF:2
FNH:0
FNDA:0,(anonymous_4)
FNDA:0,Icon
DA:1,0
DA:2,0
DA:3,0
DA:4,0
DA:7,0
DA:13,0
DA:14,0
DA:17,0
DA:18,0
DA:25,0
LF:10
LH:0
BRDA:14,0,0,0
BRDA:14,0,1,0
BRF:2
BRH:0
end_of_record
TN:
SF:/Users/uigirl/ReactProjects/gitty-probot-test/src/components/IconCommit.js
FN:14,Logo
FNF:1
FNH:0
FNDA:0,Logo
DA:1,0
DA:2,0
DA:3,0
DA:5,0
DA:14,0
DA:15,0
LF:6
LH:0
BRF:0
BRH:0
end_of_record
TN:
SF:/Users/uigirl/ReactProjects/gitty-probot-test/src/components/Link.js
FN:96,Link
FNF:1
FNH:0
FNDA:0,Link
DA:1,0
DA:2,0
DA:3,0
DA:4,0
DA:5,0
DA:8,0
DA:94,0
DA:96,0
DA:97,0
DA:98,0
DA:100,0
DA:103,0
DA:108,0
LF:13
LH:0
BRDA:97,0,0,0
BRDA:97,0,1,0
BRF:2
BRH:0
end_of_record
TN:
SF:/Users/uigirl/ReactProjects/gitty-probot-test/src/components/Logo.js
FN:20,(anonymous_3)
FN:32,(anonymous_4)
FN:51,BrandTiles
FN:85,Logo
FNF:4
FNH:0
FNDA:0,(anonymous_3)
FNDA:0,(anonymous_4)
FNDA:0,BrandTiles
FNDA:0,Logo
DA:1,0
DA:2,0
DA:3,0
DA:4,0
DA:6,0
DA:7,0
DA:8,0
DA:9,0
DA:10,0
DA:11,0
DA:12,0
DA:13,0
DA:14,0
DA:15,0
DA:17,0
DA:20,0
DA:32,0
DA:38,0
DA:45,0
DA:51,0
DA:52,0
DA:85,0
DA:86,0
DA:93,0
DA:99,0
LF:25
LH:0
BRF:0
BRH:0
end_of_record
TN:
SF:/Users/uigirl/ReactProjects/gitty-probot-test/src/components/LogoTwitter.js
FN:13,Logo
FNF:1
FNH:0
FNDA:0,Logo
DA:1,0
DA:2,0
DA:4,0
DA:13,0
DA:14,0
LF:5
LH:0
BRF:0
BRH:0
end_of_record
TN:
SF:/Users/uigirl/ReactProjects/gitty-probot-test/src/components/Navbar.js
FN:7,Navbar
FNF:1
FNH:0
FNDA:0,Navbar
DA:1,0
DA:2,0
DA:4,0
DA:5,0
DA:7,0
LF:5
LH:0
BRF:0
BRH:0
end_of_record
TN:
SF:/Users/uigirl/ReactProjects/gitty-probot-test/src/components/PageTransition.js
FN:6,getTransitionStyles
FN:22,getTransitionStyle
FN:36,Transition
FN:73,(anonymous_16)
FNF:4
FNH:0
FNDA:0,getTransitionStyles
FNDA:0,getTransitionStyle
FNDA:0,Transition
FNDA:0,(anonymous_16)
DA:2,0
DA:3,0
DA:4,0
DA:6,0
DA:7,0
DA:22,0
DA:36,0
DA:38,0
DA:39,0
DA:43,0
DA:47,0
DA:51,0
DA:54,0
DA:55,0
DA:56,0
DA:58,0
DA:61,0
DA:62,0
DA:71,0
DA:73,0
LF:20
LH:0
BRDA:36,0,0,0
BRDA:36,0,1,0
BRDA:55,1,0,0
BRDA:55,1,1,0
BRF:4
BRH:0
end_of_record
TN:
SF:/Users/uigirl/ReactProjects/gitty-probot-test/src/components/Popper.js
FN:11,(anonymous_4)
FN:14,ifPlacementEquals
FN:14,(anonymous_6)
FN:40,WrapperArrow
FN:44,(anonymous_8)
FN:46,(anonymous_9)
FN:54,(anonymous_10)
FN:66,RawPopperWithArrow
FN:84,PopperWithArrow
FNF:9
FNH:0
FNDA:0,(anonymous_4)
FNDA:0,ifPlacementEquals
FNDA:0,(anonymous_6)
FNDA:0,WrapperArrow
FNDA:0,(anonymous_8)
FNDA:0,(anonymous_9)
FNDA:0,(anonymous_10)
FNDA:0,RawPopperWithArrow
FNDA:0,PopperWithArrow
DA:3,0
DA:4,0
DA:5,0
DA:6,0
DA:7,0
DA:9,0
DA:11,0
DA:14,0
DA:17,0
DA:19,0
DA:40,0
DA:43,0
DA:44,0
DA:46,0
DA:54,0
DA:66,0
DA:73,0
DA:79,0
DA:84,0
LF:19
LH:0
BRDA:11,0,0,0
BRDA:11,0,1,0
BRDA:14,1,0,0
BRDA:14,1,1,0
BRDA:14,2,0,0
BRDA:14,2,1,0
BRDA:15,3,0,0
BRDA:15,3,1,0
BRDA:44,4,0,0
BRDA:44,4,1,0
BRDA:46,5,0,0
BRDA:46,5,1,0
BRDA:54,6,0,0
BRDA:54,6,1,0
BRDA:69,7,0,0
BRDA:69,7,1,0
BRF:16
BRH:0
end_of_record
TN:
SF:/Users/uigirl/ReactProjects/gitty-probot-test/src/components/Subheading.js
FN:13,Subheading
FNF:1
FNH:0
FNDA:0,Subheading
DA:1,0
DA:2,0
DA:3,0
DA:6,0
DA:13,0
LF:5
LH:0
BRF:0
BRH:0
end_of_record
TN:
SF:/Users/uigirl/ReactProjects/gitty-probot-test/src/components/WithTooltip.js
FN:15,(anonymous_10)
FN:19,(anonymous_11)
FN:22,withinElements
FN:24,(anonymous_13)
FN:30,WithTooltip
FN:185,(anonymous_28)
FN:188,innerRef
FN:224,innerRef
FNF:8
FNH:0
FNDA:0,(anonymous_10)
FNDA:0,(anonymous_11)
FNDA:0,withinElements
FNDA:0,(anonymous_13)
FNDA:0,WithTooltip
FNDA:0,(anonymous_28)
FNDA:0,innerRef
FNDA:0,innerRef
DA:1,0
DA:2,0
DA:6,0
DA:7,0
DA:9,0
DA:13,0
DA:15,0
DA:18,0
DA:19,0
DA:23,0
DA:24,0
DA:30,0
DA:32,0
DA:33,0
DA:34,0
DA:35,0
DA:36,0
DA:39,0
DA:40,0
DA:41,0
DA:45,0
DA:48,0
DA:50,0
DA:56,0
DA:61,0
DA:62,0
DA:63,0
DA:64,0
DA:65,0
DA:66,0
DA:70,0
DA:74,0
DA:78,0
DA:79,0
DA:80,0
DA:81,0
DA:82,0
DA:86,0
DA:87,0
DA:92,0
DA:93,0
DA:95,0
DA:100,0
DA:104,0
DA:109,0
DA:110,0
DA:113,0
DA:114,0
DA:116,0
DA:121,0
DA:122,0
DA:127,0
DA:128,0
DA:137,0
DA:138,0
DA:139,0
DA:141,0
DA:146,0
DA:147,0
DA:148,0
DA:152,0
DA:156,0
DA:157,0
DA:164,0
DA:167,0
DA:178,0
DA:179,0
DA:181,0
DA:183,0
DA:185,0
DA:189,0
DA:203,0
DA:205,0
DA:209,0
DA:218,0
DA:220,0
DA:221,0
DA:225,0
DA:235,0
DA:246,0
LF:80
LH:0
BRDA:15,0,0,0
BRDA:15,0,1,0
BRDA:19,1,0,0
BRDA:19,1,1,0
BRDA:24,2,0,0
BRDA:24,2,1,0
BRDA:24,2,2,0
BRDA:30,3,0,0
BRDA:30,3,1,0
BRDA:45,4,0,0
BRDA:45,4,1,0
BRDA:64,5,0,0
BRDA:64,5,1,0
BRDA:86,6,0,0
BRDA:86,6,1,0
BRDA:92,7,0,0
BRDA:92,7,1,0
BRDA:100,8,0,0
BRDA:100,8,1,0
BRDA:101,9,0,0
BRDA:101,9,1,0
BRDA:109,10,0,0
BRDA:109,10,1,0
BRDA:113,11,0,0
BRDA:113,11,1,0
BRDA:121,12,0,0
BRDA:121,12,1,0
BRDA:138,13,0,0
BRDA:138,13,1,0
BRDA:147,14,0,0
BRDA:147,14,1,0
BRDA:156,15,0,0
BRDA:156,15,1,0
BRDA:181,16,0,0
BRDA:181,16,1,0
BRDA:185,17,0,0
BRDA:185,17,1,0
BRDA:197,18,0,0
BRDA:197,18,1,0
BRDA:220,19,0,0
BRDA:220,19,1,0
BRF:41
BRH:0
end_of_record
TN:
SF:/Users/uigirl/ReactProjects/gitty-probot-test/src/components/grid/Col.js
FN:9,(anonymous_0)
FN:10,(anonymous_1)
FN:21,(anonymous_2)
FN:22,(anonymous_3)
FN:25,(anonymous_4)
FN:30,(anonymous_5)
FN:33,(anonymous_6)
FN:35,(anonymous_7)
FN:38,(anonymous_8)
FN:62,(anonymous_9)
FN:65,(anonymous_10)
FN:67,(anonymous_11)
FN:73,(anonymous_12)
FNF:13
FNH:10
FNDA:20,(anonymous_0)
FNDA:20,(anonymous_1)
FNDA:1,(anonymous_2)
FNDA:1,(anonymous_3)
FNDA:1,(anonymous_4)
FNDA:1,(anonymous_5)
FNDA:1,(anonymous_6)
FNDA:0,(anonymous_7)
FNDA:0,(anonymous_8)
FNDA:1,(anonymous_9)
FNDA:1,(anonymous_10)
FNDA:0,(anonymous_11)
FNDA:1,(anonymous_12)
DA:7,4
DA:9,20
DA:10,4
DA:12,20
DA:14,20
DA:15,20
DA:18,4
DA:21,1
DA:22,1
DA:26,1
DA:31,1
DA:33,1
DA:35,0
DA:39,0
DA:63,1
DA:65,1
DA:68,0
DA:73,1
DA:79,4
DA:82,4
LF:20
LH:17
BRDA:26,0,0,1
BRDA:26,0,1,0
BRDA:41,1,0,0
BRDA:41,1,1,0
BRDA:49,2,0,0
BRDA:49,2,1,0
BRF:6
BRH:1
end_of_record
TN:
SF:/Users/uigirl/ReactProjects/gitty-probot-test/src/components/grid/Container.js
FN:13,(anonymous_0)
FN:16,(anonymous_1)
FN:17,(anonymous_2)
FN:18,(anonymous_3)
FN:22,(anonymous_4)
FN:25,(anonymous_5)
FNF:6
FNH:4
FNDA:6,(anonymous_0)
FNDA:0,(anonymous_1)
FNDA:0,(anonymous_2)
FNDA:6,(anonymous_3)
FNDA:30,(anonymous_4)
FNDA:18,(anonymous_5)
DA:8,4
DA:14,6
DA:16,0
DA:17,0
DA:19,6
DA:23,30
DA:25,18
DA:31,4
DA:34,4
DA:39,4
LF:10
LH:8
BRDA:14,0,0,6
BRDA:14,0,1,0
BRDA:19,1,0,6
BRDA:19,1,1,6
BRDA:23,2,0,30
BRDA:23,2,1,18
BRF:6
BRH:5
end_of_record
TN:
SF:/Users/uigirl/ReactProjects/gitty-probot-test/src/components/grid/Flex.js
FNF:0
FNH:0
DA:10,4
DA:12,4
LF:2
LH:2
BRF:0
BRH:0
end_of_record
TN:
SF:/Users/uigirl/ReactProjects/gitty-probot-test/src/components/grid/Row.js
FN:16,(anonymous_0)
FN:17,(anonymous_1)
FN:18,(anonymous_2)
FN:23,(anonymous_3)
FN:29,(anonymous_4)
FN:35,(anonymous_5)
FN:41,(anonymous_6)
FN:46,(anonymous_7)
FN:51,(anonymous_8)
FN:56,(anonymous_9)
FN:61,(anonymous_10)
FN:66,(anonymous_11)
FN:71,(anonymous_12)
FN:76,(anonymous_13)
FNF:14
FNH:14
FNDA:1,(anonymous_0)
FNDA:1,(anonymous_1)
FNDA:1,(anonymous_2)
FNDA:1,(anonymous_3)
FNDA:1,(anonymous_4)
FNDA:1,(anonymous_5)
FNDA:1,(anonymous_6)
FNDA:1,(anonymous_7)
FNDA:1,(anonymous_8)
FNDA:1,(anonymous_9)
FNDA:1,(anonymous_10)
FNDA:1,(anonymous_11)
FNDA:1,(anonymous_12)
FNDA:1,(anonymous_13)
DA:7,4
DA:9,4
DA:16,1
DA:17,1
DA:19,1
DA:24,1
DA:30,1
DA:36,1
DA:42,1
DA:47,1
DA:52,1
DA:57,1
DA:62,1
DA:67,1
DA:72,1
DA:76,1
DA:82,4
DA:85,4
LF:18
LH:18
BRDA:19,0,0,1
BRDA:19,0,1,0
BRDA:24,1,0,1
BRDA:24,1,1,0
BRDA:30,2,0,1
BRDA:30,2,1,0
BRDA:36,3,0,1
BRDA:36,3,1,0
BRDA:42,4,0,1
BRDA:42,4,1,0
BRDA:47,5,0,1
BRDA:47,5,1,0
BRDA:52,6,0,1
BRDA:52,6,1,0
BRDA:57,7,0,1
BRDA:57,7,1,0
BRDA:62,8,0,1
BRDA:62,8,1,0
BRDA:67,9,0,1
BRDA:67,9,1,0
BRDA:72,10,0,1
BRDA:72,10,1,0
BRF:22
BRH:11
end_of_record
TN:
SF:/Users/uigirl/ReactProjects/gitty-probot-test/src/components/grid/Scrollable.js
FNF:0
FNH:0
DA:4,4
DA:12,4
LF:2
LH:2
BRF:0
BRH:0
end_of_record
TN:
SF:/Users/uigirl/ReactProjects/gitty-probot-test/src/components/grid/gridConfig.js
FN:36,(anonymous_0)
FN:38,(anonymous_1)
FN:41,(anonymous_2)
FN:63,(anonymous_3)
FN:79,config
FN:97,makeMedia
FN:98,(anonymous_6)
FNF:7
FNH:7
FNDA:72,(anonymous_0)
FNDA:72,(anonymous_1)
FNDA:72,(anonymous_2)
FNDA:360,(anonymous_3)
FNDA:72,config
FNDA:360,makeMedia
FNDA:20,(anonymous_6)
DA:4,5
DA:5,5
DA:7,5
DA:23,5
DA:35,5
DA:36,5
DA:37,72
DA:38,5
DA:39,72
DA:41,5
DA:42,72
DA:44,72
DA:46,72
DA:63,72
DA:64,360
DA:66,360
DA:71,360
DA:74,72
DA:77,5
DA:80,72
DA:85,72
DA:86,0
DA:89,72
DA:91,72
DA:92,72
DA:94,72
DA:98,360
LF:27
LH:26
BRDA:37,0,0,72
BRDA:37,0,1,72
BRDA:37,0,2,72
BRDA:39,1,0,72
BRDA:39,1,1,72
BRDA:39,1,2,72
BRDA:42,2,0,72
BRDA:42,2,1,72
BRDA:42,2,2,72
BRDA:44,3,0,72
BRDA:44,3,1,72
BRDA:44,3,2,72
BRDA:67,4,0,360
BRDA:67,4,1,360
BRDA:85,5,0,0
BRDA:85,5,1,72
BRF:16
BRH:15
end_of_record
TN:
SF:/Users/uigirl/ReactProjects/gitty-probot-test/src/components/grid/index.js
FNF:0
FNH:0
LF:0
LH:0
BRF:0
BRH:0
end_of_record
TN:
SF:/Users/uigirl/ReactProjects/gitty-probot-test/src/components/shared/icons.js
FNF:0
FNH:0
DA:3,0
LF:1
LH:0
BRF:0
BRH:0
end_of_record
TN:
SF:/Users/uigirl/ReactProjects/gitty-probot-test/src/components/shared/index.js
FN:29,(anonymous_0)
FNF:1
FNH:0
FNDA:0,(anonymous_0)
DA:4,0
DA:5,0
DA:6,0
DA:7,0
DA:8,0
DA:14,0
DA:15,0
DA:16,0
DA:17,0
DA:18,0
DA:19,0
DA:22,0
DA:23,0
DA:24,0
DA:27,0
DA:29,0
LF:16
LH:0
BRDA:29,0,0,0
BRDA:29,0,1,0
BRF:2
BRH:0
end_of_record
TN:
SF:/Users/uigirl/ReactProjects/gitty-probot-test/src/components/shared/styles.js
FNF:0
FNH:0
DA:3,0
DA:4,0
DA:10,0
DA:33,0
DA:45,0
DA:70,0
DA:71,0
DA:73,0
DA:89,0
LF:9
LH:0
BRF:0
BRH:0
end_of_record
TN:
SF:/Users/uigirl/ReactProjects/gitty-probot-test/src/components/shared/helpers/shade-color.js
FN:6,shadeColor
FN:15,getHue
FN:30,getSaturation
FN:51,getValue
FNF:4
FNH:0
FNDA:0,shadeColor
FNDA:0,getHue
FNDA:0,getSaturation
FNDA:0,getValue
DA:4,0
DA:6,0
DA:7,0
DA:8,0
DA:9,0
DA:10,0
DA:11,0
DA:12,0
DA:13,0
DA:15,0
DA:16,0
DA:17,0
DA:18,0
DA:20,0
DA:22,0
DA:23,0
DA:24,0
DA:25,0
DA:27,0
DA:30,0
DA:31,0
DA:32,0
DA:33,0
DA:34,0
DA:35,0
DA:37,0
DA:39,0
DA:40,0
DA:42,0
DA:43,0
DA:45,0
DA:46,0
DA:48,0
DA:51,0
DA:52,0
DA:53,0
DA:55,0
DA:58,0
DA:59,0
DA:60,0
DA:62,0
LF:41
LH:0
BRDA:6,0,0,0
BRDA:6,0,1,0
BRDA:6,1,0,0
BRDA:6,1,1,0
BRDA:17,2,0,0
BRDA:17,2,1,0
BRDA:17,3,0,0
BRDA:17,3,1,0
BRDA:18,4,0,0
BRDA:18,4,1,0
BRDA:20,5,0,0
BRDA:20,5,1,0
BRDA:22,6,0,0
BRDA:22,6,1,0
BRDA:24,7,0,0
BRDA:24,7,1,0
BRDA:32,8,0,0
BRDA:32,8,1,0
BRDA:34,9,0,0
BRDA:34,9,1,0
BRDA:39,10,0,0
BRDA:39,10,1,0
BRDA:42,11,0,0
BRDA:42,11,1,0
BRDA:42,12,0,0
BRDA:42,12,1,0
BRDA:42,12,2,0
BRDA:45,13,0,0
BRDA:45,13,1,0
BRDA:52,14,0,0
BRDA:52,14,1,0
BRDA:60,15,0,0
BRDA:60,15,1,0
BRF:33
BRH:0
end_of_record
TN:
SF:/Users/uigirl/ReactProjects/gitty-probot-test/src/components/shared/helpers/toc-entries.js
FN:3,tocEntries
FN:4,(anonymous_1)
FN:6,(anonymous_2)
FN:7,(anonymous_3)
FNF:4
FNH:0
FNDA:0,tocEntries
FNDA:0,(anonymous_1)
FNDA:0,(anonymous_2)
FNDA:0,(anonymous_3)
DA:4,0
DA:5,0
DA:6,0
DA:7,0
DA:9,0
DA:10,0
DA:14,0
DA:16,0
LF:8
LH:0
BRDA:9,0,0,0
BRDA:9,0,1,0
BRDA:16,1,0,0
BRDA:16,1,1,0
BRF:4
BRH:0
end_of_record
TN:
SF:/Users/uigirl/ReactProjects/gitty-probot-test/src/components/shared/helpers/warning.js
FN:5,(anonymous_0)
FN:8,(anonymous_1)
FN:17,(anonymous_2)
FN:32,(anonymous_3)
FN:56,(anonymous_4)
FNF:5
FNH:2
FNDA:0,(anonymous_0)
FNDA:1,(anonymous_1)
FNDA:0,(anonymous_2)
FNDA:4,(anonymous_3)
FNDA:0,(anonymous_4)
DA:3,1
DA:5,1
DA:7,1
DA:8,1
DA:9,1
DA:11,1
DA:12,1
DA:14,5
DA:16,1
DA:17,1
DA:18,0
DA:20,1
DA:22,1
DA:24,1
DA:28,1
DA:32,1
DA:33,4
DA:35,4
DA:36,4
DA:38,20
DA:40,4
DA:41,2
DA:46,2
DA:48,1
DA:53,1
DA:55,1
DA:57,0
DA:58,0
DA:59,0
LF:29
LH:25
BRDA:7,0,0,1
BRDA:7,0,1,0
BRDA:11,1,0,1
BRDA:11,1,1,0
BRDA:20,2,0,1
BRDA:20,2,1,0
BRDA:35,3,0,4
BRDA:35,3,1,0
BRDA:40,4,0,2
BRDA:40,4,1,2
BRDA:46,5,0,1
BRDA:46,5,1,1
BRDA:57,6,0,0
BRDA:57,6,1,0
BRDA:57,7,0,0
BRDA:57,7,1,0
BRF:16
BRH:8
end_of_record
TN:
SF:/Users/uigirl/ReactProjects/gitty-probot-test/src/components/shared/mixins/block.js
FN:8,block
FN:9,(anonymous_2)
FNF:2
FNH:0
FNDA:0,block
FNDA:0,(anonymous_2)
DA:3,0
DA:8,0
DA:9,0
DA:10,0
DA:11,0
DA:16,0
LF:6
LH:0
BRDA:8,0,0,0
BRDA:8,0,1,0
BRDA:8,1,0,0
BRDA:8,1,1,0
BRDA:9,2,0,0
BRDA:9,2,1,0
BRDA:9,3,0,0
BRDA:9,3,1,0
BRDA:10,4,0,0
BRDA:10,4,1,0
BRF:10
BRH:0
end_of_record
TN:
SF:/Users/uigirl/ReactProjects/gitty-probot-test/src/components/shared/mixins/clearFix.js
FN:26,clearFix
FNF:1
FNH:1
FNDA:2,clearFix
DA:27,2
DA:28,2
DA:29,2
LF:3
LH:3
BRDA:26,0,0,1
BRF:1
BRH:1
end_of_record
TN:
SF:/Users/uigirl/ReactProjects/gitty-probot-test/src/components/shared/mixins/hideText.js
FN:29,hideText
FNF:1
FNH:1
FNDA:2,hideText
DA:30,2
LF:1
LH:1
BRF:0
BRH:0
end_of_record
TN:
SF:/Users/uigirl/ReactProjects/gitty-probot-test/src/components/shared/mixins/hideVisually.js
FN:34,hideVisually
FNF:1
FNH:1
FNDA:1,hideVisually
DA:35,1
LF:1
LH:1
BRF:0
BRH:0
end_of_record
TN:
SF:/Users/uigirl/ReactProjects/gitty-probot-test/src/components/shared/mixins/rem.js
FN:27,(anonymous_0)
FNF:1
FNH:1
FNDA:1,(anonymous_0)
DA:27,1
DA:28,1
DA:29,1
LF:3
LH:3
BRDA:27,0,0,1
BRF:1
BRH:1
end_of_record
TN:
SF:/Users/uigirl/ReactProjects/gitty-probot-test/src/components/shared/mixins/truncate.js
FN:30,truncate
FNF:1
FNH:1
FNDA:3,truncate
DA:31,3
LF:1
LH:1
BRDA:30,0,0,1
BRF:1
BRH:1
end_of_record
TN:
SF:/Users/uigirl/ReactProjects/gitty-probot-test/src/components/shared/mixins/wordWrap.js
FN:26,wordWrap
FNF:1
FNH:1
FNDA:2,wordWrap
DA:27,2
DA:28,2
LF:2
LH:2
BRDA:26,0,0,1
BRDA:27,1,0,1
BRDA:27,1,1,1
BRF:3
BRH:3
end_of_record
TN:
SF:/Users/uigirl/ReactProjects/gitty-probot-test/src/components/shared/theme/theme-animations.js
FN:38,motionCommon
FN:43,motionCommonLeave
FN:48,makeMotion
FN:72,motionCollapse
FN:81,fadeMotion
FN:93,addFadeMotion
FN:101,moveMotion
FN:113,addMoveMotion
FN:131,slideMotion
FN:143,addSlideMotion
FN:161,swingMotion
FN:172,addSwingMotion
FN:178,zoomMotion
FN:194,addZoomMotion
FNF:14
FNH:0
FNDA:0,motionCommon
FNDA:0,motionCommonLeave
FNDA:0,makeMotion
FNDA:0,motionCollapse
FNDA:0,fadeMotion
FNDA:0,addFadeMotion
FNDA:0,moveMotion
FNDA:0,addMoveMotion
FNDA:0,slideMotion
FNDA:0,addSlideMotion
FNDA:0,swingMotion
FNDA:0,addSwingMotion
FNDA:0,zoomMotion
FNDA:0,addZoomMotion
DA:2,0
DA:3,0
DA:4,0
DA:38,0
DA:43,0
DA:48,0
DA:72,0
DA:81,0
DA:93,0
DA:101,0
DA:113,0
DA:131,0
DA:143,0
DA:161,0
DA:172,0
DA:178,0
DA:194,0
LF:17
LH:0
BRDA:38,0,0,0
BRDA:38,0,1,0
BRDA:38,1,0,0
BRDA:38,1,1,0
BRDA:43,2,0,0
BRDA:43,2,1,0
BRDA:43,3,0,0
BRDA:43,3,1,0
BRDA:48,4,0,0
BRDA:48,4,1,0
BRDA:48,5,0,0
BRDA:48,5,1,0
BRDA:178,6,0,0
BRDA:178,6,1,0
BRDA:178,7,0,0
BRDA:178,7,1,0
BRF:16
BRH:0
end_of_record
TN:
SF:/Users/uigirl/ReactProjects/gitty-probot-test/src/components/shared/theme/theme-colors.js
FNF:0
FNH:0
DA:4,0
DA:5,0
DA:6,0
DA:7,0
DA:8,0
DA:9,0
DA:10,0
DA:13,0
DA:14,0
DA:15,0
DA:16,0
DA:17,0
DA:18,0
DA:19,0
DA:22,0
DA:23,0
DA:24,0
DA:25,0
DA:26,0
DA:27,0
DA:28,0
DA:31,0
DA:32,0
DA:33,0
DA:34,0
DA:35,0
DA:36,0
DA:37,0
DA:40,0
DA:41,0
DA:42,0
DA:43,0
DA:44,0
DA:45,0
DA:46,0
DA:49,0
DA:50,0
DA:51,0
DA:52,0
DA:53,0
DA:54,0
DA:55,0
DA:58,0
DA:59,0
DA:60,0
DA:61,0
DA:62,0
DA:63,0
DA:64,0
DA:65,0
DA:66,0
DA:67,0
DA:68,0
DA:69,0
DA:70,0
DA:71,0
DA:72,0
DA:73,0
DA:74,0
DA:75,0
DA:78,0
DA:81,0
DA:82,0
DA:83,0
DA:84,0
DA:85,0
DA:86,0
DA:87,0
DA:88,0
DA:89,0
DA:90,0
DA:91,0
DA:92,0
DA:93,0
DA:94,0
DA:95,0
DA:96,0
DA:97,0
DA:100,0
DA:101,0
DA:102,0
DA:103,0
DA:104,0
DA:105,0
DA:106,0
DA:107,0
DA:108,0
DA:109,0
DA:110,0
DA:111,0
DA:112,0
DA:113,0
DA:114,0
DA:115,0
DA:116,0
DA:117,0
DA:120,0
DA:123,0
DA:124,0
DA:125,0
DA:126,0
DA:127,0
DA:128,0
DA:129,0
DA:130,0
DA:131,0
DA:132,0
DA:133,0
DA:134,0
DA:135,0
DA:136,0
DA:137,0
DA:138,0
DA:139,0
DA:141,0
DA:143,0
LF:116
LH:0
BRF:0
BRH:0
end_of_record
TN:
SF:/Users/uigirl/ReactProjects/gitty-probot-test/src/components/shared/theme/theme-global-styles.js
FN:186,injectGlobalStyles
FNF:1
FNH:0
FNDA:0,injectGlobalStyles
DA:2,0
DA:3,0
DA:5,0
DA:186,0
DA:188,0
LF:5
LH:0
BRF:0
BRH:0
end_of_record
TN:
SF:/Users/uigirl/ReactProjects/gitty-probot-test/src/components/shared/theme/theme-helper-classes.js
FN:5,injectThemeHelperClasses
FNF:1
FNH:0
FNDA:0,injectThemeHelperClasses
DA:2,0
DA:5,0
LF:2
LH:0
BRF:0
BRH:0
end_of_record
TN:
SF:/Users/uigirl/ReactProjects/gitty-probot-test/src/components/shared/theme/theme-keyframes.js
FN:54,growAndFadeIn
FN:66,shrinkAndFadeOut
FNF:2
FNH:0
FNDA:0,growAndFadeIn
FNDA:0,shrinkAndFadeOut
DA:3,0
DA:5,0
DA:16,0
DA:26,0
DA:36,0
DA:48,0
DA:54,0
DA:66,0
DA:78,0
DA:91,0
DA:104,0
DA:117,0
DA:130,0
DA:143,0
DA:156,0
DA:169,0
DA:182,0
DA:195,0
DA:208,0
DA:221,0
DA:234,0
DA:247,0
DA:260,0
DA:273,0
DA:286,0
DA:305,0
DA:316,0
DA:326,0
DA:336,0
DA:346,0
DA:358,0
DA:370,0
DA:382,0
DA:394,0
DA:406,0
DA:418,0
DA:430,0
LF:37
LH:0
BRF:0
BRH:0
end_of_record
TN:
SF:/Users/uigirl/ReactProjects/gitty-probot-test/src/components/shared/theme/theme-reset.js
FN:23,injectThemeReset
FNF:1
FNH:0
FNDA:0,injectThemeReset
DA:2,0
DA:23,0
LF:2
LH:0
BRF:0
BRH:0
end_of_record
TN:
SF:/Users/uigirl/ReactProjects/gitty-probot-test/src/components/shared/theme/theme-transitions.js
FNF:0
FNH:0
DA:3,0
LF:1
LH:0
BRF:0
BRH:0
end_of_record
TN:
SF:/Users/uigirl/ReactProjects/gitty-probot-test/src/components/shared/theme/theme-typography.js
FN:21,borderRadius
FN:22,gridSize
FN:23,fontSize
FN:24,primaryFontFamily
FN:25,secondaryFontFamily
FN:26,codeFontFamily
FN:29,card
FN:30,dialog
FN:31,navigation
FN:32,layer
FN:33,blanket
FN:34,modal
FN:35,flag
FN:36,spotlight
FN:37,tooltip
FN:40,baseHeading
FN:46,h900
FN:53,h800
FN:60,h700
FN:67,h600
FN:74,h500
FN:81,h400
FN:88,h300
FN:95,h200
FN:101,h100
FNF:25
FNH:0
FNDA:0,borderRadius
FNDA:0,gridSize
FNDA:0,fontSize
FNDA:0,primaryFontFamily
FNDA:0,secondaryFontFamily
FNDA:0,codeFontFamily
FNDA:0,card
FNDA:0,dialog
FNDA:0,navigation
FNDA:0,layer
FNDA:0,blanket
FNDA:0,modal
FNDA:0,flag
FNDA:0,spotlight
FNDA:0,tooltip
FNDA:0,baseHeading
FNDA:0,h900
FNDA:0,h800
FNDA:0,h700
FNDA:0,h600
FNDA:0,h500
FNDA:0,h400
FNDA:0,h300
FNDA:0,h200
FNDA:0,h100
DA:2,0
DA:3,0
DA:4,0
DA:6,0
DA:8,0
DA:10,0
DA:12,0
DA:21,0
DA:22,0
DA:23,0
DA:24,0
DA:25,0
DA:26,0
DA:28,0
DA:29,0
DA:30,0
DA:31,0
DA:32,0
DA:33,0
DA:34,0
DA:35,0
DA:36,0
DA:37,0
DA:40,0
DA:46,0
DA:53,0
DA:60,0
DA:67,0
DA:74,0
DA:81,0
DA:88,0
DA:95,0
DA:101,0
LF:33
LH:0
BRF:0
BRH:0
end_of_record
TN:
SF:/Users/uigirl/ReactProjects/gitty-probot-test/src/components/shared/theme/theme-vars-cache.js
FN:8,makeCacheId
FN:10,resolveConfig
FN:22,themeVars
FN:38,themeMakeCacheId
FN:40,themeResolveConfig
FN:52,extractThemeOrDefault
FNF:6
FNH:0
FNDA:0,makeCacheId
FNDA:0,resolveConfig
FNDA:0,themeVars
FNDA:0,themeMakeCacheId
FNDA:0,themeResolveConfig
FNDA:0,extractThemeOrDefault
DA:2,0
DA:3,0
DA:5,0
DA:7,0
DA:8,0
DA:10,0
DA:11,0
DA:13,0
DA:19,0
DA:23,0
DA:25,0
DA:26,0
DA:29,0
DA:31,0
DA:32,0
DA:34,0
DA:37,0
DA:38,0
DA:40,0
DA:41,0
DA:43,0
DA:49,0
DA:52,0
DA:53,0
DA:55,0
DA:56,0
DA:57,0
DA:60,0
DA:61,0
DA:64,0
DA:66,0
DA:67,0
DA:69,0
LF:33
LH:0
BRDA:8,0,0,0
BRDA:8,0,1,0
BRDA:11,1,0,0
BRDA:11,1,1,0
BRDA:25,2,0,0
BRDA:25,2,1,0
BRDA:39,3,0,0
BRDA:39,3,1,0
BRDA:41,4,0,0
BRDA:41,4,1,0
BRDA:53,5,0,0
BRDA:53,5,1,0
BRDA:56,6,0,0
BRDA:56,6,1,0
BRDA:60,7,0,0
BRDA:60,7,1,0
BRF:16
BRH:0
end_of_record
TN:
SF:/Users/uigirl/ReactProjects/gitty-probot-test/src/components/shared/theme/theme.js
FNF:0
FNH:0
DA:11,0
DA:19,0
DA:20,0
DA:21,0
DA:23,0
DA:32,0
DA:55,0
LF:7
LH:0
BRF:0
BRH:0
end_of_record
TN:
SF:/Users/uigirl/ReactProjects/gitty-probot-test/src/layouts/index.js
FN:26,(anonymous_2)
FN:57,(anonymous_3)
FN:82,Waves
FN:133,Layout
FNF:4
FNH:0
FNDA:0,(anonymous_2)
FNDA:0,(anonymous_3)
FNDA:0,Waves
FNDA:0,Layout
DA:3,0
DA:4,0
DA:5,0
DA:6,0
DA:7,0
DA:9,0
DA:11,0
DA:12,0
DA:13,0
DA:15,0
DA:21,0
DA:22,0
DA:23,0
DA:25,0
DA:26,0
DA:37,0
DA:48,0
DA:56,0
DA:57,0
DA:82,0
DA:133,0
DA:196,0
DA:203,0
LF:23
LH:0
BRDA:27,0,0,0
BRDA:27,0,1,0
BRDA:58,1,0,0
BRDA:58,1,1,0
BRDA:181,2,0,0
BRDA:181,2,1,0
BRDA:187,3,0,0
BRDA:187,3,1,0
BRF:8
BRH:0
end_of_record
TN:
SF:/Users/uigirl/ReactProjects/gitty-probot-test/src/pages/404.js
FN:4,(anonymous_0)
FNF:1
FNH:1
FNDA:1,(anonymous_0)
DA:4,1
DA:5,1
LF:2
LH:2
BRF:0
BRH:0
end_of_record
TN:
SF:/Users/uigirl/ReactProjects/gitty-probot-test/src/pages/index.js
FN:233,(anonymous_3)
FN:319,(anonymous_4)
FNF:2
FNH:0
FNDA:0,(anonymous_3)
FNDA:0,(anonymous_4)
DA:2,0
DA:3,0
DA:5,0
DA:16,0
DA:17,0
DA:18,0
DA:19,0
DA:20,0
DA:22,0
DA:37,0
DA:54,0
DA:60,0
DA:68,0
DA:82,0
DA:91,0
DA:110,0
DA:120,0
DA:136,0
DA:143,0
DA:154,0
DA:159,0
DA:168,0
DA:175,0
DA:180,0
DA:185,0
DA:208,0
DA:231,0
DA:232,0
DA:233,0
DA:238,0
DA:239,0
DA:241,0
DA:319,0
DA:358,0
LF:34
LH:0
BRF:0
BRH:0
end_of_record
TN:
SF:/Users/uigirl/ReactProjects/gitty-probot-test/src/pages/page-2.js
FN:5,SecondPage
FNF:1
FNH:0
FNDA:0,SecondPage
DA:2,0
DA:3,0
DA:5,0
LF:3
LH:0
BRF:0
BRH:0
end_of_record
TN:
SF:/Users/uigirl/ReactProjects/gitty-probot-test/src/templates/chapter.js
FN:245,(anonymous_3)
FN:253,(anonymous_4)
FN:265,(anonymous_5)
FNF:3
FNH:0
FNDA:0,(anonymous_3)
FNDA:0,(anonymous_4)
FNDA:0,(anonymous_5)
DA:3,0
DA:4,0
DA:5,0
DA:7,0
DA:8,0
DA:9,0
DA:10,0
DA:11,0
DA:12,0
DA:13,0
DA:15,0
DA:25,0
DA:36,0
DA:42,0
DA:48,0
DA:117,0
DA:121,0
DA:131,0
DA:142,0
DA:150,0
DA:153,0
DA:158,0
DA:162,0
DA:194,0
DA:232,0
DA:233,0
DA:237,0
DA:238,0
DA:243,0
DA:245,0
DA:247,0
DA:253,0
DA:265,0
DA:339,0
LF:34
LH:0
BRDA:270,0,0,0
BRDA:270,0,1,0
BRDA:284,1,0,0
BRDA:284,1,1,0
BRDA:304,2,0,0
BRDA:304,2,1,0
BRF:6
BRH:0
end_of_record
